2024-06-26 18:42:39.422 [info] Log level: Info
2024-06-26 18:42:39.422 [info] Validating found git in: "git"
2024-06-26 18:42:39.422 [info] Using git "2.39.2" from "git"
2024-06-26 18:43:22.766 [info] > git rev-parse --show-toplevel [38ms]
2024-06-26 18:43:22.834 [info] > git rev-parse --git-dir --git-common-dir [11ms]
2024-06-26 18:43:22.885 [info] Open repository: /home/blessingwilliam195
2024-06-26 18:43:22.953 [info] > git config --get commit.template [38ms]
2024-06-26 18:43:22.981 [info] > git for-each-ref --format=%(refname)%00%(upstream:short)%00%(objectname)%00%(upstream:track)%00%(upstream:remotename)%00%(upstream:remoteref) refs/heads/master refs/remotes/master [41ms]
2024-06-26 18:43:24.065 [info] > git status -z -uall [1065ms]
2024-06-26 18:43:25.648 [info] > git config --get commit.template [232ms]
2024-06-26 18:43:26.330 [info] > git check-ignore -v -z --stdin [26ms]
2024-06-26 18:43:26.580 [info] > git for-each-ref --format=%(refname)%00%(upstream:short)%00%(objectname)%00%(upstream:track)%00%(upstream:remotename)%00%(upstream:remoteref) refs/heads/master refs/remotes/master [736ms]
2024-06-26 18:43:28.041 [info] > git status -z -uall [1388ms]
2024-06-26 18:43:32.693 [info] > git show --textconv :login.html [45ms]
2024-06-26 18:43:32.701 [info] > git ls-files --stage -- /home/blessingwilliam195/login.html [22ms]
2024-06-26 18:43:32.774 [info] > git cat-file -s 67c8d98535133292dfd1fabbb68aae4eda4b77e7 [35ms]
2024-06-26 18:43:33.409 [info] > git config --get commit.template [33ms]
2024-06-26 18:43:33.459 [info] > git for-each-ref --format=%(refname)%00%(upstream:short)%00%(objectname)%00%(upstream:track)%00%(upstream:remotename)%00%(upstream:remoteref) refs/heads/master refs/remotes/master [18ms]
2024-06-26 18:43:34.651 [info] > git status -z -uall [1134ms]
2024-06-26 18:43:39.977 [info] > git config --get commit.template [108ms]
2024-06-26 18:43:39.991 [info] > git for-each-ref --format=%(refname)%00%(upstream:short)%00%(objectname)%00%(upstream:track)%00%(upstream:remotename)%00%(upstream:remoteref) refs/heads/master refs/remotes/master [27ms]
2024-06-26 18:43:40.316 [info] > git status -z -uall [207ms]
2024-06-26 18:43:45.403 [info] > git config --get commit.template [23ms]
2024-06-26 18:43:45.408 [info] > git for-each-ref --format=%(refname)%00%(upstream:short)%00%(objectname)%00%(upstream:track)%00%(upstream:remotename)%00%(upstream:remoteref) refs/heads/master refs/remotes/master [8ms]
2024-06-26 18:43:45.471 [info] > git status -z -uall [53ms]
2024-06-26 18:43:50.539 [info] > git config --get commit.template [13ms]
2024-06-26 18:43:50.542 [info] > git for-each-ref --format=%(refname)%00%(upstream:short)%00%(objectname)%00%(upstream:track)%00%(upstream:remotename)%00%(upstream:remoteref) refs/heads/master refs/remotes/master [6ms]
2024-06-26 18:43:50.603 [info] > git status -z -uall [51ms]
2024-06-26 18:43:55.750 [info] > git config --get commit.template [82ms]
2024-06-26 18:43:55.781 [info] > git for-each-ref --format=%(refname)%00%(upstream:short)%00%(objectname)%00%(upstream:track)%00%(upstream:remotename)%00%(upstream:remoteref) refs/heads/master refs/remotes/master [45ms]
2024-06-26 18:43:55.961 [info] > git status -z -uall [124ms]
2024-06-26 18:45:24.182 [info] > git config --get commit.template [22ms]
2024-06-26 18:45:24.185 [info] > git for-each-ref --format=%(refname)%00%(upstream:short)%00%(objectname)%00%(upstream:track)%00%(upstream:remotename)%00%(upstream:remoteref) refs/heads/master refs/remotes/master [9ms]
2024-06-26 18:45:24.297 [info] > git status -z -uall [100ms]
2024-06-26 18:45:29.348 [info] > git config --get commit.template [7ms]
2024-06-26 18:45:29.386 [info] > git for-each-ref --format=%(refname)%00%(upstream:short)%00%(objectname)%00%(upstream:track)%00%(upstream:remotename)%00%(upstream:remoteref) refs/heads/master refs/remotes/master [17ms]
2024-06-26 18:45:29.469 [info] > git status -z -uall [68ms]
2024-06-26 18:45:34.534 [info] > git config --get commit.template [13ms]
2024-06-26 18:45:34.537 [info] > git for-each-ref --format=%(refname)%00%(upstream:short)%00%(objectname)%00%(upstream:track)%00%(upstream:remotename)%00%(upstream:remoteref) refs/heads/master refs/remotes/master [5ms]
2024-06-26 18:45:34.660 [info] > git status -z -uall [103ms]
2024-06-26 18:46:20.221 [info] > git config --get commit.template [14ms]
2024-06-26 18:46:20.223 [info] > git for-each-ref --format=%(refname)%00%(upstream:short)%00%(objectname)%00%(upstream:track)%00%(upstream:remotename)%00%(upstream:remoteref) refs/heads/master refs/remotes/master [5ms]
2024-06-26 18:46:20.289 [info] > git status -z -uall [56ms]
2024-06-26 18:46:33.965 [info] > git config --get commit.template [15ms]
2024-06-26 18:46:33.968 [info] > git for-each-ref --format=%(refname)%00%(upstream:short)%00%(objectname)%00%(upstream:track)%00%(upstream:remotename)%00%(upstream:remoteref) refs/heads/master refs/remotes/master [5ms]
2024-06-26 18:46:34.029 [info] > git status -z -uall [51ms]
2024-06-26 18:46:39.075 [info] > git config --get commit.template [14ms]
2024-06-26 18:46:39.078 [info] > git for-each-ref --format=%(refname)%00%(upstream:short)%00%(objectname)%00%(upstream:track)%00%(upstream:remotename)%00%(upstream:remoteref) refs/heads/master refs/remotes/master [4ms]
2024-06-26 18:46:39.139 [info] > git status -z -uall [52ms]
2024-06-26 18:48:02.868 [info] > git config --get commit.template [54ms]
2024-06-26 18:48:02.872 [info] > git for-each-ref --format=%(refname)%00%(upstream:short)%00%(objectname)%00%(upstream:track)%00%(upstream:remotename)%00%(upstream:remoteref) refs/heads/master refs/remotes/master [19ms]
2024-06-26 18:48:03.128 [info] > git status -z -uall [229ms]
2024-06-26 18:48:08.240 [info] > git config --get commit.template [23ms]
2024-06-26 18:48:08.245 [info] > git for-each-ref --format=%(refname)%00%(upstream:short)%00%(objectname)%00%(upstream:track)%00%(upstream:remotename)%00%(upstream:remoteref) refs/heads/master refs/remotes/master [7ms]
2024-06-26 18:48:08.310 [info] > git status -z -uall [52ms]
2024-06-26 18:48:13.355 [info] > git config --get commit.template [15ms]
2024-06-26 18:48:13.359 [info] > git for-each-ref --format=%(refname)%00%(upstream:short)%00%(objectname)%00%(upstream:track)%00%(upstream:remotename)%00%(upstream:remoteref) refs/heads/master refs/remotes/master [7ms]
2024-06-26 18:48:13.447 [info] > git status -z -uall [74ms]
2024-06-26 18:48:18.575 [info] > git config --get commit.template [29ms]
2024-06-26 18:48:18.638 [info] > git for-each-ref --format=%(refname)%00%(upstream:short)%00%(objectname)%00%(upstream:track)%00%(upstream:remotename)%00%(upstream:remoteref) refs/heads/master refs/remotes/master [20ms]
2024-06-26 18:48:18.815 [info] > git status -z -uall [109ms]
2024-06-26 18:48:37.606 [info] > git config --get commit.template [15ms]
2024-06-26 18:48:37.609 [info] > git for-each-ref --format=%(refname)%00%(upstream:short)%00%(objectname)%00%(upstream:track)%00%(upstream:remotename)%00%(upstream:remoteref) refs/heads/master refs/remotes/master [5ms]
2024-06-26 18:48:37.698 [info] > git status -z -uall [73ms]
2024-06-26 18:48:42.754 [info] > git config --get commit.template [14ms]
2024-06-26 18:48:42.757 [info] > git for-each-ref --format=%(refname)%00%(upstream:short)%00%(objectname)%00%(upstream:track)%00%(upstream:remotename)%00%(upstream:remoteref) refs/heads/master refs/remotes/master [4ms]
2024-06-26 18:48:42.816 [info] > git status -z -uall [49ms]
2024-06-26 18:48:47.891 [info] > git config --get commit.template [41ms]
2024-06-26 18:48:47.896 [info] > git for-each-ref --format=%(refname)%00%(upstream:short)%00%(objectname)%00%(upstream:track)%00%(upstream:remotename)%00%(upstream:remoteref) refs/heads/master refs/remotes/master [13ms]
2024-06-26 18:48:47.974 [info] > git status -z -uall [61ms]
