2024-06-26 18:42:24.539 [info] Added views:workbench.panel.markers.view in workbench.panel.markers
2024-06-26 18:42:24.539 [info] Added views:workbench.panel.output in workbench.panel.output
2024-06-26 18:42:24.539 [info] Added views:terminal in terminal
2024-06-26 18:42:24.539 [info] Added views:outline in workbench.view.explorer
2024-06-26 18:42:24.539 [info] Added views:workbench.scm in workbench.view.scm
2024-06-26 18:42:24.539 [info] Added views:workbench.view.search in workbench.view.search
2024-06-26 18:42:24.539 [info] Added views:timeline in workbench.view.explorer
2024-06-26 18:42:24.539 [info] Added views:workbench.explorer.emptyView in workbench.view.explorer
2024-06-26 18:42:29.951 [info] Added views:gitlens.views.home,gitlens.views.workspaces,gitlens.views.account in workbench.view.extension.gitlens
2024-06-26 18:42:29.999 [info] Added views:gitlens.views.commitDetails,gitlens.views.lineHistory,gitlens.views.fileHistory,gitlens.views.searchAndCompare in workbench.view.extension.gitlensInspect
2024-06-26 18:42:30.022 [info] Added views:gitlens.views.commits,gitlens.views.branches,gitlens.views.remotes,gitlens.views.stashes,gitlens.views.tags,gitlens.views.contributors in workbench.view.scm
2024-06-26 18:42:35.019 [info] Added views:workbench.debug.variablesView,workbench.debug.watchExpressionsView,workbench.debug.callStackView,workbench.debug.breakPointsView in workbench.view.debug
2024-06-26 18:42:37.114 [info] Added views:workbench.panel.repl.view in workbench.panel.repl
2024-06-26 18:42:37.115 [info] Removed views:workbench.debug.breakPointsView,workbench.debug.callStackView,workbench.debug.watchExpressionsView,workbench.debug.variablesView from workbench.view.debug
2024-06-26 18:42:37.116 [info] Added views:workbench.debug.welcome in workbench.view.debug
2024-06-26 18:42:42.621 [info] Added views:~remote.forwardedPorts in ~remote.forwardedPortsContainer
2024-06-26 18:42:45.038 [info] Removed views:gitlens.views.searchAndCompare,gitlens.views.fileHistory,gitlens.views.lineHistory,gitlens.views.commitDetails from workbench.view.extension.gitlensInspect
2024-06-26 18:42:45.048 [info] Removed views:gitlens.views.contributors,gitlens.views.tags,gitlens.views.stashes,gitlens.views.remotes,gitlens.views.branches,gitlens.views.commits from workbench.view.scm
2024-06-26 18:42:48.276 [info] Added views:gitlens.views.drafts in workbench.view.extension.gitlens
2024-06-26 18:43:26.511 [info] Added views:gitlens.views.graph,gitlens.views.graphDetails in workbench.view.extension.gitlensPanel
2024-06-26 18:43:26.560 [info] Added views:gitlens.views.commitDetails,gitlens.views.lineHistory,gitlens.views.fileHistory,gitlens.views.timeline,gitlens.views.searchAndCompare in workbench.view.extension.gitlensInspect
2024-06-26 18:43:26.583 [info] Added views:gitlens.views.commits,gitlens.views.branches,gitlens.views.remotes,gitlens.views.stashes,gitlens.views.tags,gitlens.views.worktrees,gitlens.views.contributors in workbench.view.scm
