2024-06-20 12:28:28.448 [info] Configuration changed
2024-06-20 12:28:32.986 [info] Configuration changed
2024-06-20 12:31:26.412 [info] Configuration changed
2024-06-20 12:31:27.781 [info] Configuration changed
2024-06-20 12:34:26.455 [info] Active editor: untitled:Untitled-1
2024-06-20 12:37:04.179 [info] Active editor: file:///home/blessingwilliam195/login.html
2024-06-20 12:38:01.452 [info] Active editor: untitled:Untitled-1
2024-06-20 12:38:07.270 [info] Active editor: file:///home/blessingwilliam195/login.html
2024-06-20 12:38:14.021 [info] Active editor: untitled:Untitled-1
2024-06-20 12:39:29.234 [info] Active editor: file:///home/blessingwilliam195/login.html
2024-06-20 12:39:40.213 [info] Active editor: untitled:Untitled-1
2024-06-20 12:41:34.507 [info] Active editor: file:///home/blessingwilliam195/login.html
2024-06-20 12:41:53.141 [info] /home/blessingwilliam195/login.html closed
2024-06-20 12:41:53.169 [info] Active editor: untitled:Untitled-1
2024-06-20 12:42:18.502 [info] Active editor: file:///home/blessingwilliam195/my%20php%20file/login.html
2024-06-20 12:42:53.842 [info] Active editor: file:///home/blessingwilliam195/my%20php%20file/styles.css
2024-06-20 12:43:33.012 [info] Active editor: file:///home/blessingwilliam195/my%20php%20file/forgot_password.html
2024-06-20 12:44:41.100 [info] Active editor: file:///home/blessingwilliam195/my%20php%20file/login.html
2024-06-20 12:45:13.689 [warning] Ignoring slipped selection: [1, 7; 1, 7]
2024-06-20 12:45:23.815 [warning] Ignoring slipped selection: [1, 7; 1, 7]
2024-06-20 12:45:27.439 [warning] Ignoring slipped selection: [1, 7; 1, 7]
2024-06-20 12:45:34.627 [warning] Ignoring slipped selection: [0, 0; 0, 0]
2024-06-20 12:45:41.689 [warning] Ignoring slipped selection: [26, 0; 26, 0]
2024-06-20 12:46:10.087 [info] Active editor: file:///home/blessingwilliam195/my%20php%20file/styles.css
2024-06-20 12:46:36.182 [info] /home/blessingwilliam195/my php file/styles.css closed
2024-06-20 12:46:36.266 [info] Active editor: file:///home/blessingwilliam195/my%20php%20file/login.html
2024-06-20 12:46:36.406 [warning] Ignoring slipped selection: [26, 0; 26, 0]
2024-06-20 12:46:53.200 [warning] Ignoring slipped selection: [0, 0; 0, 0]
2024-06-20 12:47:09.711 [warning] Ignoring slipped selection: [1, 0; 1, 0]
2024-06-20 12:47:20.808 [warning] Ignoring slipped selection: [23, 0; 23, 0]
2024-06-20 12:47:27.022 [info] Active editor: file:///home/blessingwilliam195/my%20php%20file/forgot_password.html
2024-06-20 12:47:30.035 [info] Active editor: file:///home/blessingwilliam195/my%20php%20file/login.html
2024-06-20 12:47:30.100 [warning] Ignoring slipped selection: [23, 0; 23, 0]
2024-06-20 12:47:39.521 [warning] Ignoring slipped selection: [0, 0; 0, 0]
2024-06-20 12:47:46.238 [warning] Ignoring slipped selection: [1, 0; 1, 0]
2024-06-20 12:47:48.295 [warning] Ignoring slipped selection: [27, 0; 27, 0]
2024-06-20 12:47:53.974 [info] Active editor: file:///home/blessingwilliam195/my%20php%20file/forgot_password.html
2024-06-20 12:54:36.542 [info] Active editor: file:///home/blessingwilliam195/my%20php%20file/login.html
2024-06-20 12:54:36.810 [warning] Ignoring slipped selection: [27, 0; 27, 0]
2024-06-20 12:54:39.534 [info] Active editor: file:///home/blessingwilliam195/my%20php%20file/forgot_password.html
2024-06-20 12:55:15.962 [info] Active editor: file:///home/blessingwilliam195/my%20php%20file/login.php
2024-06-20 12:55:35.178 [info] Active editor: file:///home/blessingwilliam195/my%20php%20file/login.php
2024-06-20 12:55:41.912 [info] Active editor: file:///home/blessingwilliam195/my%20php%20file/login.php
2024-06-20 12:56:22.749 [info] Active editor: file:///home/blessingwilliam195/my%20php%20file/contact_form.html
2024-06-20 12:57:08.219 [info] Active editor: file:///home/blessingwilliam195/my%20php%20file/save_contact.php
2024-06-20 12:59:03.046 [info] /embeded.embeddedhtml closed
2024-06-20 13:00:09.571 [info] /embeded.embeddedhtml closed
2024-06-20 13:00:58.973 [info] Active editor: file:///home/blessingwilliam195/my%20php%20file/search_contact.html
2024-06-20 13:01:44.157 [info] Active editor: file:///home/blessingwilliam195/my%20php%20file/search_contact.php
2024-06-20 13:03:01.070 [info] Active editor: file:///home/blessingwilliam195/my%20php%20file/search_contact.html
2024-06-20 13:03:03.864 [info] Active editor: file:///home/blessingwilliam195/my%20php%20file/login.html
2024-06-20 13:03:03.951 [warning] Ignoring slipped selection: [27, 0; 27, 0]
2024-06-20 13:04:46.495 [info] /embeded.embeddedhtml closed
2024-06-20 13:11:04.212 [info] Active editor: file:///home/blessingwilliam195/my%20php%20file/forgot_password.html
2024-06-20 13:11:04.930 [info] Active editor: file:///home/blessingwilliam195/my%20php%20file/login.php
2024-06-20 13:11:06.503 [info] Active editor: file:///home/blessingwilliam195/my%20php%20file/contact_form.html
2024-06-20 13:11:13.128 [info] Active editor: file:///home/blessingwilliam195/my%20php%20file/save_contact.php
2024-06-20 13:11:15.426 [info] Active editor: file:///home/blessingwilliam195/my%20php%20file/search_contact.html
2024-06-20 13:11:19.384 [info] Active editor: file:///home/blessingwilliam195/my%20php%20file/login.html
2024-06-20 13:11:19.583 [warning] Ignoring slipped selection: [27, 0; 27, 0]
2024-06-20 13:14:13.933 [info] /embeded.embeddedhtml closed
