2024-06-22 12:55:07.808 [info] Reading sessions from keychain...
2024-06-22 12:55:07.808 [info] Getting sessions for all scopes...
2024-06-22 12:55:07.808 [info] Getting sessions for all scopes...
2024-06-22 12:55:07.844 [info] Got stored sessions!
2024-06-22 12:55:07.844 [info] Got 1 verified sessions.
2024-06-22 12:55:07.846 [info] Got 1 sessions for ...
2024-06-22 12:55:07.848 [info] Got 1 sessions for ...
2024-06-22 12:55:07.863 [info] Getting sessions for read:user,repo,user:email...
2024-06-22 12:55:07.863 [info] Got 0 sessions for read:user,repo,user:email...
2024-06-22 12:55:09.687 [info] Getting sessions for user:email...
2024-06-22 12:55:09.687 [info] Got 1 sessions for user:email...
2024-06-22 13:14:59.586 [info] Getting sessions for read:user,repo,user:email,workflow...
2024-06-22 13:14:59.587 [info] Got 0 sessions for read:user,repo,user:email,workflow...
2024-06-22 13:15:08.967 [info] Logging in for the following scopes: read:user repo user:email workflow
2024-06-22 13:15:09.144 [info] Trying without local server... (read:user repo user:email workflow)
2024-06-22 13:15:51.874 [info] Exchanging code for token...
2024-06-22 13:15:52.684 [info] Token exchange success!
2024-06-22 13:15:52.710 [info] Getting user info...
2024-06-22 13:15:53.790 [info] Got account info!
2024-06-22 13:15:53.792 [info] Storing 2 sessions...
2024-06-22 13:15:53.815 [info] Reading sessions from keychain...
2024-06-22 13:15:53.816 [info] Stored 2 sessions!
2024-06-22 13:15:53.817 [info] Login success!
2024-06-22 13:15:53.848 [info] Getting sessions for user:email...
2024-06-22 13:15:53.858 [info] Getting sessions for user:email...
2024-06-22 13:15:53.876 [info] Got stored sessions!
2024-06-22 13:15:53.877 [info] Got 2 verified sessions.
2024-06-22 13:15:53.878 [info] Got 1 sessions for user:email...
2024-06-22 13:15:53.878 [info] Got 1 sessions for user:email...
2024-06-22 13:15:53.897 [info] Getting sessions for read:user,repo,user:email...
2024-06-22 13:15:53.897 [info] Got 0 sessions for read:user,repo,user:email...
2024-06-22 13:15:53.952 [info] Getting sessions for read:user,repo,user:email...
2024-06-22 13:15:53.953 [info] Got 0 sessions for read:user,repo,user:email...
2024-06-22 13:20:47.893 [info] Getting sessions for read:user,repo,user:email,workflow...
2024-06-22 13:20:47.897 [info] Got 1 sessions for read:user,repo,user:email,workflow...
2024-06-22 13:51:19.125 [info] Getting sessions for read:user,repo,user:email,workflow...
2024-06-22 13:51:19.142 [info] Got 1 sessions for read:user,repo,user:email,workflow...
2024-06-22 13:52:58.080 [info] Reading sessions from keychain...
2024-06-22 13:52:58.085 [info] Getting sessions for all scopes...
2024-06-22 13:52:58.085 [info] Getting sessions for all scopes...
2024-06-22 13:52:58.085 [info] Got stored sessions!
2024-06-22 13:52:58.085 [info] Got 2 verified sessions.
2024-06-22 13:52:58.086 [info] Got 2 sessions for ...
2024-06-22 13:52:58.086 [info] Got 2 sessions for ...
2024-06-22 13:52:58.227 [info] Getting sessions for read:user,repo,user:email...
2024-06-22 13:52:58.227 [info] Got 0 sessions for read:user,repo,user:email...
2024-06-22 13:52:58.562 [info] Getting sessions for all scopes...
2024-06-22 13:52:58.564 [info] Got 2 sessions for ...
2024-06-22 13:52:59.673 [info] Getting sessions for user:email...
2024-06-22 13:52:59.673 [info] Got 1 sessions for user:email...
2024-06-22 13:53:17.108 [info] Getting sessions for read:user,repo,user:email,workflow...
2024-06-22 13:53:17.110 [info] Got 1 sessions for read:user,repo,user:email,workflow...
2024-06-22 14:00:15.424 [info] Getting sessions for read:user,repo,user:email,workflow...
2024-06-22 14:00:15.425 [info] Got 1 sessions for read:user,repo,user:email,workflow...
2024-06-22 15:28:09.599 [info] Getting sessions for read:user,repo,user:email,workflow...
2024-06-22 15:28:09.600 [info] Got 1 sessions for read:user,repo,user:email,workflow...
2024-06-22 15:28:10.757 [info] Getting sessions for read:user,repo,user:email,workflow...
2024-06-22 15:28:10.757 [info] Got 1 sessions for read:user,repo,user:email,workflow...
