2024-06-20 12:22:32.235 [info] Started initializing default profile extensions in extensions installation folder. file:///home/blessingwilliam195/.vscode/extensions
2024-06-20 12:22:37.718 [info] Completed initializing default profile extensions in extensions installation folder. file:///home/blessingwilliam195/.vscode/extensions
2024-06-20 12:22:38.978 [error] [uncaught exception in sharedProcess]: Error: ENOENT: no such file or directory, stat '/home/blessingwilliam195/.vscode/extensions/extensions.json.vsctmp': EntryNotFound (FileSystemError): Error: ENOENT: no such file or directory, stat '/home/blessingwilliam195/.vscode/extensions/extensions.json.vsctmp'
    at c.create (/usr/share/code/resources/app/out/vs/code/node/sharedProcess/sharedProcessMain.js:53:19235)
    at m (/usr/share/code/resources/app/out/vs/code/node/sharedProcess/sharedProcessMain.js:53:19345)
    at t.hb (/usr/share/code/resources/app/out/vs/code/node/sharedProcess/sharedProcessMain.js:58:36685)
    at t.stat (/usr/share/code/resources/app/out/vs/code/node/sharedProcess/sharedProcessMain.js:58:29033)
    at async b.stat (/usr/share/code/resources/app/out/vs/code/node/sharedProcess/sharedProcessMain.js:58:14899)
    at async H.vb (/usr/share/code/resources/app/out/vs/code/node/sharedProcess/sharedProcessMain.js:104:117665)
2024-06-20 12:27:46.741 [info] Getting Manifest... eamodio.gitlens
2024-06-20 12:27:47.087 [info] Installing extension: eamodio.gitlens vscode-userdata:/home/blessingwilliam195/.vscode/extensions/extensions.json
2024-06-20 12:27:54.088 [info] Getting Manifest... vscodevim.vim
2024-06-20 12:27:54.173 [info] Installing extension: vscodevim.vim vscode-userdata:/home/blessingwilliam195/.vscode/extensions/extensions.json
2024-06-20 12:28:16.567 [info] Extension signature verification result for vscodevim.vim: Success. Executed: true. Duration: 11972ms.
2024-06-20 12:28:16.643 [info] Extension signature verification result for eamodio.gitlens: Success. Executed: true. Duration: 11329ms.
2024-06-20 12:28:17.162 [info] Extracted extension to file:///home/blessingwilliam195/.vscode/extensions/vscodevim.vim-1.27.3: vscodevim.vim
2024-06-20 12:28:17.199 [info] Renamed to /home/blessingwilliam195/.vscode/extensions/vscodevim.vim-1.27.3
2024-06-20 12:28:17.458 [error] [uncaught exception in sharedProcess]: Error: ENOENT: no such file or directory, stat '/home/blessingwilliam195/.vscode/extensions/extensions.json.vsctmp': EntryNotFound (FileSystemError): Error: ENOENT: no such file or directory, stat '/home/blessingwilliam195/.vscode/extensions/extensions.json.vsctmp'
    at c.create (/usr/share/code/resources/app/out/vs/code/node/sharedProcess/sharedProcessMain.js:53:19235)
    at m (/usr/share/code/resources/app/out/vs/code/node/sharedProcess/sharedProcessMain.js:53:19345)
    at t.hb (/usr/share/code/resources/app/out/vs/code/node/sharedProcess/sharedProcessMain.js:58:36685)
    at t.stat (/usr/share/code/resources/app/out/vs/code/node/sharedProcess/sharedProcessMain.js:58:29033)
    at async b.stat (/usr/share/code/resources/app/out/vs/code/node/sharedProcess/sharedProcessMain.js:58:14899)
    at async H.vb (/usr/share/code/resources/app/out/vs/code/node/sharedProcess/sharedProcessMain.js:104:117665)
2024-06-20 12:28:17.864 [info] Extension installed successfully: vscodevim.vim vscode-userdata:/home/blessingwilliam195/.vscode/extensions/extensions.json
2024-06-20 12:28:26.168 [info] Extracted extension to file:///home/blessingwilliam195/.vscode/extensions/eamodio.gitlens-15.1.0: eamodio.gitlens
2024-06-20 12:28:26.313 [info] Renamed to /home/blessingwilliam195/.vscode/extensions/eamodio.gitlens-15.1.0
2024-06-20 12:28:26.517 [error] [uncaught exception in sharedProcess]: Error: ENOENT: no such file or directory, stat '/home/blessingwilliam195/.vscode/extensions/extensions.json.vsctmp': EntryNotFound (FileSystemError): Error: ENOENT: no such file or directory, stat '/home/blessingwilliam195/.vscode/extensions/extensions.json.vsctmp'
    at c.create (/usr/share/code/resources/app/out/vs/code/node/sharedProcess/sharedProcessMain.js:53:19235)
    at m (/usr/share/code/resources/app/out/vs/code/node/sharedProcess/sharedProcessMain.js:53:19345)
    at t.hb (/usr/share/code/resources/app/out/vs/code/node/sharedProcess/sharedProcessMain.js:58:36685)
    at t.stat (/usr/share/code/resources/app/out/vs/code/node/sharedProcess/sharedProcessMain.js:58:29033)
    at async b.stat (/usr/share/code/resources/app/out/vs/code/node/sharedProcess/sharedProcessMain.js:58:14899)
    at async H.vb (/usr/share/code/resources/app/out/vs/code/node/sharedProcess/sharedProcessMain.js:104:117665)
2024-06-20 12:28:26.788 [info] Extension installed successfully: eamodio.gitlens vscode-userdata:/home/blessingwilliam195/.vscode/extensions/extensions.json
2024-06-20 12:28:47.489 [info] Getting Manifest... devsense.phptools-vscode
2024-06-20 12:28:47.875 [info] Installing extension: devsense.phptools-vscode vscode-userdata:/home/blessingwilliam195/.vscode/extensions/extensions.json
2024-06-20 12:28:53.159 [info] Getting Manifest... devsense.composer-php-vscode
2024-06-20 12:28:54.147 [info] Getting Manifest... devsense.profiler-php-vscode
2024-06-20 12:28:54.766 [info] Getting Manifest... devsense.intelli-php-vscode
2024-06-20 12:28:58.555 [info] Installing extension: devsense.composer-php-vscode vscode-userdata:/home/blessingwilliam195/.vscode/extensions/extensions.json
2024-06-20 12:28:58.568 [info] Installing extension: devsense.profiler-php-vscode vscode-userdata:/home/blessingwilliam195/.vscode/extensions/extensions.json
2024-06-20 12:28:58.575 [info] Installing extension: devsense.intelli-php-vscode vscode-userdata:/home/blessingwilliam195/.vscode/extensions/extensions.json
2024-06-20 12:30:15.888 [info] Extension signature verification result for devsense.profiler-php-vscode: Success. Executed: true. Duration: 64441ms.
2024-06-20 12:30:16.130 [info] Extension signature verification result for devsense.composer-php-vscode: Success. Executed: true. Duration: 64849ms.
2024-06-20 12:30:23.295 [info] Extension signature verification result for devsense.phptools-vscode: Success. Executed: true. Duration: 60590ms.
2024-06-20 12:30:24.963 [info] Extracted extension to file:///home/blessingwilliam195/.vscode/extensions/devsense.composer-php-vscode-1.48.15635: devsense.composer-php-vscode
2024-06-20 12:30:25.139 [info] Renamed to /home/blessingwilliam195/.vscode/extensions/devsense.composer-php-vscode-1.48.15635
2024-06-20 12:30:25.510 [info] Extracted extension to file:///home/blessingwilliam195/.vscode/extensions/devsense.profiler-php-vscode-1.48.15635: devsense.profiler-php-vscode
2024-06-20 12:30:25.583 [error] [uncaught exception in sharedProcess]: Error: ENOENT: no such file or directory, stat '/home/blessingwilliam195/.vscode/extensions/extensions.json.vsctmp': EntryNotFound (FileSystemError): Error: ENOENT: no such file or directory, stat '/home/blessingwilliam195/.vscode/extensions/extensions.json.vsctmp'
    at c.create (/usr/share/code/resources/app/out/vs/code/node/sharedProcess/sharedProcessMain.js:53:19235)
    at m (/usr/share/code/resources/app/out/vs/code/node/sharedProcess/sharedProcessMain.js:53:19345)
    at t.hb (/usr/share/code/resources/app/out/vs/code/node/sharedProcess/sharedProcessMain.js:58:36685)
    at t.stat (/usr/share/code/resources/app/out/vs/code/node/sharedProcess/sharedProcessMain.js:58:29033)
    at async b.stat (/usr/share/code/resources/app/out/vs/code/node/sharedProcess/sharedProcessMain.js:58:14899)
    at async H.vb (/usr/share/code/resources/app/out/vs/code/node/sharedProcess/sharedProcessMain.js:104:117665)
2024-06-20 12:30:27.255 [info] Renamed to /home/blessingwilliam195/.vscode/extensions/devsense.profiler-php-vscode-1.48.15635
2024-06-20 12:30:40.304 [info] Extracted extension to file:///home/blessingwilliam195/.vscode/extensions/devsense.phptools-vscode-1.48.15635-linux-x64: devsense.phptools-vscode
2024-06-20 12:30:40.409 [info] Renamed to /home/blessingwilliam195/.vscode/extensions/devsense.phptools-vscode-1.48.15635-linux-x64
2024-06-20 12:30:48.712 [info] Extension signature verification result for devsense.intelli-php-vscode: Success. Executed: true. Duration: 23325ms.
2024-06-20 12:31:21.557 [info] Extracted extension to file:///home/blessingwilliam195/.vscode/extensions/devsense.intelli-php-vscode-0.12.15062-linux-x64: devsense.intelli-php-vscode
2024-06-20 12:31:21.616 [info] Renamed to /home/blessingwilliam195/.vscode/extensions/devsense.intelli-php-vscode-0.12.15062-linux-x64
2024-06-20 12:31:21.854 [error] [uncaught exception in sharedProcess]: Error: ENOENT: no such file or directory, stat '/home/blessingwilliam195/.vscode/extensions/extensions.json.vsctmp': EntryNotFound (FileSystemError): Error: ENOENT: no such file or directory, stat '/home/blessingwilliam195/.vscode/extensions/extensions.json.vsctmp'
    at c.create (/usr/share/code/resources/app/out/vs/code/node/sharedProcess/sharedProcessMain.js:53:19235)
    at m (/usr/share/code/resources/app/out/vs/code/node/sharedProcess/sharedProcessMain.js:53:19345)
    at t.hb (/usr/share/code/resources/app/out/vs/code/node/sharedProcess/sharedProcessMain.js:58:36685)
    at t.stat (/usr/share/code/resources/app/out/vs/code/node/sharedProcess/sharedProcessMain.js:58:29033)
    at async b.stat (/usr/share/code/resources/app/out/vs/code/node/sharedProcess/sharedProcessMain.js:58:14899)
    at async H.vb (/usr/share/code/resources/app/out/vs/code/node/sharedProcess/sharedProcessMain.js:104:117665)
2024-06-20 12:31:23.223 [info] Extension installed successfully: devsense.composer-php-vscode vscode-userdata:/home/blessingwilliam195/.vscode/extensions/extensions.json
2024-06-20 12:31:23.235 [info] Extension installed successfully: devsense.profiler-php-vscode vscode-userdata:/home/blessingwilliam195/.vscode/extensions/extensions.json
2024-06-20 12:31:23.241 [info] Extension installed successfully: devsense.phptools-vscode vscode-userdata:/home/blessingwilliam195/.vscode/extensions/extensions.json
2024-06-20 12:31:23.254 [info] Extension installed successfully: devsense.intelli-php-vscode vscode-userdata:/home/blessingwilliam195/.vscode/extensions/extensions.json
