2024-06-20 12:22:31.052 [info] Using settings sync service https://vscode-sync.trafficmanager.net/
2024-06-20 12:22:31.053 [info] Auto Sync is disabled.
2024-06-20 12:26:05.684 [info] Sync started.
2024-06-20 12:26:07.000 [info] Did reset the local sync state.
2024-06-20 12:26:07.142 [info] Settings: Migrating last sync user data. Resource does not exist.
2024-06-20 12:26:07.143 [info] Settings: Last sync data state does not exist.
2024-06-20 12:26:07.515 [info] Settings: Migrating last sync user data. Resource does not exist.
2024-06-20 12:26:07.519 [info] Settings: Last sync data state does not exist.
2024-06-20 12:26:08.103 [info] Keybindings: Migrating last sync user data. Resource does not exist.
2024-06-20 12:26:08.104 [info] Keybindings: Last sync data state does not exist.
2024-06-20 12:26:08.579 [info] Snippets: Migrating last sync user data. Resource does not exist.
2024-06-20 12:26:08.581 [info] Snippets: Last sync data state does not exist.
2024-06-20 12:26:08.952 [info] Tasks: Migrating last sync user data. Resource does not exist.
2024-06-20 12:26:08.953 [info] Tasks: Last sync data state does not exist.
2024-06-20 12:26:09.243 [info] GlobalState: Migrating last sync user data. Resource does not exist.
2024-06-20 12:26:09.244 [info] GlobalState: Last sync data state does not exist.
2024-06-20 12:26:09.578 [info] Extensions: Migrating last sync user data. Resource does not exist.
2024-06-20 12:26:09.579 [info] Extensions: Last sync data state does not exist.
2024-06-20 12:26:10.550 [info] Profiles: Migrating last sync user data. Resource does not exist.
2024-06-20 12:26:10.551 [info] Profiles: Last sync data state does not exist.
2024-06-20 12:26:10.896 [info] Profiles: Migrating last sync user data. Resource does not exist.
2024-06-20 12:26:10.900 [info] Profiles: Last sync data state does not exist.
2024-06-20 12:26:11.444 [info] Settings: Updated remote settings
2024-06-20 12:26:11.483 [info] Settings: Updated last synchronized settings
2024-06-20 12:26:11.489 [info] Keybindings: No changes found during synchronizing keybindings.
2024-06-20 12:26:11.521 [info] Keybindings: Updated last synchronized keybindings
2024-06-20 12:26:11.526 [info] Snippets: No changes found during synchronizing snippets.
2024-06-20 12:26:11.556 [info] Snippets: Updated last synchronized snippets
2024-06-20 12:26:11.564 [info] Tasks: No changes found during synchronizing tasks.
2024-06-20 12:26:11.600 [info] Tasks: Updated last synchronized tasks
2024-06-20 12:26:11.835 [info] GlobalState: Migrating last sync user data. Resource does not exist.
2024-06-20 12:26:11.838 [info] GlobalState: Last sync data state does not exist.
2024-06-20 12:26:12.449 [info] GlobalState: Updated remote ui state. Added: workbench.panel.markers.hidden,workbench.panel.output.hidden,terminal.hidden,workbench.explorer.views.state.hidden,workbench.scm.views.state.hidden,workbench.view.search.state.hidden,workbench.activityBar.location,workbench.activity.pinnedViewlets2,workbench.panel.pinnedPanels,nps/lastSessionDate,nps/sessionCount,workbench.view.debug.state.hidden,workbench.telemetryOptOutShown,encryption.migratedToGnomeLibsecret,cpp.1.lastSessionDate,cpp.1.sessionCount,java.2.lastSessionDate,java.2.sessionCount,javascript.1.lastSessionDate,javascript.1.sessionCount,typescript.1.lastSessionDate,typescript.1.sessionCount,csharp.1.lastSessionDate,csharp.1.sessionCount,~remote.forwardedPortsContainer.hidden,themeUpdatedNotificationShown,colorThemeData,memento/gettingStartedService,workbench.welcomePage.hiddenCategories.
2024-06-20 12:26:12.545 [info] GlobalState: Updated last synchronized ui state
2024-06-20 12:26:13.135 [info] Extensions: Updated remote extensions. Added: ["vscode.bat","vscode.clojure","vscode.coffeescript","vscode.configuration-editing","vscode.cpp","vscode.csharp","vscode.css","vscode.css-language-features","vscode.dart","vscode.debug-auto-launch","vscode.debug-server-ready","vscode.diff","vscode.docker","vscode.emmet","vscode.extension-editing","vscode.fsharp","vscode.git","vscode.git-base","vscode.github","vscode.github-authentication","vscode.go","vscode.groovy","vscode.grunt","vscode.gulp","vscode.handlebars","vscode.hlsl","vscode.html","vscode.html-language-features","vscode.ini","vscode.ipynb","vscode.jake","vscode.java","vscode.javascript","vscode.json","vscode.json-language-features","vscode.julia","vscode.latex","vscode.less","vscode.log","vscode.lua","vscode.make","vscode.markdown","vscode.markdown-language-features","vscode.markdown-math","vscode.media-preview","vscode.merge-conflict","vscode.microsoft-authentication","ms-vscode.js-debug","ms-vscode.js-debug-companion","ms-vscode.vscode-js-profile-table","vscode.builtin-notebook-renderers","vscode.npm","vscode.objective-c","vscode.perl","vscode.php","vscode.php-language-features","vscode.powershell","vscode.pug","vscode.python","vscode.r","vscode.razor","vscode.references-view","vscode.restructuredtext","vscode.ruby","vscode.rust","vscode.scss","vscode.search-result","vscode.shaderlab","vscode.shellscript","vscode.simple-browser","vscode.sql","vscode.swift","vscode.theme-abyss","vscode.theme-defaults","vscode.theme-kimbie-dark","vscode.theme-monokai","vscode.theme-monokai-dimmed","vscode.theme-quietlight","vscode.theme-red","vscode.vscode-theme-seti","vscode.theme-solarized-dark","vscode.theme-solarized-light","vscode.theme-tomorrow-night-blue","vscode.tunnel-forwarding","vscode.typescript","vscode.typescript-language-features","vscode.vb","vscode.xml","vscode.yaml"].
2024-06-20 12:26:13.152 [info] Extensions: Updated last synchronized extensions.
2024-06-20 12:26:13.168 [info] Profiles: No changes found during synchronizing profiles.
2024-06-20 12:26:13.203 [info] Profiles: Updated last synchronized profiles.
2024-06-20 12:26:13.289 [info] Sync done. Took 7597ms
2024-06-20 12:26:13.382 [info] Auto Sync: Triggered by Interval
2024-06-20 12:26:13.384 [info] Sync started.
2024-06-20 12:26:14.074 [info] Settings: No changes found during synchronizing settings.
2024-06-20 12:26:14.100 [info] Keybindings: No changes found during synchronizing keybindings.
2024-06-20 12:26:14.120 [info] Snippets: No changes found during synchronizing snippets.
2024-06-20 12:26:14.138 [info] Tasks: No changes found during synchronizing tasks.
2024-06-20 12:26:14.966 [info] GlobalState: Updated remote ui state. Updated: memento/gettingStartedService.
2024-06-20 12:26:14.984 [info] GlobalState: Updated last synchronized ui state
2024-06-20 12:26:15.446 [info] Extensions: No changes found during synchronizing extensions.
2024-06-20 12:26:15.474 [info] Profiles: No changes found during synchronizing profiles.
2024-06-20 12:26:15.491 [info] Sync done. Took 2107ms
2024-06-20 12:26:16.021 [info] Auto Sync: Triggered by Activity
2024-06-20 12:26:16.021 [info] Sync started.
2024-06-20 12:26:16.329 [info] Settings: No changes found during synchronizing settings.
2024-06-20 12:26:16.356 [info] Keybindings: No changes found during synchronizing keybindings.
2024-06-20 12:26:16.373 [info] Snippets: No changes found during synchronizing snippets.
2024-06-20 12:26:16.390 [info] Tasks: No changes found during synchronizing tasks.
2024-06-20 12:26:16.414 [info] GlobalState: No changes found during synchronizing ui state.
2024-06-20 12:26:16.738 [info] Extensions: No changes found during synchronizing extensions.
2024-06-20 12:26:16.750 [info] Profiles: No changes found during synchronizing profiles.
2024-06-20 12:26:16.763 [info] Sync done. Took 739ms
2024-06-20 12:26:45.122 [info] Auto Sync: Triggered by Activity
2024-06-20 12:26:45.123 [info] Sync started.
2024-06-20 12:26:45.572 [info] Settings: No changes found during synchronizing settings.
2024-06-20 12:26:45.602 [info] Keybindings: No changes found during synchronizing keybindings.
2024-06-20 12:26:45.630 [info] Snippets: No changes found during synchronizing snippets.
2024-06-20 12:26:45.649 [info] Tasks: No changes found during synchronizing tasks.
2024-06-20 12:26:47.045 [info] GlobalState: Updated remote ui state. Added: github-Blessingwilliam.
2024-06-20 12:26:48.837 [info] GlobalState: Updated last synchronized ui state
2024-06-20 12:26:55.375 [info] Extensions: No changes found during synchronizing extensions.
2024-06-20 12:26:55.464 [info] Profiles: No changes found during synchronizing profiles.
2024-06-20 12:26:55.522 [info] Sync done. Took 10366ms
2024-06-20 12:26:55.526 [info] Auto Sync: Triggered by Activity
2024-06-20 12:26:55.528 [info] Sync started.
2024-06-20 12:26:56.041 [info] Settings: No changes found during synchronizing settings.
2024-06-20 12:26:56.192 [info] Keybindings: No changes found during synchronizing keybindings.
2024-06-20 12:26:56.307 [info] Snippets: No changes found during synchronizing snippets.
2024-06-20 12:26:56.398 [info] Tasks: No changes found during synchronizing tasks.
2024-06-20 12:26:57.476 [info] GlobalState: Updated remote ui state. Added: workbench.view.extensions.state.hidden.
2024-06-20 12:26:57.549 [info] GlobalState: Updated last synchronized ui state
2024-06-20 12:27:00.801 [info] Extensions: No changes found during synchronizing extensions.
2024-06-20 12:27:00.823 [info] Profiles: No changes found during synchronizing profiles.
2024-06-20 12:27:00.862 [info] Sync done. Took 5329ms
2024-06-20 12:27:00.867 [info] Auto Sync: Triggered by Activity
2024-06-20 12:27:00.868 [info] Sync started.
2024-06-20 12:27:02.603 [info] Settings: No changes found during synchronizing settings.
2024-06-20 12:27:03.117 [info] Keybindings: No changes found during synchronizing keybindings.
2024-06-20 12:27:03.214 [info] Snippets: No changes found during synchronizing snippets.
2024-06-20 12:27:04.163 [info] Tasks: No changes found during synchronizing tasks.
2024-06-20 12:27:04.214 [info] GlobalState: No changes found during synchronizing ui state.
2024-06-20 12:27:06.241 [info] Extensions: No changes found during synchronizing extensions.
2024-06-20 12:27:06.287 [info] Profiles: No changes found during synchronizing profiles.
2024-06-20 12:27:06.344 [info] Sync done. Took 5486ms
2024-06-20 12:27:15.315 [info] Auto Sync: Triggered by Activity
2024-06-20 12:27:15.316 [info] Sync started.
2024-06-20 12:27:16.133 [info] Settings: Updated remote settings
2024-06-20 12:27:16.151 [info] Settings: Updated last synchronized settings
2024-06-20 12:27:16.182 [info] Keybindings: No changes found during synchronizing keybindings.
2024-06-20 12:27:16.217 [info] Snippets: No changes found during synchronizing snippets.
2024-06-20 12:27:16.261 [info] Tasks: No changes found during synchronizing tasks.
2024-06-20 12:27:17.135 [info] GlobalState: Updated remote ui state. Updated: colorThemeData.
2024-06-20 12:27:17.149 [info] GlobalState: Updated last synchronized ui state
2024-06-20 12:27:17.846 [info] Extensions: No changes found during synchronizing extensions.
2024-06-20 12:27:17.866 [info] Profiles: No changes found during synchronizing profiles.
2024-06-20 12:27:17.873 [info] Sync done. Took 2555ms
2024-06-20 12:27:29.034 [info] Auto Sync: Triggered by Activity
2024-06-20 12:27:29.039 [info] Sync started.
2024-06-20 12:27:29.885 [info] Settings: Updated remote settings
2024-06-20 12:27:29.916 [info] Settings: Updated last synchronized settings
2024-06-20 12:27:29.961 [info] Keybindings: No changes found during synchronizing keybindings.
2024-06-20 12:27:30.014 [info] Snippets: No changes found during synchronizing snippets.
2024-06-20 12:27:30.030 [info] Tasks: No changes found during synchronizing tasks.
2024-06-20 12:27:30.951 [info] GlobalState: Updated remote ui state. Updated: colorThemeData.
2024-06-20 12:27:30.965 [info] GlobalState: Updated last synchronized ui state
2024-06-20 12:27:31.251 [info] Extensions: No changes found during synchronizing extensions.
2024-06-20 12:27:31.268 [info] Profiles: No changes found during synchronizing profiles.
2024-06-20 12:27:31.281 [info] Sync done. Took 2246ms
2024-06-20 12:27:40.306 [info] Auto Sync: Triggered by Activity
2024-06-20 12:27:40.311 [info] Sync started.
2024-06-20 12:27:41.295 [info] Settings: Updated remote settings
2024-06-20 12:27:41.337 [info] Settings: Updated last synchronized settings
2024-06-20 12:27:41.380 [info] Keybindings: No changes found during synchronizing keybindings.
2024-06-20 12:27:41.458 [info] Snippets: No changes found during synchronizing snippets.
2024-06-20 12:27:41.488 [info] Tasks: No changes found during synchronizing tasks.
2024-06-20 12:27:42.472 [info] GlobalState: Updated remote ui state. Updated: colorThemeData.
2024-06-20 12:27:42.530 [info] GlobalState: Updated last synchronized ui state
2024-06-20 12:27:44.007 [info] Extensions: No changes found during synchronizing extensions.
2024-06-20 12:27:44.028 [info] Profiles: No changes found during synchronizing profiles.
2024-06-20 12:27:44.045 [info] Sync done. Took 3735ms
2024-06-20 12:28:20.755 [info] Auto Sync: Triggered by Activity
2024-06-20 12:28:20.767 [info] Sync started.
2024-06-20 12:28:21.231 [info] Settings: No changes found during synchronizing settings.
2024-06-20 12:28:21.340 [info] Keybindings: No changes found during synchronizing keybindings.
2024-06-20 12:28:21.413 [info] Snippets: No changes found during synchronizing snippets.
2024-06-20 12:28:21.474 [info] Tasks: No changes found during synchronizing tasks.
2024-06-20 12:28:21.537 [info] GlobalState: No changes found during synchronizing ui state.
2024-06-20 12:28:23.105 [info] Extensions: Updated remote extensions. Added: ["vscodevim.vim"].
2024-06-20 12:28:23.128 [info] Extensions: Updated last synchronized extensions.
2024-06-20 12:28:23.151 [info] Profiles: No changes found during synchronizing profiles.
2024-06-20 12:28:23.169 [info] Sync done. Took 2417ms
2024-06-20 12:28:30.411 [info] Auto Sync: Triggered by Activity
2024-06-20 12:28:30.459 [info] Sync started.
2024-06-20 12:28:33.512 [info] Settings: No changes found during synchronizing settings.
2024-06-20 12:28:34.383 [info] Keybindings: No changes found during synchronizing keybindings.
2024-06-20 12:28:34.630 [info] Snippets: No changes found during synchronizing snippets.
2024-06-20 12:28:34.786 [info] Tasks: No changes found during synchronizing tasks.
2024-06-20 12:28:37.002 [info] GlobalState: Updated remote ui state. Added: workbench.view.extension.gitlens.state.hidden,workbench.view.extension.gitlensInspect.state.hidden,workbench.welcomePage.walkthroughMetadata. Updated: workbench.scm.views.state.hidden,workbench.activity.pinnedViewlets2,workbench.panel.pinnedPanels.
2024-06-20 12:28:37.053 [info] GlobalState: Updated last synchronized ui state
2024-06-20 12:28:42.544 [info] Extensions: Updated remote extensions. Added: ["eamodio.gitlens"].
2024-06-20 12:28:43.478 [info] Extensions: Updated last synchronized extensions.
2024-06-20 12:28:43.502 [info] Profiles: No changes found during synchronizing profiles.
2024-06-20 12:28:43.531 [info] Sync done. Took 13161ms
2024-06-20 12:28:43.565 [info] Auto Sync: Triggered by Activity
2024-06-20 12:28:43.566 [info] Sync started.
2024-06-20 12:28:44.119 [info] Settings: No changes found during synchronizing settings.
2024-06-20 12:28:44.300 [info] Keybindings: No changes found during synchronizing keybindings.
2024-06-20 12:28:44.441 [info] Snippets: No changes found during synchronizing snippets.
2024-06-20 12:28:44.620 [info] Tasks: No changes found during synchronizing tasks.
2024-06-20 12:28:44.826 [info] GlobalState: No changes found during synchronizing ui state.
2024-06-20 12:28:47.419 [info] Extensions: No changes found during synchronizing extensions.
2024-06-20 12:28:47.476 [info] Profiles: No changes found during synchronizing profiles.
2024-06-20 12:28:47.614 [info] Sync done. Took 4071ms
2024-06-20 12:28:47.651 [info] Auto Sync: Triggered by Activity
2024-06-20 12:28:47.652 [info] Sync started.
2024-06-20 12:28:50.111 [info] Settings: No changes found during synchronizing settings.
2024-06-20 12:28:53.067 [info] Keybindings: No changes found during synchronizing keybindings.
2024-06-20 12:28:55.153 [info] Snippets: No changes found during synchronizing snippets.
2024-06-20 12:28:56.340 [info] Tasks: No changes found during synchronizing tasks.
2024-06-20 12:28:58.181 [info] GlobalState: No changes found during synchronizing ui state.
2024-06-20 12:29:09.203 [info] Extensions: Updated remote extensions. Updated: ["eamodio.gitlens"].
2024-06-20 12:29:09.563 [info] Extensions: Updated last synchronized extensions.
2024-06-20 12:29:09.769 [info] Profiles: No changes found during synchronizing profiles.
2024-06-20 12:29:09.831 [info] Sync done. Took 21938ms
2024-06-20 12:29:09.832 [info] Auto Sync: Triggered by Activity
2024-06-20 12:29:09.860 [info] Sync started.
2024-06-20 12:29:11.437 [info] Settings: No changes found during synchronizing settings.
2024-06-20 12:29:11.592 [info] Keybindings: No changes found during synchronizing keybindings.
2024-06-20 12:29:12.024 [info] Snippets: No changes found during synchronizing snippets.
2024-06-20 12:29:12.646 [info] Tasks: No changes found during synchronizing tasks.
2024-06-20 12:29:12.748 [info] GlobalState: No changes found during synchronizing ui state.
2024-06-20 12:29:18.154 [info] Extensions: No changes found during synchronizing extensions.
2024-06-20 12:29:18.165 [info] Profiles: No changes found during synchronizing profiles.
2024-06-20 12:29:18.190 [info] Sync done. Took 7598ms
2024-06-20 12:29:30.763 [info] Auto Sync: Triggered by Activity
2024-06-20 12:29:30.945 [info] Sync started.
2024-06-20 12:29:33.536 [info] Settings: No changes found during synchronizing settings.
2024-06-20 12:29:34.218 [info] Keybindings: No changes found during synchronizing keybindings.
2024-06-20 12:29:34.974 [info] Snippets: No changes found during synchronizing snippets.
2024-06-20 12:29:35.513 [info] Tasks: No changes found during synchronizing tasks.
2024-06-20 12:29:35.661 [info] GlobalState: No changes found during synchronizing ui state.
2024-06-20 12:30:02.574 [info] Extensions: No changes found during synchronizing extensions.
2024-06-20 12:30:03.063 [info] Profiles: No changes found during synchronizing profiles.
2024-06-20 12:30:03.096 [info] Sync done. Took 10173ms
2024-06-20 12:31:27.331 [info] Auto Sync: Triggered by Activity
2024-06-20 12:31:27.336 [info] Sync started.
2024-06-20 12:31:28.274 [info] Settings: No changes found during synchronizing settings.
2024-06-20 12:31:28.317 [info] Keybindings: No changes found during synchronizing keybindings.
2024-06-20 12:31:28.394 [info] Snippets: No changes found during synchronizing snippets.
2024-06-20 12:31:28.458 [info] Tasks: No changes found during synchronizing tasks.
2024-06-20 12:31:28.502 [info] GlobalState: No changes found during synchronizing ui state.
2024-06-20 12:31:29.406 [info] Extensions: Updated remote extensions. Added: ["devsense.composer-php-vscode","devsense.intelli-php-vscode","devsense.phptools-vscode","devsense.profiler-php-vscode"].
2024-06-20 12:31:29.417 [info] Extensions: Updated last synchronized extensions.
2024-06-20 12:31:29.519 [info] Profiles: No changes found during synchronizing profiles.
2024-06-20 12:31:29.560 [info] Sync done. Took 2241ms
2024-06-20 12:34:52.060 [info] Auto Sync: Triggered by Activity
2024-06-20 12:34:52.061 [info] Sync started.
2024-06-20 12:34:53.314 [info] Settings: No changes found during synchronizing settings.
2024-06-20 12:34:53.361 [info] Keybindings: No changes found during synchronizing keybindings.
2024-06-20 12:34:53.416 [info] Snippets: No changes found during synchronizing snippets.
2024-06-20 12:34:53.472 [info] Tasks: No changes found during synchronizing tasks.
2024-06-20 12:34:53.509 [info] GlobalState: No changes found during synchronizing ui state.
2024-06-20 12:34:54.542 [info] Extensions: No changes found during synchronizing extensions.
2024-06-20 12:34:54.591 [info] Profiles: No changes found during synchronizing profiles.
2024-06-20 12:34:54.606 [info] Sync done. Took 2556ms
2024-06-20 12:35:54.374 [info] Auto Sync: Triggered by Activity
2024-06-20 12:35:54.376 [info] Sync started.
2024-06-20 12:35:54.848 [info] Settings: No changes found during synchronizing settings.
2024-06-20 12:35:54.903 [info] Keybindings: No changes found during synchronizing keybindings.
2024-06-20 12:35:54.944 [info] Snippets: No changes found during synchronizing snippets.
2024-06-20 12:35:54.979 [info] Tasks: No changes found during synchronizing tasks.
2024-06-20 12:35:55.046 [info] GlobalState: No changes found during synchronizing ui state.
2024-06-20 12:35:56.041 [info] Extensions: No changes found during synchronizing extensions.
2024-06-20 12:35:56.052 [info] Profiles: No changes found during synchronizing profiles.
2024-06-20 12:35:56.074 [info] Sync done. Took 1703ms
2024-06-20 12:36:13.385 [info] Auto Sync: Triggered by Activity
2024-06-20 12:36:13.388 [info] Sync started.
2024-06-20 12:36:13.849 [info] Settings: No changes found during synchronizing settings.
2024-06-20 12:36:13.881 [info] Keybindings: No changes found during synchronizing keybindings.
2024-06-20 12:36:13.922 [info] Snippets: No changes found during synchronizing snippets.
2024-06-20 12:36:13.962 [info] Tasks: No changes found during synchronizing tasks.
2024-06-20 12:36:14.005 [info] GlobalState: No changes found during synchronizing ui state.
2024-06-20 12:36:14.845 [info] Extensions: No changes found during synchronizing extensions.
2024-06-20 12:36:14.854 [info] Profiles: No changes found during synchronizing profiles.
2024-06-20 12:36:14.862 [info] Sync done. Took 1496ms
2024-06-20 12:36:43.118 [info] Auto Sync: Triggered by Activity
2024-06-20 12:36:43.122 [info] Sync started.
2024-06-20 12:36:43.427 [info] Settings: No changes found during synchronizing settings.
2024-06-20 12:36:43.466 [info] Keybindings: No changes found during synchronizing keybindings.
2024-06-20 12:36:43.503 [info] Snippets: No changes found during synchronizing snippets.
2024-06-20 12:36:43.565 [info] Tasks: No changes found during synchronizing tasks.
2024-06-20 12:36:43.661 [info] GlobalState: No changes found during synchronizing ui state.
2024-06-20 12:36:44.692 [info] Extensions: No changes found during synchronizing extensions.
2024-06-20 12:36:44.695 [info] Profiles: No changes found during synchronizing profiles.
2024-06-20 12:36:44.697 [info] Sync done. Took 1564ms
2024-06-20 12:37:06.375 [info] Auto Sync: Triggered by Activity
2024-06-20 12:37:06.376 [info] Sync started.
2024-06-20 12:37:07.046 [info] Settings: No changes found during synchronizing settings.
2024-06-20 12:37:07.267 [info] Keybindings: No changes found during synchronizing keybindings.
2024-06-20 12:37:07.374 [info] Snippets: No changes found during synchronizing snippets.
2024-06-20 12:37:07.474 [info] Tasks: No changes found during synchronizing tasks.
2024-06-20 12:37:07.517 [info] GlobalState: No changes found during synchronizing ui state.
2024-06-20 12:37:09.851 [info] Extensions: No changes found during synchronizing extensions.
2024-06-20 12:37:09.904 [info] Profiles: No changes found during synchronizing profiles.
2024-06-20 12:37:09.921 [info] Sync done. Took 3548ms
2024-06-20 12:37:24.391 [info] Auto Sync: Triggered by Activity
2024-06-20 12:37:24.392 [info] Sync started.
2024-06-20 12:37:24.691 [info] Settings: No changes found during synchronizing settings.
2024-06-20 12:37:24.714 [info] Keybindings: No changes found during synchronizing keybindings.
2024-06-20 12:37:24.736 [info] Snippets: No changes found during synchronizing snippets.
2024-06-20 12:37:24.763 [info] Tasks: No changes found during synchronizing tasks.
2024-06-20 12:37:24.800 [info] GlobalState: No changes found during synchronizing ui state.
2024-06-20 12:37:25.252 [info] Extensions: No changes found during synchronizing extensions.
2024-06-20 12:37:25.261 [info] Profiles: No changes found during synchronizing profiles.
2024-06-20 12:37:25.274 [info] Sync done. Took 883ms
2024-06-20 12:38:31.703 [info] Auto Sync: Triggered by Activity
2024-06-20 12:38:31.744 [info] Sync started.
2024-06-20 12:38:32.124 [info] Settings: No changes found during synchronizing settings.
2024-06-20 12:38:32.152 [info] Keybindings: No changes found during synchronizing keybindings.
2024-06-20 12:38:32.171 [info] Snippets: No changes found during synchronizing snippets.
2024-06-20 12:38:32.205 [info] Tasks: No changes found during synchronizing tasks.
2024-06-20 12:38:32.237 [info] GlobalState: No changes found during synchronizing ui state.
2024-06-20 12:38:32.911 [info] Extensions: No changes found during synchronizing extensions.
2024-06-20 12:38:32.934 [info] Profiles: No changes found during synchronizing profiles.
2024-06-20 12:38:32.980 [info] Sync done. Took 1320ms
2024-06-20 12:39:16.988 [info] Auto Sync: Triggered by Activity
2024-06-20 12:39:16.990 [info] Sync started.
2024-06-20 12:39:17.371 [info] Settings: No changes found during synchronizing settings.
2024-06-20 12:39:17.406 [info] Keybindings: No changes found during synchronizing keybindings.
2024-06-20 12:39:17.454 [info] Snippets: No changes found during synchronizing snippets.
2024-06-20 12:39:17.487 [info] Tasks: No changes found during synchronizing tasks.
2024-06-20 12:39:17.529 [info] GlobalState: No changes found during synchronizing ui state.
2024-06-20 12:39:18.586 [info] Extensions: No changes found during synchronizing extensions.
2024-06-20 12:39:18.623 [info] Profiles: No changes found during synchronizing profiles.
2024-06-20 12:39:18.643 [info] Sync done. Took 1653ms
2024-06-20 12:40:08.542 [info] Auto Sync: Triggered by Activity
2024-06-20 12:40:08.544 [info] Sync started.
2024-06-20 12:40:09.013 [info] Settings: No changes found during synchronizing settings.
2024-06-20 12:40:09.042 [info] Keybindings: No changes found during synchronizing keybindings.
2024-06-20 12:40:09.084 [info] Snippets: No changes found during synchronizing snippets.
2024-06-20 12:40:09.121 [info] Tasks: No changes found during synchronizing tasks.
2024-06-20 12:40:09.156 [info] GlobalState: No changes found during synchronizing ui state.
2024-06-20 12:40:10.172 [info] Extensions: No changes found during synchronizing extensions.
2024-06-20 12:40:10.201 [info] Profiles: No changes found during synchronizing profiles.
2024-06-20 12:40:10.284 [info] Sync done. Took 1725ms
2024-06-20 12:40:45.220 [info] Auto Sync: Triggered by Activity
2024-06-20 12:40:45.221 [info] Sync started.
2024-06-20 12:40:45.613 [info] Settings: No changes found during synchronizing settings.
2024-06-20 12:40:45.640 [info] Keybindings: No changes found during synchronizing keybindings.
2024-06-20 12:40:45.660 [info] Snippets: No changes found during synchronizing snippets.
2024-06-20 12:40:45.683 [info] Tasks: No changes found during synchronizing tasks.
2024-06-20 12:40:45.698 [info] GlobalState: No changes found during synchronizing ui state.
2024-06-20 12:40:46.257 [info] Extensions: No changes found during synchronizing extensions.
2024-06-20 12:40:46.271 [info] Profiles: No changes found during synchronizing profiles.
2024-06-20 12:40:46.293 [info] Sync done. Took 1071ms
2024-06-20 12:41:34.995 [info] Auto Sync: Triggered by Activity
2024-06-20 12:41:35.012 [info] Sync started.
2024-06-20 12:41:35.732 [info] Settings: No changes found during synchronizing settings.
2024-06-20 12:41:35.877 [info] Keybindings: No changes found during synchronizing keybindings.
2024-06-20 12:41:35.968 [info] Snippets: No changes found during synchronizing snippets.
2024-06-20 12:41:36.046 [info] Tasks: No changes found during synchronizing tasks.
2024-06-20 12:41:36.096 [info] GlobalState: No changes found during synchronizing ui state.
2024-06-20 12:41:36.930 [info] Extensions: No changes found during synchronizing extensions.
2024-06-20 12:41:36.944 [info] Profiles: No changes found during synchronizing profiles.
2024-06-20 12:41:36.957 [info] Sync done. Took 1969ms
2024-06-20 12:42:05.966 [info] Auto Sync: Triggered by Activity
2024-06-20 12:42:05.968 [info] Sync started.
2024-06-20 12:42:06.266 [info] Settings: No changes found during synchronizing settings.
2024-06-20 12:42:06.286 [info] Keybindings: No changes found during synchronizing keybindings.
2024-06-20 12:42:06.311 [info] Snippets: No changes found during synchronizing snippets.
2024-06-20 12:42:06.367 [info] Tasks: No changes found during synchronizing tasks.
2024-06-20 12:42:06.473 [info] GlobalState: No changes found during synchronizing ui state.
2024-06-20 12:42:07.023 [info] Extensions: No changes found during synchronizing extensions.
2024-06-20 12:42:07.037 [info] Profiles: No changes found during synchronizing profiles.
2024-06-20 12:42:07.049 [info] Sync done. Took 1083ms
2024-06-20 12:42:20.638 [info] Auto Sync: Triggered by Activity
2024-06-20 12:42:20.639 [info] Sync started.
2024-06-20 12:42:21.016 [info] Settings: No changes found during synchronizing settings.
2024-06-20 12:42:21.040 [info] Keybindings: No changes found during synchronizing keybindings.
2024-06-20 12:42:21.087 [info] Snippets: No changes found during synchronizing snippets.
2024-06-20 12:42:21.118 [info] Tasks: No changes found during synchronizing tasks.
2024-06-20 12:42:21.137 [info] GlobalState: No changes found during synchronizing ui state.
2024-06-20 12:42:21.635 [info] Extensions: No changes found during synchronizing extensions.
2024-06-20 12:42:21.648 [info] Profiles: No changes found during synchronizing profiles.
2024-06-20 12:42:21.677 [info] Sync done. Took 1036ms
2024-06-20 12:42:43.027 [info] Auto Sync: Triggered by Activity
2024-06-20 12:42:43.040 [info] Sync started.
2024-06-20 12:42:43.491 [info] Settings: No changes found during synchronizing settings.
2024-06-20 12:42:43.529 [info] Keybindings: No changes found during synchronizing keybindings.
2024-06-20 12:42:43.564 [info] Snippets: No changes found during synchronizing snippets.
2024-06-20 12:42:43.598 [info] Tasks: No changes found during synchronizing tasks.
2024-06-20 12:42:43.613 [info] GlobalState: No changes found during synchronizing ui state.
2024-06-20 12:42:44.524 [info] Extensions: No changes found during synchronizing extensions.
2024-06-20 12:42:44.530 [info] Profiles: No changes found during synchronizing profiles.
2024-06-20 12:42:44.540 [info] Sync done. Took 1529ms
2024-06-20 12:42:56.216 [info] Auto Sync: Triggered by Activity
2024-06-20 12:42:56.235 [info] Sync started.
2024-06-20 12:42:57.069 [info] Settings: No changes found during synchronizing settings.
2024-06-20 12:42:57.161 [info] Keybindings: No changes found during synchronizing keybindings.
2024-06-20 12:42:57.256 [info] Snippets: No changes found during synchronizing snippets.
2024-06-20 12:42:57.348 [info] Tasks: No changes found during synchronizing tasks.
2024-06-20 12:42:57.449 [info] GlobalState: No changes found during synchronizing ui state.
2024-06-20 12:42:59.457 [info] Extensions: No changes found during synchronizing extensions.
2024-06-20 12:42:59.498 [info] Profiles: No changes found during synchronizing profiles.
2024-06-20 12:42:59.537 [info] Sync done. Took 3321ms
2024-06-20 12:43:24.610 [info] Auto Sync: Triggered by Activity
2024-06-20 12:43:24.611 [info] Sync started.
2024-06-20 12:43:25.062 [info] Settings: No changes found during synchronizing settings.
2024-06-20 12:43:25.086 [info] Keybindings: No changes found during synchronizing keybindings.
2024-06-20 12:43:25.108 [info] Snippets: No changes found during synchronizing snippets.
2024-06-20 12:43:25.129 [info] Tasks: No changes found during synchronizing tasks.
2024-06-20 12:43:25.150 [info] GlobalState: No changes found during synchronizing ui state.
2024-06-20 12:43:25.585 [info] Extensions: No changes found during synchronizing extensions.
2024-06-20 12:43:25.594 [info] Profiles: No changes found during synchronizing profiles.
2024-06-20 12:43:25.607 [info] Sync done. Took 998ms
2024-06-20 12:43:40.700 [info] Auto Sync: Triggered by Activity
2024-06-20 12:43:40.701 [info] Sync started.
2024-06-20 12:43:41.301 [info] Settings: No changes found during synchronizing settings.
2024-06-20 12:43:41.330 [info] Keybindings: No changes found during synchronizing keybindings.
2024-06-20 12:43:41.385 [info] Snippets: No changes found during synchronizing snippets.
2024-06-20 12:43:41.421 [info] Tasks: No changes found during synchronizing tasks.
2024-06-20 12:43:41.451 [info] GlobalState: No changes found during synchronizing ui state.
2024-06-20 12:43:42.598 [info] Extensions: No changes found during synchronizing extensions.
2024-06-20 12:43:42.630 [info] Profiles: No changes found during synchronizing profiles.
2024-06-20 12:43:42.642 [info] Sync done. Took 1940ms
2024-06-20 12:44:43.645 [info] Auto Sync: Triggered by Activity
2024-06-20 12:44:43.646 [info] Sync started.
2024-06-20 12:44:43.990 [info] Settings: No changes found during synchronizing settings.
2024-06-20 12:44:44.024 [info] Keybindings: No changes found during synchronizing keybindings.
2024-06-20 12:44:44.048 [info] Snippets: No changes found during synchronizing snippets.
2024-06-20 12:44:44.073 [info] Tasks: No changes found during synchronizing tasks.
2024-06-20 12:44:44.102 [info] GlobalState: No changes found during synchronizing ui state.
2024-06-20 12:44:45.265 [info] Extensions: No changes found during synchronizing extensions.
2024-06-20 12:44:45.271 [info] Profiles: No changes found during synchronizing profiles.
2024-06-20 12:44:45.291 [info] Sync done. Took 1646ms
2024-06-20 12:45:40.607 [info] Auto Sync: Triggered by Activity
2024-06-20 12:45:40.612 [info] Sync started.
2024-06-20 12:45:40.923 [info] Settings: No changes found during synchronizing settings.
2024-06-20 12:45:40.946 [info] Keybindings: No changes found during synchronizing keybindings.
2024-06-20 12:45:40.968 [info] Snippets: No changes found during synchronizing snippets.
2024-06-20 12:45:40.999 [info] Tasks: No changes found during synchronizing tasks.
2024-06-20 12:45:41.010 [info] GlobalState: No changes found during synchronizing ui state.
2024-06-20 12:45:41.696 [info] Extensions: No changes found during synchronizing extensions.
2024-06-20 12:45:41.727 [info] Profiles: No changes found during synchronizing profiles.
2024-06-20 12:45:41.752 [info] Sync done. Took 1133ms
2024-06-20 12:46:38.474 [info] Auto Sync: Triggered by Activity
2024-06-20 12:46:38.475 [info] Sync started.
2024-06-20 12:46:38.963 [info] Settings: No changes found during synchronizing settings.
2024-06-20 12:46:39.103 [info] Keybindings: No changes found during synchronizing keybindings.
2024-06-20 12:46:39.228 [info] Snippets: No changes found during synchronizing snippets.
2024-06-20 12:46:39.360 [info] Tasks: No changes found during synchronizing tasks.
2024-06-20 12:46:39.407 [info] GlobalState: No changes found during synchronizing ui state.
2024-06-20 12:46:41.334 [info] Extensions: No changes found during synchronizing extensions.
2024-06-20 12:46:41.359 [info] Profiles: No changes found during synchronizing profiles.
2024-06-20 12:46:41.385 [info] Sync done. Took 2909ms
2024-06-20 12:47:00.021 [info] Auto Sync: Triggered by Activity
2024-06-20 12:47:00.021 [info] Sync started.
2024-06-20 12:47:00.402 [info] Settings: No changes found during synchronizing settings.
2024-06-20 12:47:00.419 [info] Keybindings: No changes found during synchronizing keybindings.
2024-06-20 12:47:00.439 [info] Snippets: No changes found during synchronizing snippets.
2024-06-20 12:47:00.457 [info] Tasks: No changes found during synchronizing tasks.
2024-06-20 12:47:00.476 [info] GlobalState: No changes found during synchronizing ui state.
2024-06-20 12:47:00.880 [info] Extensions: No changes found during synchronizing extensions.
2024-06-20 12:47:00.892 [info] Profiles: No changes found during synchronizing profiles.
2024-06-20 12:47:00.901 [info] Sync done. Took 879ms
2024-06-20 12:47:12.654 [info] Auto Sync: Triggered by Activity
2024-06-20 12:47:12.655 [info] Sync started.
2024-06-20 12:47:12.985 [info] Settings: No changes found during synchronizing settings.
2024-06-20 12:47:13.003 [info] Keybindings: No changes found during synchronizing keybindings.
2024-06-20 12:47:13.027 [info] Snippets: No changes found during synchronizing snippets.
2024-06-20 12:47:13.045 [info] Tasks: No changes found during synchronizing tasks.
2024-06-20 12:47:13.071 [info] GlobalState: No changes found during synchronizing ui state.
2024-06-20 12:47:14.023 [info] Extensions: No changes found during synchronizing extensions.
2024-06-20 12:47:14.052 [info] Profiles: No changes found during synchronizing profiles.
2024-06-20 12:47:14.072 [info] Sync done. Took 1415ms
2024-06-20 12:47:49.164 [info] Auto Sync: Triggered by Activity
2024-06-20 12:47:49.168 [info] Sync started.
2024-06-20 12:47:49.544 [info] Settings: No changes found during synchronizing settings.
2024-06-20 12:47:49.580 [info] Keybindings: No changes found during synchronizing keybindings.
2024-06-20 12:47:49.617 [info] Snippets: No changes found during synchronizing snippets.
2024-06-20 12:47:49.657 [info] Tasks: No changes found during synchronizing tasks.
2024-06-20 12:47:49.731 [info] GlobalState: No changes found during synchronizing ui state.
2024-06-20 12:47:51.008 [info] Extensions: No changes found during synchronizing extensions.
2024-06-20 12:47:51.010 [info] Profiles: No changes found during synchronizing profiles.
2024-06-20 12:47:51.035 [info] Sync done. Took 1868ms
2024-06-20 12:48:50.545 [info] Auto Sync: Triggered by Activity
2024-06-20 12:48:50.546 [info] Sync started.
2024-06-20 12:48:50.875 [info] Settings: No changes found during synchronizing settings.
2024-06-20 12:48:50.897 [info] Keybindings: No changes found during synchronizing keybindings.
2024-06-20 12:48:50.915 [info] Snippets: No changes found during synchronizing snippets.
2024-06-20 12:48:50.946 [info] Tasks: No changes found during synchronizing tasks.
2024-06-20 12:48:50.980 [info] GlobalState: No changes found during synchronizing ui state.
2024-06-20 12:48:51.532 [info] Extensions: No changes found during synchronizing extensions.
2024-06-20 12:48:51.573 [info] Profiles: No changes found during synchronizing profiles.
2024-06-20 12:48:51.624 [info] Sync done. Took 1074ms
2024-06-20 12:49:46.468 [info] Auto Sync: Triggered by Activity
2024-06-20 12:49:46.470 [info] Sync started.
2024-06-20 12:49:46.798 [info] Settings: No changes found during synchronizing settings.
2024-06-20 12:49:46.842 [info] Keybindings: No changes found during synchronizing keybindings.
2024-06-20 12:49:46.888 [info] Snippets: No changes found during synchronizing snippets.
2024-06-20 12:49:46.925 [info] Tasks: No changes found during synchronizing tasks.
2024-06-20 12:49:46.953 [info] GlobalState: No changes found during synchronizing ui state.
2024-06-20 12:49:47.611 [info] Extensions: No changes found during synchronizing extensions.
2024-06-20 12:49:47.623 [info] Profiles: No changes found during synchronizing profiles.
2024-06-20 12:49:47.640 [info] Sync done. Took 1169ms
2024-06-20 12:54:29.359 [info] Auto Sync: Triggered by Activity
2024-06-20 12:54:29.360 [info] Sync started.
2024-06-20 12:54:30.776 [info] Settings: No changes found during synchronizing settings.
2024-06-20 12:54:30.893 [info] Keybindings: No changes found during synchronizing keybindings.
2024-06-20 12:54:30.992 [info] Snippets: No changes found during synchronizing snippets.
2024-06-20 12:54:31.046 [info] Tasks: No changes found during synchronizing tasks.
2024-06-20 12:54:31.090 [info] GlobalState: No changes found during synchronizing ui state.
2024-06-20 12:54:32.879 [info] Extensions: No changes found during synchronizing extensions.
2024-06-20 12:54:32.883 [info] Profiles: No changes found during synchronizing profiles.
2024-06-20 12:54:32.885 [info] Sync done. Took 3474ms
2024-06-20 12:54:45.469 [info] Auto Sync: Triggered by Activity
2024-06-20 12:54:45.470 [info] Sync started.
2024-06-20 12:54:45.912 [info] Settings: No changes found during synchronizing settings.
2024-06-20 12:54:45.991 [info] Keybindings: No changes found during synchronizing keybindings.
2024-06-20 12:54:46.106 [info] Snippets: No changes found during synchronizing snippets.
2024-06-20 12:54:46.196 [info] Tasks: No changes found during synchronizing tasks.
2024-06-20 12:54:46.315 [info] GlobalState: No changes found during synchronizing ui state.
2024-06-20 12:54:46.934 [info] Extensions: No changes found during synchronizing extensions.
2024-06-20 12:54:46.949 [info] Profiles: No changes found during synchronizing profiles.
2024-06-20 12:54:46.969 [info] Sync done. Took 1489ms
2024-06-20 12:55:10.136 [info] Auto Sync: Triggered by Activity
2024-06-20 12:55:10.137 [info] Sync started.
2024-06-20 12:55:10.502 [info] Settings: No changes found during synchronizing settings.
2024-06-20 12:55:10.524 [info] Keybindings: No changes found during synchronizing keybindings.
2024-06-20 12:55:10.541 [info] Snippets: No changes found during synchronizing snippets.
2024-06-20 12:55:10.563 [info] Tasks: No changes found during synchronizing tasks.
2024-06-20 12:55:10.584 [info] GlobalState: No changes found during synchronizing ui state.
2024-06-20 12:55:11.113 [info] Extensions: No changes found during synchronizing extensions.
2024-06-20 12:55:11.123 [info] Profiles: No changes found during synchronizing profiles.
2024-06-20 12:55:11.133 [info] Sync done. Took 1000ms
2024-06-20 12:55:23.080 [info] Auto Sync: Triggered by Activity
2024-06-20 12:55:23.124 [info] Sync started.
2024-06-20 12:55:24.099 [info] Settings: No changes found during synchronizing settings.
2024-06-20 12:55:24.268 [info] Keybindings: No changes found during synchronizing keybindings.
2024-06-20 12:55:24.319 [info] Snippets: No changes found during synchronizing snippets.
2024-06-20 12:55:24.435 [info] Tasks: No changes found during synchronizing tasks.
2024-06-20 12:55:24.507 [info] GlobalState: No changes found during synchronizing ui state.
2024-06-20 12:55:27.484 [info] Extensions: No changes found during synchronizing extensions.
2024-06-20 12:55:28.197 [info] Profiles: No changes found during synchronizing profiles.
2024-06-20 12:55:28.281 [info] Sync done. Took 5259ms
2024-06-20 12:55:31.073 [info] Auto Sync: Triggered by Activity
2024-06-20 12:55:31.199 [info] Sync started.
2024-06-20 12:55:31.791 [info] Settings: No changes found during synchronizing settings.
2024-06-20 12:55:31.838 [info] Keybindings: No changes found during synchronizing keybindings.
2024-06-20 12:55:31.925 [info] Snippets: No changes found during synchronizing snippets.
2024-06-20 12:55:31.973 [info] Tasks: No changes found during synchronizing tasks.
2024-06-20 12:55:33.179 [info] GlobalState: Updated remote ui state. Added: workbench.view.extension.test.state.hidden.
2024-06-20 12:55:33.216 [info] GlobalState: Updated last synchronized ui state
2024-06-20 12:55:37.558 [info] Extensions: No changes found during synchronizing extensions.
2024-06-20 12:55:37.761 [info] Profiles: No changes found during synchronizing profiles.
2024-06-20 12:55:38.005 [info] Sync done. Took 6933ms
2024-06-20 12:55:44.532 [info] Auto Sync: Triggered by Activity
2024-06-20 12:55:44.558 [info] Sync started.
2024-06-20 12:55:45.780 [info] Settings: No changes found during synchronizing settings.
2024-06-20 12:55:45.868 [info] Keybindings: No changes found during synchronizing keybindings.
2024-06-20 12:55:45.956 [info] Snippets: No changes found during synchronizing snippets.
2024-06-20 12:55:46.045 [info] Tasks: No changes found during synchronizing tasks.
2024-06-20 12:55:46.123 [info] GlobalState: No changes found during synchronizing ui state.
2024-06-20 12:55:49.955 [info] Extensions: No changes found during synchronizing extensions.
2024-06-20 12:55:49.999 [info] Profiles: No changes found during synchronizing profiles.
2024-06-20 12:55:50.050 [info] Sync done. Took 5598ms
2024-06-20 12:56:13.815 [info] Auto Sync: Triggered by Activity
2024-06-20 12:56:13.816 [info] Sync started.
2024-06-20 12:56:14.187 [info] Settings: No changes found during synchronizing settings.
2024-06-20 12:56:14.209 [info] Keybindings: No changes found during synchronizing keybindings.
2024-06-20 12:56:14.229 [info] Snippets: No changes found during synchronizing snippets.
2024-06-20 12:56:14.252 [info] Tasks: No changes found during synchronizing tasks.
2024-06-20 12:56:14.269 [info] GlobalState: No changes found during synchronizing ui state.
2024-06-20 12:56:14.950 [info] Extensions: No changes found during synchronizing extensions.
2024-06-20 12:56:14.963 [info] Profiles: No changes found during synchronizing profiles.
2024-06-20 12:56:14.970 [info] Sync done. Took 1165ms
2024-06-20 12:56:37.782 [info] Auto Sync: Triggered by Activity
2024-06-20 12:56:37.784 [info] Sync started.
2024-06-20 12:56:38.189 [info] Settings: No changes found during synchronizing settings.
2024-06-20 12:56:38.269 [info] Keybindings: No changes found during synchronizing keybindings.
2024-06-20 12:56:38.316 [info] Snippets: No changes found during synchronizing snippets.
2024-06-20 12:56:38.350 [info] Tasks: No changes found during synchronizing tasks.
2024-06-20 12:56:38.374 [info] GlobalState: No changes found during synchronizing ui state.
2024-06-20 12:56:39.473 [info] Extensions: No changes found during synchronizing extensions.
2024-06-20 12:56:39.496 [info] Profiles: No changes found during synchronizing profiles.
2024-06-20 12:56:39.530 [info] Sync done. Took 1749ms
2024-06-20 12:56:54.897 [info] Auto Sync: Triggered by Activity
2024-06-20 12:56:54.899 [info] Sync started.
2024-06-20 12:56:55.234 [info] Settings: No changes found during synchronizing settings.
2024-06-20 12:56:55.257 [info] Keybindings: No changes found during synchronizing keybindings.
2024-06-20 12:56:55.278 [info] Snippets: No changes found during synchronizing snippets.
2024-06-20 12:56:55.330 [info] Tasks: No changes found during synchronizing tasks.
2024-06-20 12:56:55.347 [info] GlobalState: No changes found during synchronizing ui state.
2024-06-20 12:56:55.779 [info] Extensions: No changes found during synchronizing extensions.
2024-06-20 12:56:55.789 [info] Profiles: No changes found during synchronizing profiles.
2024-06-20 12:56:55.797 [info] Sync done. Took 901ms
2024-06-20 12:57:10.048 [info] Auto Sync: Triggered by Activity
2024-06-20 12:57:10.049 [info] Sync started.
2024-06-20 12:57:10.543 [info] Settings: No changes found during synchronizing settings.
2024-06-20 12:57:10.588 [info] Keybindings: No changes found during synchronizing keybindings.
2024-06-20 12:57:10.651 [info] Snippets: No changes found during synchronizing snippets.
2024-06-20 12:57:10.696 [info] Tasks: No changes found during synchronizing tasks.
2024-06-20 12:57:10.716 [info] GlobalState: No changes found during synchronizing ui state.
2024-06-20 12:57:11.577 [info] Extensions: No changes found during synchronizing extensions.
2024-06-20 12:57:11.587 [info] Profiles: No changes found during synchronizing profiles.
2024-06-20 12:57:11.599 [info] Sync done. Took 1551ms
2024-06-20 12:58:27.739 [info] Auto Sync: Triggered by Activity
2024-06-20 12:58:27.742 [info] Sync started.
2024-06-20 12:58:28.132 [info] Settings: No changes found during synchronizing settings.
2024-06-20 12:58:28.152 [info] Keybindings: No changes found during synchronizing keybindings.
2024-06-20 12:58:28.170 [info] Snippets: No changes found during synchronizing snippets.
2024-06-20 12:58:28.187 [info] Tasks: No changes found during synchronizing tasks.
2024-06-20 12:58:28.201 [info] GlobalState: No changes found during synchronizing ui state.
2024-06-20 12:58:28.618 [info] Extensions: No changes found during synchronizing extensions.
2024-06-20 12:58:28.626 [info] Profiles: No changes found during synchronizing profiles.
2024-06-20 12:58:28.640 [info] Sync done. Took 903ms
2024-06-20 13:00:23.822 [info] Auto Sync: Triggered by Activity
2024-06-20 13:00:23.842 [info] Sync started.
2024-06-20 13:00:24.453 [info] Settings: No changes found during synchronizing settings.
2024-06-20 13:00:24.525 [info] Keybindings: No changes found during synchronizing keybindings.
2024-06-20 13:00:24.567 [info] Snippets: No changes found during synchronizing snippets.
2024-06-20 13:00:24.593 [info] Tasks: No changes found during synchronizing tasks.
2024-06-20 13:00:24.613 [info] GlobalState: No changes found during synchronizing ui state.
2024-06-20 13:00:25.351 [info] Extensions: No changes found during synchronizing extensions.
2024-06-20 13:00:25.399 [info] Profiles: No changes found during synchronizing profiles.
2024-06-20 13:00:25.434 [info] Sync done. Took 1673ms
2024-06-20 13:00:49.280 [info] Auto Sync: Triggered by Activity
2024-06-20 13:00:49.282 [info] Sync started.
2024-06-20 13:00:49.614 [info] Settings: No changes found during synchronizing settings.
2024-06-20 13:00:49.639 [info] Keybindings: No changes found during synchronizing keybindings.
2024-06-20 13:00:49.659 [info] Snippets: No changes found during synchronizing snippets.
2024-06-20 13:00:49.676 [info] Tasks: No changes found during synchronizing tasks.
2024-06-20 13:00:49.697 [info] GlobalState: No changes found during synchronizing ui state.
2024-06-20 13:00:50.645 [info] Extensions: No changes found during synchronizing extensions.
2024-06-20 13:00:50.690 [info] Profiles: No changes found during synchronizing profiles.
2024-06-20 13:00:50.700 [info] Sync done. Took 1419ms
2024-06-20 13:01:06.093 [info] Auto Sync: Triggered by Activity
2024-06-20 13:01:06.103 [info] Sync started.
2024-06-20 13:01:06.469 [info] Settings: No changes found during synchronizing settings.
2024-06-20 13:01:06.517 [info] Keybindings: No changes found during synchronizing keybindings.
2024-06-20 13:01:06.567 [info] Snippets: No changes found during synchronizing snippets.
2024-06-20 13:01:06.608 [info] Tasks: No changes found during synchronizing tasks.
2024-06-20 13:01:06.623 [info] GlobalState: No changes found during synchronizing ui state.
2024-06-20 13:01:07.572 [info] Extensions: No changes found during synchronizing extensions.
2024-06-20 13:01:07.592 [info] Profiles: No changes found during synchronizing profiles.
2024-06-20 13:01:07.606 [info] Sync done. Took 1531ms
2024-06-20 13:01:26.332 [info] Auto Sync: Triggered by Activity
2024-06-20 13:01:26.332 [info] Sync started.
2024-06-20 13:01:26.641 [info] Settings: No changes found during synchronizing settings.
2024-06-20 13:01:26.657 [info] Keybindings: No changes found during synchronizing keybindings.
2024-06-20 13:01:26.677 [info] Snippets: No changes found during synchronizing snippets.
2024-06-20 13:01:26.695 [info] Tasks: No changes found during synchronizing tasks.
2024-06-20 13:01:26.717 [info] GlobalState: No changes found during synchronizing ui state.
2024-06-20 13:01:28.402 [info] Extensions: No changes found during synchronizing extensions.
2024-06-20 13:01:29.198 [info] Profiles: No changes found during synchronizing profiles.
2024-06-20 13:01:29.203 [info] Sync done. Took 1960ms
2024-06-20 13:01:46.092 [info] Auto Sync: Triggered by Activity
2024-06-20 13:01:46.093 [info] Sync started.
2024-06-20 13:01:46.636 [info] Settings: No changes found during synchronizing settings.
2024-06-20 13:01:46.955 [info] Keybindings: No changes found during synchronizing keybindings.
2024-06-20 13:01:46.991 [info] Snippets: No changes found during synchronizing snippets.
2024-06-20 13:01:47.032 [info] Tasks: No changes found during synchronizing tasks.
2024-06-20 13:01:47.062 [info] GlobalState: No changes found during synchronizing ui state.
2024-06-20 13:01:48.441 [info] Extensions: No changes found during synchronizing extensions.
2024-06-20 13:01:48.461 [info] Profiles: No changes found during synchronizing profiles.
2024-06-20 13:01:48.499 [info] Sync done. Took 2403ms
2024-06-20 13:02:35.824 [info] Auto Sync: Triggered by Activity
2024-06-20 13:02:35.826 [info] Sync started.
2024-06-20 13:02:36.193 [info] Settings: No changes found during synchronizing settings.
2024-06-20 13:02:36.236 [info] Keybindings: No changes found during synchronizing keybindings.
2024-06-20 13:02:36.326 [info] Snippets: No changes found during synchronizing snippets.
2024-06-20 13:02:36.402 [info] Tasks: No changes found during synchronizing tasks.
2024-06-20 13:02:36.449 [info] GlobalState: No changes found during synchronizing ui state.
2024-06-20 13:02:38.166 [info] Extensions: No changes found during synchronizing extensions.
2024-06-20 13:02:38.198 [info] Profiles: No changes found during synchronizing profiles.
2024-06-20 13:02:38.215 [info] Sync done. Took 2390ms
2024-06-20 13:02:47.828 [info] Auto Sync: Triggered by Activity
2024-06-20 13:02:47.835 [info] Sync started.
2024-06-20 13:02:48.328 [info] Settings: No changes found during synchronizing settings.
2024-06-20 13:02:48.441 [info] Keybindings: No changes found during synchronizing keybindings.
2024-06-20 13:02:48.499 [info] Snippets: No changes found during synchronizing snippets.
2024-06-20 13:02:48.583 [info] Tasks: No changes found during synchronizing tasks.
2024-06-20 13:02:49.529 [info] GlobalState: Updated remote ui state. Updated: workbench.explorer.views.state.hidden.
2024-06-20 13:02:49.547 [info] GlobalState: Updated last synchronized ui state
2024-06-20 13:02:49.963 [info] Extensions: No changes found during synchronizing extensions.
2024-06-20 13:02:49.973 [info] Profiles: No changes found during synchronizing profiles.
2024-06-20 13:02:49.989 [info] Sync done. Took 2164ms
2024-06-20 13:02:50.390 [info] Auto Sync: Triggered by Activity
2024-06-20 13:02:50.391 [info] Sync started.
2024-06-20 13:02:50.736 [info] Settings: No changes found during synchronizing settings.
2024-06-20 13:02:50.763 [info] Keybindings: No changes found during synchronizing keybindings.
2024-06-20 13:02:50.778 [info] Snippets: No changes found during synchronizing snippets.
2024-06-20 13:02:50.797 [info] Tasks: No changes found during synchronizing tasks.
2024-06-20 13:02:50.813 [info] GlobalState: No changes found during synchronizing ui state.
2024-06-20 13:02:51.897 [info] Extensions: No changes found during synchronizing extensions.
2024-06-20 13:02:51.904 [info] Profiles: No changes found during synchronizing profiles.
2024-06-20 13:02:51.913 [info] Sync done. Took 1529ms
2024-06-20 13:03:29.225 [info] Auto Sync: Triggered by Activity
2024-06-20 13:03:29.226 [info] Sync started.
2024-06-20 13:03:29.582 [info] Settings: No changes found during synchronizing settings.
2024-06-20 13:03:29.605 [info] Keybindings: No changes found during synchronizing keybindings.
2024-06-20 13:03:29.629 [info] Snippets: No changes found during synchronizing snippets.
2024-06-20 13:03:29.645 [info] Tasks: No changes found during synchronizing tasks.
2024-06-20 13:03:29.663 [info] GlobalState: No changes found during synchronizing ui state.
2024-06-20 13:03:30.053 [info] Extensions: No changes found during synchronizing extensions.
2024-06-20 13:03:30.070 [info] Profiles: No changes found during synchronizing profiles.
2024-06-20 13:03:30.075 [info] Sync done. Took 851ms
2024-06-20 13:03:58.034 [info] Auto Sync: Triggered by Activity
2024-06-20 13:03:58.040 [info] Sync started.
2024-06-20 13:03:58.706 [info] Settings: No changes found during synchronizing settings.
2024-06-20 13:03:58.752 [info] Keybindings: No changes found during synchronizing keybindings.
2024-06-20 13:03:58.801 [info] Snippets: No changes found during synchronizing snippets.
2024-06-20 13:03:58.834 [info] Tasks: No changes found during synchronizing tasks.
2024-06-20 13:03:58.879 [info] GlobalState: No changes found during synchronizing ui state.
2024-06-20 13:04:00.536 [info] Extensions: No changes found during synchronizing extensions.
2024-06-20 13:04:00.553 [info] Profiles: No changes found during synchronizing profiles.
2024-06-20 13:04:00.586 [info] Sync done. Took 2573ms
2024-06-20 13:04:28.975 [info] Auto Sync: Triggered by Activity
2024-06-20 13:04:28.976 [info] Sync started.
2024-06-20 13:04:29.610 [info] Settings: No changes found during synchronizing settings.
2024-06-20 13:04:29.734 [info] Keybindings: No changes found during synchronizing keybindings.
2024-06-20 13:04:30.446 [info] Snippets: No changes found during synchronizing snippets.
2024-06-20 13:04:30.486 [info] Tasks: No changes found during synchronizing tasks.
2024-06-20 13:04:30.523 [info] GlobalState: No changes found during synchronizing ui state.
2024-06-20 13:04:32.210 [info] Extensions: No changes found during synchronizing extensions.
2024-06-20 13:04:32.250 [info] Profiles: No changes found during synchronizing profiles.
2024-06-20 13:04:32.261 [info] Sync done. Took 3302ms
2024-06-20 13:09:32.277 [info] Auto Sync: Triggered by Interval
2024-06-20 13:09:32.281 [info] Sync started.
2024-06-20 13:09:33.441 [info] Settings: No changes found during synchronizing settings.
2024-06-20 13:09:33.467 [info] Keybindings: No changes found during synchronizing keybindings.
2024-06-20 13:09:33.500 [info] Snippets: No changes found during synchronizing snippets.
2024-06-20 13:09:33.520 [info] Tasks: No changes found during synchronizing tasks.
2024-06-20 13:09:33.547 [info] GlobalState: No changes found during synchronizing ui state.
2024-06-20 13:09:34.285 [info] Extensions: No changes found during synchronizing extensions.
2024-06-20 13:09:34.294 [info] Profiles: No changes found during synchronizing profiles.
2024-06-20 13:09:34.304 [info] Sync done. Took 2043ms
2024-06-20 13:10:53.665 [info] Auto Sync: Triggered by Activity
2024-06-20 13:10:53.671 [info] Sync started.
2024-06-20 13:10:54.040 [info] Settings: No changes found during synchronizing settings.
2024-06-20 13:10:54.068 [info] Keybindings: No changes found during synchronizing keybindings.
2024-06-20 13:10:54.087 [info] Snippets: No changes found during synchronizing snippets.
2024-06-20 13:10:54.129 [info] Tasks: No changes found during synchronizing tasks.
2024-06-20 13:10:54.143 [info] GlobalState: No changes found during synchronizing ui state.
2024-06-20 13:10:55.217 [info] Extensions: No changes found during synchronizing extensions.
2024-06-20 13:10:55.241 [info] Profiles: No changes found during synchronizing profiles.
2024-06-20 13:10:55.264 [info] Sync done. Took 1595ms
2024-06-20 13:15:55.295 [info] Auto Sync: Triggered by Interval
2024-06-20 13:15:55.298 [info] Sync started.
2024-06-20 13:15:56.615 [info] Settings: No changes found during synchronizing settings.
2024-06-20 13:15:56.644 [info] Keybindings: No changes found during synchronizing keybindings.
2024-06-20 13:15:56.666 [info] Snippets: No changes found during synchronizing snippets.
2024-06-20 13:15:56.689 [info] Tasks: No changes found during synchronizing tasks.
2024-06-20 13:15:56.714 [info] GlobalState: No changes found during synchronizing ui state.
2024-06-20 13:15:57.134 [info] Extensions: No changes found during synchronizing extensions.
2024-06-20 13:15:57.144 [info] Profiles: No changes found during synchronizing profiles.
2024-06-20 13:15:57.155 [info] Sync done. Took 1870ms
2024-06-20 13:20:57.185 [info] Auto Sync: Triggered by Interval
2024-06-20 13:20:57.189 [info] Sync started.
2024-06-20 13:20:58.544 [info] Settings: No changes found during synchronizing settings.
2024-06-20 13:20:58.717 [info] Keybindings: No changes found during synchronizing keybindings.
2024-06-20 13:20:59.057 [info] Snippets: No changes found during synchronizing snippets.
2024-06-20 13:20:59.160 [info] Tasks: No changes found during synchronizing tasks.
2024-06-20 13:20:59.199 [info] GlobalState: No changes found during synchronizing ui state.
2024-06-20 13:20:59.613 [info] Extensions: No changes found during synchronizing extensions.
2024-06-20 13:20:59.646 [info] Profiles: No changes found during synchronizing profiles.
2024-06-20 13:20:59.674 [info] Sync done. Took 2498ms
2024-06-20 13:22:21.579 [info] Auto Sync: Triggered by Activity
2024-06-20 13:22:21.581 [info] Sync started.
2024-06-20 13:22:21.933 [info] Settings: No changes found during synchronizing settings.
2024-06-20 13:22:21.958 [info] Keybindings: No changes found during synchronizing keybindings.
2024-06-20 13:22:21.982 [info] Snippets: No changes found during synchronizing snippets.
2024-06-20 13:22:22.010 [info] Tasks: No changes found during synchronizing tasks.
2024-06-20 13:22:22.947 [info] GlobalState: Updated remote ui state. Added: ces/skipSurvey.
2024-06-20 13:22:22.958 [info] GlobalState: Updated last synchronized ui state
2024-06-20 13:22:23.481 [info] Extensions: No changes found during synchronizing extensions.
2024-06-20 13:22:23.492 [info] Profiles: No changes found during synchronizing profiles.
2024-06-20 13:22:23.501 [info] Sync done. Took 1926ms
2024-06-20 13:27:23.706 [info] Auto Sync: Triggered by Interval
2024-06-20 13:27:23.753 [info] Sync started.
2024-06-20 13:27:25.561 [info] Settings: No changes found during synchronizing settings.
2024-06-20 13:27:25.785 [info] Keybindings: No changes found during synchronizing keybindings.
2024-06-20 13:27:25.872 [info] Snippets: No changes found during synchronizing snippets.
2024-06-20 13:27:25.925 [info] Tasks: No changes found during synchronizing tasks.
2024-06-20 13:27:26.012 [info] GlobalState: No changes found during synchronizing ui state.
2024-06-20 13:27:28.908 [info] Extensions: No changes found during synchronizing extensions.
2024-06-20 13:27:28.924 [info] Profiles: No changes found during synchronizing profiles.
2024-06-20 13:27:28.939 [info] Sync done. Took 5399ms
2024-06-20 13:32:30.823 [info] Auto Sync: Triggered by Interval
2024-06-20 13:32:31.120 [info] Sync started.
2024-06-20 13:32:38.738 [info] Settings: No changes found during synchronizing settings.
2024-06-20 13:32:39.624 [info] Keybindings: No changes found during synchronizing keybindings.
2024-06-20 13:32:40.103 [info] Snippets: No changes found during synchronizing snippets.
2024-06-20 13:32:40.689 [info] Tasks: No changes found during synchronizing tasks.
2024-06-20 13:32:41.392 [info] GlobalState: No changes found during synchronizing ui state.
2024-06-20 13:33:05.191 [info] Extensions: No changes found during synchronizing extensions.
2024-06-20 13:33:05.522 [info] Profiles: No changes found during synchronizing profiles.
2024-06-20 13:33:06.113 [info] Sync done. Took 35340ms
2024-06-20 13:38:05.817 [info] Auto Sync: Triggered by Interval
2024-06-20 13:38:05.827 [info] Sync started.
2024-06-20 13:38:07.313 [info] Settings: No changes found during synchronizing settings.
2024-06-20 13:38:07.355 [info] Keybindings: No changes found during synchronizing keybindings.
2024-06-20 13:38:07.402 [info] Snippets: No changes found during synchronizing snippets.
2024-06-20 13:38:07.425 [info] Tasks: No changes found during synchronizing tasks.
2024-06-20 13:38:07.449 [info] GlobalState: No changes found during synchronizing ui state.
2024-06-20 13:38:08.421 [info] Extensions: No changes found during synchronizing extensions.
2024-06-20 13:38:08.470 [info] Profiles: No changes found during synchronizing profiles.
2024-06-20 13:38:08.488 [info] Sync done. Took 2676ms
2024-06-20 13:43:08.514 [info] Auto Sync: Triggered by Interval
2024-06-20 13:43:08.518 [info] Sync started.
2024-06-20 13:43:09.907 [info] Settings: No changes found during synchronizing settings.
2024-06-20 13:43:09.952 [info] Keybindings: No changes found during synchronizing keybindings.
2024-06-20 13:43:09.978 [info] Snippets: No changes found during synchronizing snippets.
2024-06-20 13:43:09.997 [info] Tasks: No changes found during synchronizing tasks.
2024-06-20 13:43:10.018 [info] GlobalState: No changes found during synchronizing ui state.
2024-06-20 13:43:10.468 [info] Extensions: No changes found during synchronizing extensions.
2024-06-20 13:43:10.481 [info] Profiles: No changes found during synchronizing profiles.
2024-06-20 13:43:10.501 [info] Sync done. Took 1990ms
2024-06-20 13:48:10.572 [info] Auto Sync: Triggered by Interval
2024-06-20 13:48:10.577 [info] Sync started.
2024-06-20 13:48:24.032 [info] Request failed https://vscode-sync.trafficmanager.net/v1/manifest
2024-06-20 13:48:24.033 [error] RequestFailed (UserDataSyncError) syncResource:unknown operationId:unknown: Connection refused for the request 'https://vscode-sync.trafficmanager.net/v1/manifest'.
    at P.D (/usr/share/code/resources/app/out/vs/code/node/sharedProcess/sharedProcessMain.js:113:136316)
    at async P.manifest (/usr/share/code/resources/app/out/vs/code/node/sharedProcess/sharedProcessMain.js:113:133637)
    at async r.createSyncTask (/usr/share/code/resources/app/out/vs/code/node/sharedProcess/sharedProcessMain.js:113:107504)
    at async s.I (/usr/share/code/resources/app/out/vs/code/node/sharedProcess/sharedProcessMain.js:113:96553)
    at async s.H (/usr/share/code/resources/app/out/vs/code/node/sharedProcess/sharedProcessMain.js:113:96171)
2024-06-20 13:48:24.036 [error] RequestFailed (UserDataSyncError) syncResource:unknown operationId:unknown: Connection refused for the request 'https://vscode-sync.trafficmanager.net/v1/manifest'.
    at P.D (/usr/share/code/resources/app/out/vs/code/node/sharedProcess/sharedProcessMain.js:113:136316)
    at async P.manifest (/usr/share/code/resources/app/out/vs/code/node/sharedProcess/sharedProcessMain.js:113:133637)
    at async r.createSyncTask (/usr/share/code/resources/app/out/vs/code/node/sharedProcess/sharedProcessMain.js:113:107504)
    at async s.I (/usr/share/code/resources/app/out/vs/code/node/sharedProcess/sharedProcessMain.js:113:96553)
    at async s.H (/usr/share/code/resources/app/out/vs/code/node/sharedProcess/sharedProcessMain.js:113:96171)
