2024-06-20 12:22:24.957 [info] Added views:workbench.panel.markers.view in workbench.panel.markers
2024-06-20 12:22:24.969 [info] Added views:workbench.panel.output in workbench.panel.output
2024-06-20 12:22:24.969 [info] Added views:terminal in terminal
2024-06-20 12:22:24.969 [info] Added views:outline in workbench.view.explorer
2024-06-20 12:22:24.969 [info] Added views:workbench.scm in workbench.view.scm
2024-06-20 12:22:24.969 [info] Added views:workbench.view.search in workbench.view.search
2024-06-20 12:22:24.970 [info] Added views:timeline in workbench.view.explorer
2024-06-20 12:22:24.970 [info] Added views:workbench.explorer.emptyView in workbench.view.explorer
2024-06-20 12:22:28.219 [info] Added views:workbench.debug.variablesView,workbench.debug.watchExpressionsView,workbench.debug.callStackView,workbench.debug.breakPointsView in workbench.view.debug
2024-06-20 12:22:38.613 [info] Added views:~remote.forwardedPorts in ~remote.forwardedPortsContainer
2024-06-20 12:22:40.013 [info] Added views:workbench.panel.repl.view in workbench.panel.repl
2024-06-20 12:22:40.107 [info] Removed views:workbench.debug.breakPointsView,workbench.debug.callStackView,workbench.debug.watchExpressionsView,workbench.debug.variablesView from workbench.view.debug
2024-06-20 12:22:40.119 [info] Added views:workbench.debug.welcome in workbench.view.debug
2024-06-20 12:26:46.183 [info] Added views:workbench.views.extensions.installed,workbench.views.extensions.popular,extensions.recommendedList in workbench.view.extensions
2024-06-20 12:26:46.197 [info] Removed views:workbench.views.extensions.popular from workbench.view.extensions
2024-06-20 12:26:51.990 [info] Added views:workbench.views.extensions.popular in workbench.view.extensions
2024-06-20 12:28:00.939 [info] Removed views:extensions.recommendedList,workbench.views.extensions.popular,workbench.views.extensions.installed from workbench.view.extensions
2024-06-20 12:28:01.274 [info] Added views:workbench.views.extensions.marketplace in workbench.view.extensions
2024-06-20 12:28:29.319 [info] Added views:gitlens.views.home,gitlens.views.workspaces,gitlens.views.account in workbench.view.extension.gitlens
2024-06-20 12:28:29.378 [info] Added views:gitlens.views.commitDetails,gitlens.views.lineHistory,gitlens.views.fileHistory,gitlens.views.searchAndCompare in workbench.view.extension.gitlensInspect
2024-06-20 12:28:29.403 [info] Added views:gitlens.views.commits,gitlens.views.branches,gitlens.views.remotes,gitlens.views.stashes,gitlens.views.tags,gitlens.views.contributors in workbench.view.scm
2024-06-20 12:28:40.551 [info] Removed views:gitlens.views.searchAndCompare,gitlens.views.fileHistory,gitlens.views.lineHistory,gitlens.views.commitDetails from workbench.view.extension.gitlensInspect
2024-06-20 12:28:40.557 [info] Removed views:gitlens.views.contributors,gitlens.views.tags,gitlens.views.stashes,gitlens.views.remotes,gitlens.views.branches,gitlens.views.commits from workbench.view.scm
2024-06-20 12:28:44.531 [info] Added views:gitlens.views.drafts in workbench.view.extension.gitlens
2024-06-20 12:55:27.577 [info] Added views:workbench.view.testing in workbench.view.extension.test
2024-06-20 13:03:09.804 [info] Added views:workbench.debug.breakPointsView in workbench.view.debug
