[2024-06-20 09:37:09.387] [*   918ms] [/home/blessingwilliam195] git rev-parse --show-toplevel (slow) • FAILED

Error: Command failed: /usr/bin/git -c core.quotepath=false -c color.ui=false rev-parse --show-toplevel
fatal: not a git repository (or any of the parent directories): .git


[2024-06-20 09:42:19.074] [    229ms] [/home/blessingwilliam195/my php file] git rev-parse --show-toplevel • FAILED

Error: Command failed: /usr/bin/git -c core.quotepath=false -c color.ui=false rev-parse --show-toplevel
fatal: not a git repository (or any of the parent directories): .git


[2024-06-20 09:42:55.814] [    264ms] [/home/blessingwilliam195/my php file] git rev-parse --show-toplevel • FAILED

Error: Command failed: /usr/bin/git -c core.quotepath=false -c color.ui=false rev-parse --show-toplevel
fatal: not a git repository (or any of the parent directories): .git


[2024-06-20 09:43:33.833] [    132ms] [/home/blessingwilliam195/my php file] git rev-parse --show-toplevel • FAILED

Error: Command failed: /usr/bin/git -c core.quotepath=false -c color.ui=false rev-parse --show-toplevel
fatal: not a git repository (or any of the parent directories): .git


[2024-06-20 09:55:27.881] [*  6131ms] [/home/blessingwilliam195/my php file] git rev-parse --show-toplevel (slow) • FAILED

Error: Command failed: /usr/bin/git -c core.quotepath=false -c color.ui=false rev-parse --show-toplevel
fatal: not a git repository (or any of the parent directories): .git


[2024-06-20 09:56:23.570] [    159ms] [/home/blessingwilliam195/my php file] git rev-parse --show-toplevel • FAILED

Error: Command failed: /usr/bin/git -c core.quotepath=false -c color.ui=false rev-parse --show-toplevel
fatal: not a git repository (or any of the parent directories): .git


[2024-06-20 09:57:09.312] [    278ms] [/home/blessingwilliam195/my php file] git rev-parse --show-toplevel • FAILED

Error: Command failed: /usr/bin/git -c core.quotepath=false -c color.ui=false rev-parse --show-toplevel
fatal: not a git repository (or any of the parent directories): .git


[2024-06-20 10:01:00.671] [    212ms] [/home/blessingwilliam195/my php file] git rev-parse --show-toplevel • FAILED

Error: Command failed: /usr/bin/git -c core.quotepath=false -c color.ui=false rev-parse --show-toplevel
fatal: not a git repository (or any of the parent directories): .git


[2024-06-20 10:01:45.875] [    424ms] [/home/blessingwilliam195/my php file] git rev-parse --show-toplevel • FAILED

Error: Command failed: /usr/bin/git -c core.quotepath=false -c color.ui=false rev-parse --show-toplevel
fatal: not a git repository (or any of the parent directories): .git


