2024-06-20 12:25:27.951 [info] Reading sessions from keychain...
2024-06-20 12:25:27.953 [info] Getting sessions for all scopes...
2024-06-20 12:25:27.953 [info] Getting sessions for all scopes...
2024-06-20 12:25:27.953 [info] Got 0 sessions for ...
2024-06-20 12:25:27.953 [info] Got 0 sessions for ...
2024-06-20 12:25:27.953 [info] Getting sessions for user:email...
2024-06-20 12:25:27.953 [info] Got 0 sessions for user:email...
2024-06-20 12:25:30.044 [info] Logging in for the following scopes: user:email
2024-06-20 12:25:30.068 [info] Trying without local server... (user:email)
2024-06-20 12:25:54.293 [info] Exchanging code for token...
2024-06-20 12:25:55.524 [info] Token exchange success!
2024-06-20 12:25:55.616 [info] Getting user info...
2024-06-20 12:25:56.646 [info] Got account info!
2024-06-20 12:25:56.655 [info] Storing 1 sessions...
2024-06-20 12:26:05.521 [info] Reading sessions from keychain...
2024-06-20 12:26:05.522 [info] Stored 1 sessions!
2024-06-20 12:26:05.524 [info] Login success!
2024-06-20 12:26:05.568 [info] Getting sessions for user:email...
2024-06-20 12:26:05.607 [info] Got stored sessions!
2024-06-20 12:26:05.611 [info] Got 1 verified sessions.
2024-06-20 12:26:05.612 [info] Got 1 sessions for user:email...
2024-06-20 12:26:42.821 [info] Getting sessions for user:email...
2024-06-20 12:26:42.821 [info] Got 1 sessions for user:email...
2024-06-20 12:28:44.719 [info] Getting sessions for read:user,repo,user:email...
2024-06-20 12:28:44.720 [info] Got 0 sessions for read:user,repo,user:email...
