2024-06-22 12:55:09.607 [info] Configuration changed
2024-06-22 12:55:11.604 [info] Configuration changed
2024-06-22 12:55:11.856 [info] Configuration changed
2024-06-22 12:55:13.659 [info] /home/blessingwilliam195/.config/Code/User/settings.json closed
2024-06-22 12:56:05.339 [warning] Ignoring slipped selection: [23, 20; 23, 20]
2024-06-22 12:56:38.374 [warning] Ignoring slipped selection: [25, 14; 25, 14]
2024-06-22 12:56:39.360 [warning] Ignoring slipped selection: [24, 12; 24, 12]
2024-06-22 12:56:40.182 [warning] Ignoring slipped selection: [23, 12; 23, 12]
2024-06-22 12:56:41.384 [warning] Ignoring slipped selection: [22, 12; 22, 12]
2024-06-22 12:56:42.285 [warning] Ignoring slipped selection: [21, 12; 21, 12]
2024-06-22 12:56:42.868 [warning] Ignoring slipped selection: [20, 12; 20, 12]
2024-06-22 12:56:43.808 [warning] Ignoring slipped selection: [19, 21; 19, 21]
2024-06-22 12:56:44.660 [warning] Ignoring slipped selection: [18, 28; 18, 28]
2024-06-22 12:56:46.007 [warning] Ignoring slipped selection: [18, 24; 18, 24]
2024-06-22 12:56:46.939 [warning] Ignoring slipped selection: [18, 41; 18, 41]
2024-06-22 12:56:47.960 [warning] Ignoring slipped selection: [19, 0; 19, 0]
2024-06-22 12:56:48.926 [warning] Ignoring slipped selection: [20, 0; 20, 0]
2024-06-22 12:56:49.799 [warning] Ignoring slipped selection: [21, 0; 21, 0]
2024-06-22 12:56:50.674 [warning] Ignoring slipped selection: [22, 0; 22, 0]
2024-06-22 12:56:52.358 [warning] Ignoring slipped selection: [23, 20; 23, 20]
2024-06-22 12:57:08.225 [warning] Ignoring slipped selection: [23, 28; 23, 28]
2024-06-22 13:00:47.819 [info] /home/blessingwilliam195/my php file/search_contact.html closed
2024-06-22 13:00:48.344 [info] Active editor: file:///home/blessingwilliam195/my%20php%20file/save_contact.php
2024-06-22 13:00:51.903 [info] /home/blessingwilliam195/my php file/save_contact.php closed
2024-06-22 13:00:52.235 [info] Active editor: file:///home/blessingwilliam195/my%20php%20file/contact_form.html
2024-06-22 13:00:52.426 [info] /home/blessingwilliam195/my php file/contact_form.html closed
2024-06-22 13:00:57.905 [info] Active editor: file:///home/blessingwilliam195/my%20php%20file/login.php
2024-06-22 13:00:57.995 [info] /home/blessingwilliam195/my php file/login.php closed
2024-06-22 13:02:07.855 [info] Active editor: file:///home/blessingwilliam195/my%20php%20file/login.html
2024-06-22 13:02:46.047 [info] Configuration changed
2024-06-22 13:52:56.788 [info] Configuration changed
2024-06-22 13:52:58.006 [info] Configuration changed
2024-06-22 13:52:59.635 [info] Configuration changed
2024-06-22 13:53:09.122 [info] Configuration changed
2024-06-22 13:53:10.059 [info] Configuration changed
2024-06-22 13:53:14.134 [info] Configuration changed
2024-06-22 13:58:39.546 [info] git/scm0/input closed
2024-06-22 13:59:57.765 [info] Active editor: file:///home/blessingwilliam195/url%20handler%202/url%20handler/vscode-handler/install
2024-06-22 14:00:25.371 [info] Configuration changed
2024-06-22 15:27:17.825 [info] /home/blessingwilliam195/url handler 2/url handler/vscode-handler/install closed
2024-06-22 15:27:17.829 [info] /home/blessingwilliam195/url handler 2/url handler/vscode-handler/install.git closed
2024-06-22 15:27:49.470 [info] Active editor: file:///home/blessingwilliam195/login.html
2024-06-22 15:30:35.792 [info] /home/blessingwilliam195/.config/Code/User/settings.json closed
2024-06-22 15:30:36.363 [info] Configuration changed
2024-06-22 15:30:45.417 [info] /home/blessingwilliam195/login.html.git closed
2024-06-22 15:32:36.158 [info] Active editor: file:///home/blessingwilliam195/login.html
2024-06-22 15:39:47.400 [info] Configuration changed
