2024-06-22 12:54:38.449 [info] Using settings sync service https://vscode-sync.trafficmanager.net/
2024-06-22 12:54:38.449 [info] Auto Sync is enabled.
2024-06-22 12:54:38.449 [info] Auto Sync: Suspended until auth token is available.
2024-06-22 12:54:48.786 [info] Deleting non existing profile from backup /home/blessingwilliam195/.config/Code/User/sync/extensions
2024-06-22 12:54:48.851 [info] Deleting non existing profile from backup /home/blessingwilliam195/.config/Code/User/sync/globalState
2024-06-22 12:54:49.009 [info] Deleting non existing profile from backup /home/blessingwilliam195/.config/Code/User/sync/keybindings
2024-06-22 12:54:49.126 [info] Deleting non existing profile from backup /home/blessingwilliam195/.config/Code/User/sync/profiles
2024-06-22 12:54:49.274 [info] Deleting non existing profile from backup /home/blessingwilliam195/.config/Code/User/sync/settings
2024-06-22 12:54:50.016 [info] Deleting non existing profile from backup /home/blessingwilliam195/.config/Code/User/sync/snippets
2024-06-22 12:54:50.745 [info] Deleting non existing profile from backup /home/blessingwilliam195/.config/Code/User/sync/tasks
2024-06-22 12:55:10.671 [info] Auto Sync: Triggered by Interval
2024-06-22 12:55:10.682 [info] Sync started.
2024-06-22 12:55:12.840 [info] Settings: Last sync resource does not exist locally.
2024-06-22 12:55:13.734 [info] Settings: No changes found during synchronizing settings.
2024-06-22 12:55:13.748 [info] Keybindings: Last sync resource does not exist locally.
2024-06-22 12:55:14.127 [info] Keybindings: No changes found during synchronizing keybindings.
2024-06-22 12:55:14.159 [info] Snippets: Last sync resource does not exist locally.
2024-06-22 12:55:14.708 [info] Snippets: No changes found during synchronizing snippets.
2024-06-22 12:55:14.733 [info] Tasks: Last sync resource does not exist locally.
2024-06-22 12:55:15.221 [info] Tasks: No changes found during synchronizing tasks.
2024-06-22 12:55:15.222 [info] GlobalState: Last sync resource does not exist locally.
2024-06-22 12:55:17.016 [info] GlobalState: Updated remote ui state. Updated: nps/lastSessionDate,nps/sessionCount,cpp.1.lastSessionDate,cpp.1.sessionCount,java.2.lastSessionDate,java.2.sessionCount,javascript.1.lastSessionDate,javascript.1.sessionCount,typescript.1.lastSessionDate,typescript.1.sessionCount,csharp.1.lastSessionDate,csharp.1.sessionCount.
2024-06-22 12:55:17.056 [info] GlobalState: Updated last synchronized ui state
2024-06-22 12:55:17.079 [info] Extensions: Last sync resource does not exist locally.
2024-06-22 12:55:18.922 [info] Extensions: No changes found during synchronizing extensions.
2024-06-22 12:55:18.997 [info] Profiles: Last sync resource does not exist locally.
2024-06-22 12:55:19.287 [info] Profiles: No changes found during synchronizing profiles.
2024-06-22 12:55:19.299 [info] Sync done. Took 8632ms
2024-06-22 13:00:19.436 [info] Auto Sync: Triggered by Interval
2024-06-22 13:00:19.439 [info] Sync started.
2024-06-22 13:00:22.293 [info] Settings: No changes found during synchronizing settings.
2024-06-22 13:00:22.421 [info] Keybindings: No changes found during synchronizing keybindings.
2024-06-22 13:00:22.501 [info] Snippets: No changes found during synchronizing snippets.
2024-06-22 13:00:22.521 [info] Tasks: No changes found during synchronizing tasks.
2024-06-22 13:00:22.734 [info] GlobalState: No changes found during synchronizing ui state.
2024-06-22 13:00:24.184 [info] Extensions: No changes found during synchronizing extensions.
2024-06-22 13:00:24.201 [info] Profiles: No changes found during synchronizing profiles.
2024-06-22 13:00:24.249 [info] Sync done. Took 4806ms
2024-06-22 13:00:42.985 [info] Auto Sync: Triggered by Activity
2024-06-22 13:00:42.987 [info] Sync started.
2024-06-22 13:00:43.369 [info] Settings: No changes found during synchronizing settings.
2024-06-22 13:00:43.399 [info] Keybindings: No changes found during synchronizing keybindings.
2024-06-22 13:00:43.443 [info] Snippets: No changes found during synchronizing snippets.
2024-06-22 13:00:43.475 [info] Tasks: No changes found during synchronizing tasks.
2024-06-22 13:00:43.495 [info] GlobalState: No changes found during synchronizing ui state.
2024-06-22 13:00:44.012 [info] Extensions: No changes found during synchronizing extensions.
2024-06-22 13:00:44.021 [info] Profiles: No changes found during synchronizing profiles.
2024-06-22 13:00:44.029 [info] Sync done. Took 1046ms
2024-06-22 13:01:32.452 [info] Auto Sync: Triggered by Activity
2024-06-22 13:01:32.831 [info] Sync started.
2024-06-22 13:01:36.122 [info] Settings: No changes found during synchronizing settings.
2024-06-22 13:01:36.278 [info] Keybindings: No changes found during synchronizing keybindings.
2024-06-22 13:01:37.084 [info] Snippets: No changes found during synchronizing snippets.
2024-06-22 13:01:37.346 [info] Tasks: No changes found during synchronizing tasks.
2024-06-22 13:01:37.453 [info] GlobalState: No changes found during synchronizing ui state.
2024-06-22 13:01:42.744 [info] Extensions: No changes found during synchronizing extensions.
2024-06-22 13:01:42.910 [info] Profiles: No changes found during synchronizing profiles.
2024-06-22 13:01:42.965 [info] Sync done. Took 10518ms
2024-06-22 13:01:43.569 [info] Auto Sync: Triggered by Activity
2024-06-22 13:01:43.572 [info] Sync started.
2024-06-22 13:01:44.124 [info] Settings: No changes found during synchronizing settings.
2024-06-22 13:01:44.225 [info] Keybindings: No changes found during synchronizing keybindings.
2024-06-22 13:01:44.389 [info] Snippets: No changes found during synchronizing snippets.
2024-06-22 13:01:44.460 [info] Tasks: No changes found during synchronizing tasks.
2024-06-22 13:01:44.565 [info] GlobalState: No changes found during synchronizing ui state.
2024-06-22 13:01:47.955 [info] Extensions: No changes found during synchronizing extensions.
2024-06-22 13:01:48.775 [info] Profiles: No changes found during synchronizing profiles.
2024-06-22 13:01:48.787 [info] Sync done. Took 4092ms
2024-06-22 13:01:58.795 [info] Auto Sync: Triggered by Activity
2024-06-22 13:01:58.803 [info] Sync started.
2024-06-22 13:01:59.435 [info] Settings: No changes found during synchronizing settings.
2024-06-22 13:01:59.529 [info] Keybindings: No changes found during synchronizing keybindings.
2024-06-22 13:01:59.561 [info] Snippets: No changes found during synchronizing snippets.
2024-06-22 13:01:59.608 [info] Tasks: No changes found during synchronizing tasks.
2024-06-22 13:01:59.723 [info] GlobalState: No changes found during synchronizing ui state.
2024-06-22 13:02:01.211 [info] Extensions: No changes found during synchronizing extensions.
2024-06-22 13:02:01.244 [info] Profiles: No changes found during synchronizing profiles.
2024-06-22 13:02:01.248 [info] Sync done. Took 2456ms
2024-06-22 13:02:42.002 [info] Auto Sync: Triggered by Activity
2024-06-22 13:02:42.008 [info] Sync started.
2024-06-22 13:02:42.936 [info] Settings: No changes found during synchronizing settings.
2024-06-22 13:02:43.108 [info] Keybindings: No changes found during synchronizing keybindings.
2024-06-22 13:02:43.255 [info] Snippets: No changes found during synchronizing snippets.
2024-06-22 13:02:43.297 [info] Tasks: No changes found during synchronizing tasks.
2024-06-22 13:02:43.399 [info] GlobalState: No changes found during synchronizing ui state.
2024-06-22 13:02:47.062 [info] Extensions: No changes found during synchronizing extensions.
2024-06-22 13:02:47.085 [info] Profiles: No changes found during synchronizing profiles.
2024-06-22 13:02:47.111 [info] Sync done. Took 5110ms
2024-06-22 13:03:08.097 [info] Auto Sync: Triggered by Activity
2024-06-22 13:03:08.099 [info] Sync started.
2024-06-22 13:03:08.386 [info] Settings: No changes found during synchronizing settings.
2024-06-22 13:03:08.402 [info] Keybindings: No changes found during synchronizing keybindings.
2024-06-22 13:03:08.428 [info] Snippets: No changes found during synchronizing snippets.
2024-06-22 13:03:08.454 [info] Tasks: No changes found during synchronizing tasks.
2024-06-22 13:03:08.518 [info] GlobalState: No changes found during synchronizing ui state.
2024-06-22 13:03:09.167 [info] Extensions: No changes found during synchronizing extensions.
2024-06-22 13:03:09.178 [info] Profiles: No changes found during synchronizing profiles.
2024-06-22 13:03:09.200 [info] Sync done. Took 1103ms
2024-06-22 13:03:41.560 [info] Auto Sync: Triggered by Activity
2024-06-22 13:03:41.561 [info] Sync started.
2024-06-22 13:03:41.956 [info] Settings: No changes found during synchronizing settings.
2024-06-22 13:03:41.978 [info] Keybindings: No changes found during synchronizing keybindings.
2024-06-22 13:03:42.007 [info] Snippets: No changes found during synchronizing snippets.
2024-06-22 13:03:42.036 [info] Tasks: No changes found during synchronizing tasks.
2024-06-22 13:03:42.064 [info] GlobalState: No changes found during synchronizing ui state.
2024-06-22 13:03:42.467 [info] Extensions: No changes found during synchronizing extensions.
2024-06-22 13:03:42.477 [info] Profiles: No changes found during synchronizing profiles.
2024-06-22 13:03:42.495 [info] Sync done. Took 936ms
2024-06-22 13:05:11.616 [info] Auto Sync: Triggered by Activity
2024-06-22 13:05:11.630 [info] Sync started.
2024-06-22 13:05:11.974 [info] Settings: No changes found during synchronizing settings.
2024-06-22 13:05:11.994 [info] Keybindings: No changes found during synchronizing keybindings.
2024-06-22 13:05:12.012 [info] Snippets: No changes found during synchronizing snippets.
2024-06-22 13:05:12.030 [info] Tasks: No changes found during synchronizing tasks.
2024-06-22 13:05:12.053 [info] GlobalState: No changes found during synchronizing ui state.
2024-06-22 13:05:12.670 [info] Extensions: No changes found during synchronizing extensions.
2024-06-22 13:05:12.685 [info] Profiles: No changes found during synchronizing profiles.
2024-06-22 13:05:12.691 [info] Sync done. Took 1091ms
2024-06-22 13:05:53.598 [info] Auto Sync: Triggered by Activity
2024-06-22 13:05:53.599 [info] Sync started.
2024-06-22 13:05:53.974 [info] Settings: No changes found during synchronizing settings.
2024-06-22 13:05:54.004 [info] Keybindings: No changes found during synchronizing keybindings.
2024-06-22 13:05:54.042 [info] Snippets: No changes found during synchronizing snippets.
2024-06-22 13:05:54.087 [info] Tasks: No changes found during synchronizing tasks.
2024-06-22 13:05:54.197 [info] GlobalState: No changes found during synchronizing ui state.
2024-06-22 13:05:55.695 [info] Extensions: No changes found during synchronizing extensions.
2024-06-22 13:05:55.722 [info] Profiles: No changes found during synchronizing profiles.
2024-06-22 13:05:55.740 [info] Sync done. Took 2132ms
2024-06-22 13:06:05.713 [info] Auto Sync: Triggered by Activity
2024-06-22 13:06:05.714 [info] Sync started.
2024-06-22 13:06:06.087 [info] Settings: No changes found during synchronizing settings.
2024-06-22 13:06:06.103 [info] Keybindings: No changes found during synchronizing keybindings.
2024-06-22 13:06:06.119 [info] Snippets: No changes found during synchronizing snippets.
2024-06-22 13:06:06.132 [info] Tasks: No changes found during synchronizing tasks.
2024-06-22 13:06:06.145 [info] GlobalState: No changes found during synchronizing ui state.
2024-06-22 13:06:06.583 [info] Extensions: No changes found during synchronizing extensions.
2024-06-22 13:06:06.600 [info] Profiles: No changes found during synchronizing profiles.
2024-06-22 13:06:06.613 [info] Sync done. Took 898ms
2024-06-22 13:09:09.320 [info] Auto Sync: Triggered by Activity
2024-06-22 13:09:09.322 [info] Sync started.
2024-06-22 13:09:10.544 [info] Settings: No changes found during synchronizing settings.
2024-06-22 13:09:10.564 [info] Keybindings: No changes found during synchronizing keybindings.
2024-06-22 13:09:10.586 [info] Snippets: No changes found during synchronizing snippets.
2024-06-22 13:09:10.602 [info] Tasks: No changes found during synchronizing tasks.
2024-06-22 13:09:10.627 [info] GlobalState: No changes found during synchronizing ui state.
2024-06-22 13:09:11.007 [info] Extensions: No changes found during synchronizing extensions.
2024-06-22 13:09:11.018 [info] Profiles: No changes found during synchronizing profiles.
2024-06-22 13:09:11.032 [info] Sync done. Took 1719ms
2024-06-22 13:10:34.533 [info] Auto Sync: Triggered by Activity
2024-06-22 13:10:34.537 [info] Sync started.
2024-06-22 13:10:35.087 [info] Settings: No changes found during synchronizing settings.
2024-06-22 13:10:35.217 [info] Keybindings: No changes found during synchronizing keybindings.
2024-06-22 13:10:35.250 [info] Snippets: No changes found during synchronizing snippets.
2024-06-22 13:10:35.414 [info] Tasks: No changes found during synchronizing tasks.
2024-06-22 13:10:35.459 [info] GlobalState: No changes found during synchronizing ui state.
2024-06-22 13:10:36.568 [info] Extensions: No changes found during synchronizing extensions.
2024-06-22 13:10:36.592 [info] Profiles: No changes found during synchronizing profiles.
2024-06-22 13:10:36.604 [info] Sync done. Took 2078ms
2024-06-22 13:12:55.987 [info] Auto Sync: Triggered by Activity
2024-06-22 13:12:55.991 [info] Sync started.
2024-06-22 13:12:57.160 [info] Settings: No changes found during synchronizing settings.
2024-06-22 13:12:57.185 [info] Keybindings: No changes found during synchronizing keybindings.
2024-06-22 13:12:57.252 [info] Snippets: No changes found during synchronizing snippets.
2024-06-22 13:12:57.305 [info] Tasks: No changes found during synchronizing tasks.
2024-06-22 13:12:57.341 [info] GlobalState: No changes found during synchronizing ui state.
2024-06-22 13:12:58.110 [info] Extensions: No changes found during synchronizing extensions.
2024-06-22 13:12:58.119 [info] Profiles: No changes found during synchronizing profiles.
2024-06-22 13:12:58.129 [info] Sync done. Took 2173ms
2024-06-22 13:14:00.171 [info] Auto Sync: Triggered by Activity
2024-06-22 13:14:00.173 [info] Sync started.
2024-06-22 13:14:01.702 [info] Settings: No changes found during synchronizing settings.
2024-06-22 13:14:01.848 [info] Keybindings: No changes found during synchronizing keybindings.
2024-06-22 13:14:02.048 [info] Snippets: No changes found during synchronizing snippets.
2024-06-22 13:14:02.101 [info] Tasks: No changes found during synchronizing tasks.
2024-06-22 13:14:02.206 [info] GlobalState: No changes found during synchronizing ui state.
2024-06-22 13:14:03.836 [info] Extensions: No changes found during synchronizing extensions.
2024-06-22 13:14:03.845 [info] Profiles: No changes found during synchronizing profiles.
2024-06-22 13:14:03.881 [info] Sync done. Took 4333ms
2024-06-22 13:14:48.503 [info] Auto Sync: Triggered by Activity
2024-06-22 13:14:48.505 [info] Sync started.
2024-06-22 13:14:48.907 [info] Settings: No changes found during synchronizing settings.
2024-06-22 13:14:48.926 [info] Keybindings: No changes found during synchronizing keybindings.
2024-06-22 13:14:48.948 [info] Snippets: No changes found during synchronizing snippets.
2024-06-22 13:14:48.967 [info] Tasks: No changes found during synchronizing tasks.
2024-06-22 13:14:48.985 [info] GlobalState: No changes found during synchronizing ui state.
2024-06-22 13:14:49.415 [info] Extensions: No changes found during synchronizing extensions.
2024-06-22 13:14:49.428 [info] Profiles: No changes found during synchronizing profiles.
2024-06-22 13:14:49.439 [info] Sync done. Took 939ms
2024-06-22 13:15:11.659 [info] Auto Sync: Triggered by Activity
2024-06-22 13:15:11.705 [info] Sync started.
2024-06-22 13:15:12.269 [info] Settings: No changes found during synchronizing settings.
2024-06-22 13:15:12.369 [info] Keybindings: No changes found during synchronizing keybindings.
2024-06-22 13:15:12.426 [info] Snippets: No changes found during synchronizing snippets.
2024-06-22 13:15:12.491 [info] Tasks: No changes found during synchronizing tasks.
2024-06-22 13:15:12.607 [info] GlobalState: No changes found during synchronizing ui state.
2024-06-22 13:15:16.370 [info] Extensions: No changes found during synchronizing extensions.
2024-06-22 13:15:16.378 [info] Profiles: No changes found during synchronizing profiles.
2024-06-22 13:15:16.388 [info] Sync done. Took 4731ms
2024-06-22 13:16:19.551 [info] Auto Sync: Triggered by Activity
2024-06-22 13:16:19.894 [info] Sync started.
2024-06-22 13:16:21.544 [info] Settings: No changes found during synchronizing settings.
2024-06-22 13:16:21.676 [info] Keybindings: No changes found during synchronizing keybindings.
2024-06-22 13:16:21.946 [info] Snippets: No changes found during synchronizing snippets.
2024-06-22 13:16:22.493 [info] Tasks: No changes found during synchronizing tasks.
2024-06-22 13:16:22.673 [info] GlobalState: No changes found during synchronizing ui state.
2024-06-22 13:16:26.677 [info] Extensions: No changes found during synchronizing extensions.
2024-06-22 13:16:26.806 [info] Profiles: No changes found during synchronizing profiles.
2024-06-22 13:16:26.946 [info] Sync done. Took 8080ms
2024-06-22 13:20:23.862 [info] Auto Sync: Triggered by Activity
2024-06-22 13:20:23.879 [info] Sync started.
2024-06-22 13:20:25.537 [info] Settings: No changes found during synchronizing settings.
2024-06-22 13:20:25.637 [info] Keybindings: No changes found during synchronizing keybindings.
2024-06-22 13:20:25.681 [info] Snippets: No changes found during synchronizing snippets.
2024-06-22 13:20:25.717 [info] Tasks: No changes found during synchronizing tasks.
2024-06-22 13:20:25.770 [info] GlobalState: No changes found during synchronizing ui state.
2024-06-22 13:20:26.304 [info] Extensions: No changes found during synchronizing extensions.
2024-06-22 13:20:26.312 [info] Profiles: No changes found during synchronizing profiles.
2024-06-22 13:20:26.325 [info] Sync done. Took 2480ms
2024-06-22 13:20:42.356 [info] Auto Sync: Triggered by Activity
2024-06-22 13:20:42.358 [info] Sync started.
2024-06-22 13:20:42.654 [info] Settings: No changes found during synchronizing settings.
2024-06-22 13:20:42.693 [info] Keybindings: No changes found during synchronizing keybindings.
2024-06-22 13:20:42.729 [info] Snippets: No changes found during synchronizing snippets.
2024-06-22 13:20:42.754 [info] Tasks: No changes found during synchronizing tasks.
2024-06-22 13:20:42.777 [info] GlobalState: No changes found during synchronizing ui state.
2024-06-22 13:20:44.092 [info] Extensions: No changes found during synchronizing extensions.
2024-06-22 13:20:44.101 [info] Profiles: No changes found during synchronizing profiles.
2024-06-22 13:20:44.116 [info] Sync done. Took 1765ms
2024-06-22 13:25:44.124 [info] Auto Sync: Triggered by Interval
2024-06-22 13:25:44.128 [info] Sync started.
2024-06-22 13:25:45.393 [info] Settings: No changes found during synchronizing settings.
2024-06-22 13:25:45.416 [info] Keybindings: No changes found during synchronizing keybindings.
2024-06-22 13:25:45.443 [info] Snippets: No changes found during synchronizing snippets.
2024-06-22 13:25:45.464 [info] Tasks: No changes found during synchronizing tasks.
2024-06-22 13:25:45.484 [info] GlobalState: No changes found during synchronizing ui state.
2024-06-22 13:25:45.858 [info] Extensions: No changes found during synchronizing extensions.
2024-06-22 13:25:45.873 [info] Profiles: No changes found during synchronizing profiles.
2024-06-22 13:25:45.885 [info] Sync done. Took 1762ms
2024-06-22 13:30:45.895 [info] Auto Sync: Triggered by Interval
2024-06-22 13:30:45.898 [info] Sync started.
2024-06-22 13:30:47.351 [info] Settings: No changes found during synchronizing settings.
2024-06-22 13:30:47.371 [info] Keybindings: No changes found during synchronizing keybindings.
2024-06-22 13:30:47.388 [info] Snippets: No changes found during synchronizing snippets.
2024-06-22 13:30:47.409 [info] Tasks: No changes found during synchronizing tasks.
2024-06-22 13:30:47.425 [info] GlobalState: No changes found during synchronizing ui state.
2024-06-22 13:30:47.838 [info] Extensions: No changes found during synchronizing extensions.
2024-06-22 13:30:47.852 [info] Profiles: No changes found during synchronizing profiles.
2024-06-22 13:30:47.863 [info] Sync done. Took 1969ms
2024-06-22 13:34:15.996 [info] Auto Sync: Triggered by Activity
2024-06-22 13:34:16.054 [info] Sync started.
2024-06-22 13:50:39.484 [info] Request failed https://vscode-sync.trafficmanager.net/v1/manifest
2024-06-22 13:50:39.498 [error] RequestFailed (UserDataSyncError) syncResource:unknown operationId:unknown: Connection refused for the request 'https://vscode-sync.trafficmanager.net/v1/manifest'.
    at P.D (/usr/share/code/resources/app/out/vs/code/node/sharedProcess/sharedProcessMain.js:113:136316)
    at async P.manifest (/usr/share/code/resources/app/out/vs/code/node/sharedProcess/sharedProcessMain.js:113:133637)
    at async r.createSyncTask (/usr/share/code/resources/app/out/vs/code/node/sharedProcess/sharedProcessMain.js:113:107504)
    at async s.I (/usr/share/code/resources/app/out/vs/code/node/sharedProcess/sharedProcessMain.js:113:96553)
    at async s.H (/usr/share/code/resources/app/out/vs/code/node/sharedProcess/sharedProcessMain.js:113:96171)
2024-06-22 13:50:39.518 [error] RequestFailed (UserDataSyncError) syncResource:unknown operationId:unknown: Connection refused for the request 'https://vscode-sync.trafficmanager.net/v1/manifest'.
    at P.D (/usr/share/code/resources/app/out/vs/code/node/sharedProcess/sharedProcessMain.js:113:136316)
    at async P.manifest (/usr/share/code/resources/app/out/vs/code/node/sharedProcess/sharedProcessMain.js:113:133637)
    at async r.createSyncTask (/usr/share/code/resources/app/out/vs/code/node/sharedProcess/sharedProcessMain.js:113:107504)
    at async s.I (/usr/share/code/resources/app/out/vs/code/node/sharedProcess/sharedProcessMain.js:113:96553)
    at async s.H (/usr/share/code/resources/app/out/vs/code/node/sharedProcess/sharedProcessMain.js:113:96171)
2024-06-22 13:50:39.529 [info] Auto Sync: Triggered by Interval
2024-06-22 13:50:39.536 [info] Sync started.
2024-06-22 13:50:39.545 [info] Auto Sync: Triggered by Activity
2024-06-22 13:50:39.552 [info] Sync started.
2024-06-22 13:50:41.527 [info] Settings: No changes found during synchronizing settings.
2024-06-22 13:50:41.581 [info] Keybindings: No changes found during synchronizing keybindings.
2024-06-22 13:50:41.614 [info] Snippets: No changes found during synchronizing snippets.
2024-06-22 13:50:41.656 [info] Tasks: No changes found during synchronizing tasks.
2024-06-22 13:50:41.700 [info] Settings: No changes found during synchronizing settings.
2024-06-22 13:50:41.709 [info] GlobalState: No changes found during synchronizing ui state.
2024-06-22 13:50:41.746 [info] Keybindings: No changes found during synchronizing keybindings.
2024-06-22 13:50:42.143 [info] Snippets: No changes found during synchronizing snippets.
2024-06-22 13:50:42.314 [info] Extensions: No changes found during synchronizing extensions.
2024-06-22 13:50:42.333 [info] Tasks: No changes found during synchronizing tasks.
2024-06-22 13:50:42.338 [info] Profiles: No changes found during synchronizing profiles.
2024-06-22 13:50:42.352 [info] Sync done. Took 2865ms
2024-06-22 13:50:42.364 [info] GlobalState: No changes found during synchronizing ui state.
2024-06-22 13:50:43.082 [info] Extensions: No changes found during synchronizing extensions.
2024-06-22 13:50:43.095 [info] Profiles: No changes found during synchronizing profiles.
2024-06-22 13:50:43.114 [info] Sync done. Took 3612ms
2024-06-22 13:51:05.133 [info] Auto Sync: Triggered by Activity
2024-06-22 13:51:05.134 [info] Sync started.
2024-06-22 13:51:06.189 [info] Settings: No changes found during synchronizing settings.
2024-06-22 13:51:06.399 [info] Keybindings: No changes found during synchronizing keybindings.
2024-06-22 13:51:06.497 [info] Snippets: No changes found during synchronizing snippets.
2024-06-22 13:51:06.572 [info] Tasks: No changes found during synchronizing tasks.
2024-06-22 13:51:06.644 [info] GlobalState: No changes found during synchronizing ui state.
2024-06-22 13:51:07.172 [info] Extensions: No changes found during synchronizing extensions.
2024-06-22 13:51:07.181 [info] Profiles: No changes found during synchronizing profiles.
2024-06-22 13:51:07.192 [info] Sync done. Took 2061ms
2024-06-22 13:51:13.623 [info] Auto Sync: Triggered by Activity
2024-06-22 13:51:13.624 [info] Sync started.
2024-06-22 13:51:13.935 [info] Settings: No changes found during synchronizing settings.
2024-06-22 13:51:13.963 [info] Keybindings: No changes found during synchronizing keybindings.
2024-06-22 13:51:13.980 [info] Snippets: No changes found during synchronizing snippets.
2024-06-22 13:51:14.000 [info] Tasks: No changes found during synchronizing tasks.
2024-06-22 13:51:14.956 [info] GlobalState: Updated remote ui state. Updated: memento/gettingStartedService.
2024-06-22 13:51:14.975 [info] GlobalState: Updated last synchronized ui state
2024-06-22 13:51:15.338 [info] Extensions: No changes found during synchronizing extensions.
2024-06-22 13:51:15.364 [info] Profiles: No changes found during synchronizing profiles.
2024-06-22 13:51:15.372 [info] Sync done. Took 1749ms
2024-06-22 13:52:16.416 [info] Auto Sync: Triggered by Activity
2024-06-22 13:52:16.417 [info] Sync started.
2024-06-22 13:52:17.245 [info] Settings: No changes found during synchronizing settings.
2024-06-22 13:52:17.394 [info] Keybindings: No changes found during synchronizing keybindings.
2024-06-22 13:52:17.553 [info] Snippets: No changes found during synchronizing snippets.
2024-06-22 13:52:17.659 [info] Tasks: No changes found during synchronizing tasks.
2024-06-22 13:52:17.927 [info] GlobalState: No changes found during synchronizing ui state.
2024-06-22 13:52:21.388 [info] Extensions: No changes found during synchronizing extensions.
2024-06-22 13:52:21.404 [info] Profiles: No changes found during synchronizing profiles.
2024-06-22 13:52:21.414 [info] Sync done. Took 5026ms
2024-06-22 13:52:27.124 [info] Auto Sync: Triggered by Activity
2024-06-22 13:52:27.134 [info] Sync started.
2024-06-22 13:52:27.868 [info] Settings: No changes found during synchronizing settings.
2024-06-22 13:52:28.077 [info] Keybindings: No changes found during synchronizing keybindings.
2024-06-22 13:52:28.327 [info] Snippets: No changes found during synchronizing snippets.
2024-06-22 13:52:28.488 [info] Tasks: No changes found during synchronizing tasks.
2024-06-22 13:52:29.696 [info] GlobalState: Updated remote ui state. Added: workbench.panel.alignment.
2024-06-22 13:52:29.783 [info] GlobalState: Updated last synchronized ui state
2024-06-22 13:52:32.074 [info] Extensions: No changes found during synchronizing extensions.
2024-06-22 13:52:32.098 [info] Profiles: No changes found during synchronizing profiles.
2024-06-22 13:52:32.132 [info] Sync done. Took 5045ms
2024-06-22 13:52:41.969 [info] Auto Sync: Triggered by Activity
2024-06-22 13:52:41.972 [info] Sync started.
2024-06-22 13:52:44.598 [info] Settings: No changes found during synchronizing settings.
2024-06-22 13:52:46.137 [info] Keybindings: No changes found during synchronizing keybindings.
2024-06-22 13:52:46.199 [info] Snippets: No changes found during synchronizing snippets.
2024-06-22 13:52:46.230 [info] Tasks: No changes found during synchronizing tasks.
2024-06-22 13:52:47.678 [info] GlobalState: Updated remote ui state. Updated: workbench.explorer.views.state.hidden.
2024-06-22 13:52:47.986 [info] GlobalState: Updated last synchronized ui state
2024-06-22 13:52:52.862 [info] Extensions: No changes found during synchronizing extensions.
2024-06-22 13:52:53.475 [info] Profiles: No changes found during synchronizing profiles.
2024-06-22 13:52:53.491 [info] Sync done. Took 11526ms
2024-06-22 13:53:16.205 [info] Auto Sync: Triggered by Activity
2024-06-22 13:53:16.213 [info] Sync started.
2024-06-22 13:53:16.732 [info] Settings: No changes found during synchronizing settings.
2024-06-22 13:53:16.759 [info] Keybindings: No changes found during synchronizing keybindings.
2024-06-22 13:53:16.816 [info] Snippets: No changes found during synchronizing snippets.
2024-06-22 13:53:16.876 [info] Tasks: No changes found during synchronizing tasks.
2024-06-22 13:53:17.779 [info] GlobalState: Updated remote ui state. Added: workbench.view.extension.gitlensPanel.state.hidden.
2024-06-22 13:53:18.393 [info] GlobalState: Updated last synchronized ui state
2024-06-22 13:53:19.776 [info] Extensions: No changes found during synchronizing extensions.
2024-06-22 13:53:19.790 [info] Profiles: No changes found during synchronizing profiles.
2024-06-22 13:53:19.800 [info] Sync done. Took 3592ms
2024-06-22 13:53:19.803 [info] Auto Sync: Triggered by Activity
2024-06-22 13:53:19.804 [info] Sync started.
2024-06-22 13:53:20.172 [info] Settings: No changes found during synchronizing settings.
2024-06-22 13:53:20.213 [info] Keybindings: No changes found during synchronizing keybindings.
2024-06-22 13:53:20.225 [info] Snippets: No changes found during synchronizing snippets.
2024-06-22 13:53:20.255 [info] Tasks: No changes found during synchronizing tasks.
2024-06-22 13:53:20.268 [info] GlobalState: No changes found during synchronizing ui state.
2024-06-22 13:53:20.828 [info] Extensions: No changes found during synchronizing extensions.
2024-06-22 13:53:20.844 [info] Profiles: No changes found during synchronizing profiles.
2024-06-22 13:53:20.865 [info] Sync done. Took 1061ms
2024-06-22 13:58:20.880 [info] Auto Sync: Triggered by Interval
2024-06-22 13:58:20.881 [info] Sync started.
2024-06-22 13:58:22.095 [info] Settings: No changes found during synchronizing settings.
2024-06-22 13:58:22.114 [info] Keybindings: No changes found during synchronizing keybindings.
2024-06-22 13:58:22.142 [info] Snippets: No changes found during synchronizing snippets.
2024-06-22 13:58:22.157 [info] Tasks: No changes found during synchronizing tasks.
2024-06-22 13:58:22.173 [info] GlobalState: No changes found during synchronizing ui state.
2024-06-22 13:58:22.615 [info] Extensions: No changes found during synchronizing extensions.
2024-06-22 13:58:22.636 [info] Profiles: No changes found during synchronizing profiles.
2024-06-22 13:58:22.647 [info] Sync done. Took 1767ms
2024-06-22 13:58:41.205 [info] Auto Sync: Triggered by Activity
2024-06-22 13:58:41.221 [info] Sync started.
2024-06-22 13:58:41.673 [info] Settings: No changes found during synchronizing settings.
2024-06-22 13:58:41.840 [info] Keybindings: No changes found during synchronizing keybindings.
2024-06-22 13:58:41.870 [info] Snippets: No changes found during synchronizing snippets.
2024-06-22 13:58:41.926 [info] Tasks: No changes found during synchronizing tasks.
2024-06-22 13:58:41.963 [info] GlobalState: No changes found during synchronizing ui state.
2024-06-22 13:58:42.905 [info] Extensions: No changes found during synchronizing extensions.
2024-06-22 13:58:42.929 [info] Profiles: No changes found during synchronizing profiles.
2024-06-22 13:58:42.944 [info] Sync done. Took 1759ms
2024-06-22 13:58:55.267 [info] Auto Sync: Triggered by Activity
2024-06-22 13:58:55.268 [info] Sync started.
2024-06-22 13:58:55.605 [info] Settings: No changes found during synchronizing settings.
2024-06-22 13:58:55.645 [info] Keybindings: No changes found during synchronizing keybindings.
2024-06-22 13:58:55.683 [info] Snippets: No changes found during synchronizing snippets.
2024-06-22 13:58:55.724 [info] Tasks: No changes found during synchronizing tasks.
2024-06-22 13:58:55.756 [info] GlobalState: No changes found during synchronizing ui state.
2024-06-22 13:58:56.150 [info] Extensions: No changes found during synchronizing extensions.
2024-06-22 13:58:56.162 [info] Profiles: No changes found during synchronizing profiles.
2024-06-22 13:58:56.171 [info] Sync done. Took 903ms
2024-06-22 13:59:58.215 [info] Auto Sync: Triggered by Activity
2024-06-22 13:59:58.221 [info] Sync started.
2024-06-22 13:59:58.749 [info] Settings: No changes found during synchronizing settings.
2024-06-22 13:59:59.134 [info] Keybindings: No changes found during synchronizing keybindings.
2024-06-22 13:59:59.281 [info] Snippets: No changes found during synchronizing snippets.
2024-06-22 13:59:59.368 [info] Tasks: No changes found during synchronizing tasks.
2024-06-22 13:59:59.419 [info] GlobalState: No changes found during synchronizing ui state.
2024-06-22 14:00:02.253 [info] Extensions: No changes found during synchronizing extensions.
2024-06-22 14:00:02.285 [info] Profiles: No changes found during synchronizing profiles.
2024-06-22 14:00:02.300 [info] Sync done. Took 4088ms
2024-06-22 14:05:02.790 [info] Auto Sync: Triggered by Interval
2024-06-22 14:05:02.795 [info] Sync started.
2024-06-22 14:05:04.244 [info] Settings: No changes found during synchronizing settings.
2024-06-22 14:05:04.278 [info] Keybindings: No changes found during synchronizing keybindings.
2024-06-22 14:05:04.303 [info] Snippets: No changes found during synchronizing snippets.
2024-06-22 14:05:04.353 [info] Tasks: No changes found during synchronizing tasks.
2024-06-22 14:05:04.377 [info] GlobalState: No changes found during synchronizing ui state.
2024-06-22 14:05:04.907 [info] Extensions: No changes found during synchronizing extensions.
2024-06-22 14:05:04.918 [info] Profiles: No changes found during synchronizing profiles.
2024-06-22 14:05:04.936 [info] Sync done. Took 2499ms
2024-06-22 14:11:04.823 [info] Auto Sync: Triggered by Interval
2024-06-22 14:11:04.828 [info] Sync started.
2024-06-22 14:11:08.372 [info] Settings: No changes found during synchronizing settings.
2024-06-22 14:11:09.721 [info] Keybindings: No changes found during synchronizing keybindings.
2024-06-22 14:11:09.876 [info] Snippets: No changes found during synchronizing snippets.
2024-06-22 14:11:10.103 [info] Tasks: No changes found during synchronizing tasks.
2024-06-22 14:11:11.443 [info] GlobalState: No changes found during synchronizing ui state.
2024-06-22 14:11:12.771 [info] Extensions: No changes found during synchronizing extensions.
2024-06-22 14:11:12.779 [info] Profiles: No changes found during synchronizing profiles.
2024-06-22 14:11:12.790 [info] Sync done. Took 7988ms
2024-06-22 14:16:12.853 [info] Auto Sync: Triggered by Interval
2024-06-22 14:16:12.855 [info] Sync started.
2024-06-22 14:16:13.975 [info] Settings: No changes found during synchronizing settings.
2024-06-22 14:16:13.999 [info] Keybindings: No changes found during synchronizing keybindings.
2024-06-22 14:16:14.019 [info] Snippets: No changes found during synchronizing snippets.
2024-06-22 14:16:14.044 [info] Tasks: No changes found during synchronizing tasks.
2024-06-22 14:16:14.064 [info] GlobalState: No changes found during synchronizing ui state.
2024-06-22 14:16:14.623 [info] Extensions: No changes found during synchronizing extensions.
2024-06-22 14:16:14.688 [info] Profiles: No changes found during synchronizing profiles.
2024-06-22 14:16:14.728 [info] Sync done. Took 1884ms
2024-06-22 14:17:38.421 [info] Auto Sync: Triggered by Activity
2024-06-22 14:17:38.424 [info] Sync started.
2024-06-22 14:17:38.734 [info] Settings: No changes found during synchronizing settings.
2024-06-22 14:17:38.754 [info] Keybindings: No changes found during synchronizing keybindings.
2024-06-22 14:17:38.775 [info] Snippets: No changes found during synchronizing snippets.
2024-06-22 14:17:38.795 [info] Tasks: No changes found during synchronizing tasks.
2024-06-22 14:17:38.820 [info] GlobalState: No changes found during synchronizing ui state.
2024-06-22 14:17:39.184 [info] Extensions: No changes found during synchronizing extensions.
2024-06-22 14:17:39.193 [info] Profiles: No changes found during synchronizing profiles.
2024-06-22 14:17:39.205 [info] Sync done. Took 787ms
2024-06-22 14:22:39.235 [info] Auto Sync: Triggered by Interval
2024-06-22 14:22:39.240 [info] Sync started.
2024-06-22 14:22:40.749 [info] Settings: No changes found during synchronizing settings.
2024-06-22 14:22:40.796 [info] Keybindings: No changes found during synchronizing keybindings.
2024-06-22 14:22:40.892 [info] Snippets: No changes found during synchronizing snippets.
2024-06-22 14:22:40.980 [info] Tasks: No changes found during synchronizing tasks.
2024-06-22 14:22:41.006 [info] GlobalState: No changes found during synchronizing ui state.
2024-06-22 14:22:41.528 [info] Extensions: No changes found during synchronizing extensions.
2024-06-22 14:22:41.574 [info] Profiles: No changes found during synchronizing profiles.
2024-06-22 14:22:41.589 [info] Sync done. Took 2359ms
2024-06-22 14:27:41.622 [info] Auto Sync: Triggered by Interval
2024-06-22 14:27:41.626 [info] Sync started.
2024-06-22 14:27:43.148 [info] Settings: No changes found during synchronizing settings.
2024-06-22 14:27:43.182 [info] Keybindings: No changes found during synchronizing keybindings.
2024-06-22 14:27:43.200 [info] Snippets: No changes found during synchronizing snippets.
2024-06-22 14:27:43.221 [info] Tasks: No changes found during synchronizing tasks.
2024-06-22 14:27:43.239 [info] GlobalState: No changes found during synchronizing ui state.
2024-06-22 14:27:43.682 [info] Extensions: No changes found during synchronizing extensions.
2024-06-22 14:27:43.714 [info] Profiles: No changes found during synchronizing profiles.
2024-06-22 14:27:43.735 [info] Sync done. Took 2117ms
2024-06-22 14:32:43.760 [info] Auto Sync: Triggered by Interval
2024-06-22 14:32:43.763 [info] Sync started.
2024-06-22 14:32:45.273 [info] Settings: No changes found during synchronizing settings.
2024-06-22 14:32:45.291 [info] Keybindings: No changes found during synchronizing keybindings.
2024-06-22 14:32:45.311 [info] Snippets: No changes found during synchronizing snippets.
2024-06-22 14:32:45.333 [info] Tasks: No changes found during synchronizing tasks.
2024-06-22 14:32:45.360 [info] GlobalState: No changes found during synchronizing ui state.
2024-06-22 14:32:45.868 [info] Extensions: No changes found during synchronizing extensions.
2024-06-22 14:32:45.916 [info] Profiles: No changes found during synchronizing profiles.
2024-06-22 14:32:45.929 [info] Sync done. Took 2171ms
2024-06-22 15:19:03.469 [info] Auto Sync: Triggered by Interval
2024-06-22 15:19:03.472 [info] Sync started.
2024-06-22 15:19:04.696 [info] Settings: No changes found during synchronizing settings.
2024-06-22 15:19:04.727 [info] Keybindings: No changes found during synchronizing keybindings.
2024-06-22 15:19:04.752 [info] Snippets: No changes found during synchronizing snippets.
2024-06-22 15:19:04.774 [info] Tasks: No changes found during synchronizing tasks.
2024-06-22 15:19:04.819 [info] GlobalState: No changes found during synchronizing ui state.
2024-06-22 15:19:05.322 [info] Extensions: No changes found during synchronizing extensions.
2024-06-22 15:19:05.356 [info] Profiles: No changes found during synchronizing profiles.
2024-06-22 15:19:05.365 [info] Sync done. Took 1912ms
2024-06-22 15:24:05.401 [info] Auto Sync: Triggered by Interval
2024-06-22 15:24:05.404 [info] Sync started.
2024-06-22 15:24:06.704 [info] Settings: No changes found during synchronizing settings.
2024-06-22 15:24:06.745 [info] Keybindings: No changes found during synchronizing keybindings.
2024-06-22 15:24:06.801 [info] Snippets: No changes found during synchronizing snippets.
2024-06-22 15:24:06.813 [info] Tasks: No changes found during synchronizing tasks.
2024-06-22 15:24:06.832 [info] GlobalState: No changes found during synchronizing ui state.
2024-06-22 15:24:07.521 [info] Extensions: No changes found during synchronizing extensions.
2024-06-22 15:24:07.537 [info] Profiles: No changes found during synchronizing profiles.
2024-06-22 15:24:07.546 [info] Sync done. Took 2155ms
2024-06-22 15:26:26.033 [info] Auto Sync: Triggered by Activity
2024-06-22 15:26:26.090 [info] Sync started.
2024-06-22 15:26:29.240 [info] Settings: No changes found during synchronizing settings.
2024-06-22 15:26:29.330 [info] Keybindings: No changes found during synchronizing keybindings.
2024-06-22 15:26:29.532 [info] Snippets: No changes found during synchronizing snippets.
2024-06-22 15:26:29.584 [info] Tasks: No changes found during synchronizing tasks.
2024-06-22 15:26:29.911 [info] GlobalState: No changes found during synchronizing ui state.
2024-06-22 15:26:34.798 [info] Extensions: No changes found during synchronizing extensions.
2024-06-22 15:26:35.425 [info] Profiles: No changes found during synchronizing profiles.
2024-06-22 15:26:35.481 [info] Sync done. Took 9631ms
2024-06-22 15:26:54.169 [info] Auto Sync: Triggered by Activity
2024-06-22 15:26:54.187 [info] Sync started.
2024-06-22 15:26:54.606 [info] Settings: No changes found during synchronizing settings.
2024-06-22 15:26:54.651 [info] Keybindings: No changes found during synchronizing keybindings.
2024-06-22 15:26:54.718 [info] Snippets: No changes found during synchronizing snippets.
2024-06-22 15:26:54.794 [info] Tasks: No changes found during synchronizing tasks.
2024-06-22 15:26:54.879 [info] GlobalState: No changes found during synchronizing ui state.
2024-06-22 15:26:55.593 [info] Extensions: No changes found during synchronizing extensions.
2024-06-22 15:26:55.608 [info] Profiles: No changes found during synchronizing profiles.
2024-06-22 15:26:55.623 [info] Sync done. Took 1472ms
2024-06-22 15:27:51.508 [info] Auto Sync: Triggered by Activity
2024-06-22 15:27:51.527 [info] Sync started.
2024-06-22 15:27:52.693 [info] Settings: No changes found during synchronizing settings.
2024-06-22 15:27:52.939 [info] Keybindings: No changes found during synchronizing keybindings.
2024-06-22 15:27:53.134 [info] Snippets: No changes found during synchronizing snippets.
2024-06-22 15:27:53.359 [info] Tasks: No changes found during synchronizing tasks.
2024-06-22 15:27:53.469 [info] GlobalState: No changes found during synchronizing ui state.
2024-06-22 15:27:56.897 [info] Extensions: No changes found during synchronizing extensions.
2024-06-22 15:27:56.967 [info] Profiles: No changes found during synchronizing profiles.
2024-06-22 15:27:57.022 [info] Sync done. Took 5505ms
2024-06-22 15:29:34.898 [info] Auto Sync: Triggered by Activity
2024-06-22 15:29:34.899 [info] Sync started.
2024-06-22 15:29:35.263 [info] Settings: No changes found during synchronizing settings.
2024-06-22 15:29:35.293 [info] Keybindings: No changes found during synchronizing keybindings.
2024-06-22 15:29:35.318 [info] Snippets: No changes found during synchronizing snippets.
2024-06-22 15:29:35.341 [info] Tasks: No changes found during synchronizing tasks.
2024-06-22 15:29:35.362 [info] GlobalState: No changes found during synchronizing ui state.
2024-06-22 15:29:35.762 [info] Extensions: No changes found during synchronizing extensions.
2024-06-22 15:29:35.809 [info] Profiles: No changes found during synchronizing profiles.
2024-06-22 15:29:35.831 [info] Sync done. Took 939ms
2024-06-22 15:30:35.730 [info] Auto Sync: Triggered by Activity
2024-06-22 15:30:35.747 [info] Sync started.
2024-06-22 15:30:38.158 [info] Settings: Updated remote settings
2024-06-22 15:30:38.275 [info] Settings: Updated last synchronized settings
2024-06-22 15:30:38.463 [info] Keybindings: No changes found during synchronizing keybindings.
2024-06-22 15:30:38.801 [info] Snippets: No changes found during synchronizing snippets.
2024-06-22 15:30:39.132 [info] Tasks: No changes found during synchronizing tasks.
2024-06-22 15:30:40.388 [info] GlobalState: Updated remote ui state. Updated: colorThemeData.
2024-06-22 15:30:40.444 [info] GlobalState: Updated last synchronized ui state
2024-06-22 15:30:42.070 [info] Extensions: No changes found during synchronizing extensions.
2024-06-22 15:30:42.085 [info] Profiles: No changes found during synchronizing profiles.
2024-06-22 15:30:42.105 [info] Sync done. Took 6484ms
2024-06-22 15:30:47.429 [info] Auto Sync: Triggered by Activity
2024-06-22 15:30:47.474 [info] Sync started.
2024-06-22 15:30:48.026 [info] Settings: No changes found during synchronizing settings.
2024-06-22 15:30:48.284 [info] Keybindings: No changes found during synchronizing keybindings.
2024-06-22 15:30:48.322 [info] Snippets: No changes found during synchronizing snippets.
2024-06-22 15:30:48.347 [info] Tasks: No changes found during synchronizing tasks.
2024-06-22 15:30:48.364 [info] GlobalState: No changes found during synchronizing ui state.
2024-06-22 15:30:48.989 [info] Extensions: No changes found during synchronizing extensions.
2024-06-22 15:30:49.058 [info] Profiles: No changes found during synchronizing profiles.
2024-06-22 15:30:49.096 [info] Sync done. Took 1695ms
2024-06-22 15:32:53.693 [info] Auto Sync: Triggered by Activity
2024-06-22 15:32:53.695 [info] Sync started.
2024-06-22 15:32:54.112 [info] Settings: No changes found during synchronizing settings.
2024-06-22 15:32:54.130 [info] Keybindings: No changes found during synchronizing keybindings.
2024-06-22 15:32:54.152 [info] Snippets: No changes found during synchronizing snippets.
2024-06-22 15:32:54.173 [info] Tasks: No changes found during synchronizing tasks.
2024-06-22 15:32:54.193 [info] GlobalState: No changes found during synchronizing ui state.
2024-06-22 15:32:55.014 [info] Extensions: No changes found during synchronizing extensions.
2024-06-22 15:32:55.039 [info] Profiles: No changes found during synchronizing profiles.
2024-06-22 15:32:55.085 [info] Sync done. Took 1376ms
2024-06-22 15:37:55.099 [info] Auto Sync: Triggered by Interval
2024-06-22 15:37:55.103 [info] Sync started.
2024-06-22 15:37:56.336 [info] Settings: No changes found during synchronizing settings.
2024-06-22 15:37:56.366 [info] Keybindings: No changes found during synchronizing keybindings.
2024-06-22 15:37:56.435 [info] Snippets: No changes found during synchronizing snippets.
2024-06-22 15:37:56.450 [info] Tasks: No changes found during synchronizing tasks.
2024-06-22 15:37:56.518 [info] GlobalState: No changes found during synchronizing ui state.
2024-06-22 15:37:57.272 [info] Extensions: No changes found during synchronizing extensions.
2024-06-22 15:37:57.292 [info] Profiles: No changes found during synchronizing profiles.
2024-06-22 15:37:57.321 [info] Sync done. Took 2218ms
2024-06-22 15:38:43.087 [info] Auto Sync: Triggered by Activity
2024-06-22 15:38:43.140 [info] Sync started.
2024-06-22 15:38:44.759 [info] Settings: No changes found during synchronizing settings.
2024-06-22 15:38:44.989 [info] Keybindings: No changes found during synchronizing keybindings.
2024-06-22 15:38:45.079 [info] Snippets: No changes found during synchronizing snippets.
2024-06-22 15:38:45.254 [info] Tasks: No changes found during synchronizing tasks.
2024-06-22 15:38:45.488 [info] GlobalState: No changes found during synchronizing ui state.
2024-06-22 15:38:47.662 [info] Extensions: No changes found during synchronizing extensions.
2024-06-22 15:38:47.708 [info] Profiles: No changes found during synchronizing profiles.
2024-06-22 15:38:47.775 [info] Sync done. Took 4770ms
