2024-06-20 12:22:48.481 [info] Log level: Info
2024-06-20 12:22:48.481 [info] Validating found git in: "git"
2024-06-20 12:22:48.481 [info] Using git "2.39.2" from "git"
2024-06-20 12:37:04.565 [info] > git rev-parse --show-toplevel [121ms]
2024-06-20 12:37:04.575 [info] fatal: not a git repository (or any of the parent directories): .git
2024-06-20 12:38:07.425 [info] > git rev-parse --show-toplevel [69ms]
2024-06-20 12:38:07.426 [info] fatal: not a git repository (or any of the parent directories): .git
2024-06-20 12:39:29.455 [info] > git rev-parse --show-toplevel [77ms]
2024-06-20 12:39:29.456 [info] fatal: not a git repository (or any of the parent directories): .git
2024-06-20 12:41:34.684 [info] > git rev-parse --show-toplevel [71ms]
2024-06-20 12:41:34.684 [info] fatal: not a git repository (or any of the parent directories): .git
2024-06-20 12:42:18.551 [info] > git rev-parse --show-toplevel [23ms]
2024-06-20 12:42:18.552 [info] fatal: not a git repository (or any of the parent directories): .git
2024-06-20 12:42:53.947 [info] > git rev-parse --show-toplevel [15ms]
2024-06-20 12:42:53.948 [info] fatal: not a git repository (or any of the parent directories): .git
2024-06-20 12:43:33.170 [info] > git rev-parse --show-toplevel [78ms]
2024-06-20 12:43:33.172 [info] fatal: not a git repository (or any of the parent directories): .git
2024-06-20 12:44:41.157 [info] > git rev-parse --show-toplevel [28ms]
2024-06-20 12:44:41.158 [info] fatal: not a git repository (or any of the parent directories): .git
2024-06-20 12:46:10.173 [info] > git rev-parse --show-toplevel [28ms]
2024-06-20 12:46:10.173 [info] fatal: not a git repository (or any of the parent directories): .git
2024-06-20 12:46:36.396 [info] > git rev-parse --show-toplevel [47ms]
2024-06-20 12:46:36.397 [info] fatal: not a git repository (or any of the parent directories): .git
2024-06-20 12:47:27.137 [info] > git rev-parse --show-toplevel [24ms]
2024-06-20 12:47:27.138 [info] fatal: not a git repository (or any of the parent directories): .git
2024-06-20 12:47:30.097 [info] > git rev-parse --show-toplevel [31ms]
2024-06-20 12:47:30.097 [info] fatal: not a git repository (or any of the parent directories): .git
2024-06-20 12:47:54.023 [info] > git rev-parse --show-toplevel [14ms]
2024-06-20 12:47:54.023 [info] fatal: not a git repository (or any of the parent directories): .git
2024-06-20 12:54:36.881 [info] > git rev-parse --show-toplevel [97ms]
2024-06-20 12:54:36.886 [info] fatal: not a git repository (or any of the parent directories): .git
2024-06-20 12:54:39.622 [info] > git rev-parse --show-toplevel [54ms]
2024-06-20 12:54:39.622 [info] fatal: not a git repository (or any of the parent directories): .git
2024-06-20 12:55:16.081 [info] > git rev-parse --show-toplevel [39ms]
2024-06-20 12:55:16.082 [info] fatal: not a git repository (or any of the parent directories): .git
2024-06-20 12:55:42.110 [info] > git rev-parse --show-toplevel [6648ms]
2024-06-20 12:55:42.110 [info] fatal: not a git repository (or any of the parent directories): .git
2024-06-20 12:55:44.125 [info] > git rev-parse --show-toplevel [1416ms]
2024-06-20 12:55:44.130 [info] fatal: not a git repository (or any of the parent directories): .git
2024-06-20 12:56:23.091 [info] > git rev-parse --show-toplevel [171ms]
2024-06-20 12:56:23.098 [info] fatal: not a git repository (or any of the parent directories): .git
2024-06-20 12:57:08.482 [info] > git rev-parse --show-toplevel [104ms]
2024-06-20 12:57:08.482 [info] fatal: not a git repository (or any of the parent directories): .git
2024-06-20 13:00:59.868 [info] > git rev-parse --show-toplevel [275ms]
2024-06-20 13:00:59.869 [info] fatal: not a git repository (or any of the parent directories): .git
2024-06-20 13:01:44.587 [info] > git rev-parse --show-toplevel [91ms]
2024-06-20 13:01:44.591 [info] fatal: not a git repository (or any of the parent directories): .git
2024-06-20 13:03:01.941 [info] > git rev-parse --show-toplevel [172ms]
2024-06-20 13:03:01.941 [info] fatal: not a git repository (or any of the parent directories): .git
2024-06-20 13:03:03.929 [info] > git rev-parse --show-toplevel [20ms]
2024-06-20 13:03:03.929 [info] fatal: not a git repository (or any of the parent directories): .git
2024-06-20 13:11:04.752 [info] > git rev-parse --show-toplevel [127ms]
2024-06-20 13:11:04.753 [info] fatal: not a git repository (or any of the parent directories): .git
2024-06-20 13:11:05.226 [info] > git rev-parse --show-toplevel [164ms]
2024-06-20 13:11:05.226 [info] fatal: not a git repository (or any of the parent directories): .git
2024-06-20 13:11:06.656 [info] > git rev-parse --show-toplevel [82ms]
2024-06-20 13:11:06.656 [info] fatal: not a git repository (or any of the parent directories): .git
2024-06-20 13:11:13.172 [info] > git rev-parse --show-toplevel [12ms]
2024-06-20 13:11:13.172 [info] fatal: not a git repository (or any of the parent directories): .git
2024-06-20 13:11:15.500 [info] > git rev-parse --show-toplevel [42ms]
2024-06-20 13:11:15.501 [info] fatal: not a git repository (or any of the parent directories): .git
2024-06-20 13:11:19.610 [info] > git rev-parse --show-toplevel [48ms]
2024-06-20 13:11:19.610 [info] fatal: not a git repository (or any of the parent directories): .git
