2024-06-20 12:22:37.398 [info] Extension host with pid 9542 started
2024-06-20 12:22:40.144 [info] ExtensionService#_doActivateExtension vscode.git-base, startup: true, activationEvent: '*', root cause: vscode.git
2024-06-20 12:22:40.553 [info] ExtensionService#_doActivateExtension vscode.git, startup: true, activationEvent: '*'
2024-06-20 12:22:42.235 [info] ExtensionService#_doActivateExtension vscode.github, startup: true, activationEvent: '*'
2024-06-20 12:22:43.652 [info] ExtensionService#_doActivateExtension vscode.json-language-features, startup: false, activationEvent: 'onLanguage:jsonc'
2024-06-20 12:22:44.433 [info] ExtensionService#_doActivateExtension vscode.typescript-language-features, startup: false, activationEvent: 'onLanguage:jsonc'
2024-06-20 12:22:45.075 [info] ExtensionService#_doActivateExtension vscode.emmet, startup: false, activationEvent: 'onLanguage'
2024-06-20 12:22:46.716 [info] Eager extensions activated
2024-06-20 12:22:48.806 [info] ExtensionService#_doActivateExtension vscode.debug-auto-launch, startup: false, activationEvent: 'onStartupFinished'
2024-06-20 12:22:48.825 [info] ExtensionService#_doActivateExtension vscode.merge-conflict, startup: false, activationEvent: 'onStartupFinished'
2024-06-20 12:25:27.701 [info] ExtensionService#_doActivateExtension vscode.github-authentication, startup: false, activationEvent: 'onAuthenticationRequest:github'
2024-06-20 12:25:27.983 [info] ExtensionService#_doActivateExtension vscode.microsoft-authentication, startup: false, activationEvent: 'onAuthenticationRequest:microsoft'
2024-06-20 12:28:19.806 [info] ExtensionService#_doActivateExtension vscodevim.vim, startup: false, activationEvent: 'onStartupFinished'
2024-06-20 12:28:22.854 [error] Error: ENOENT: no such file or directory, open '/home/blessingwilliam195/.config/Code/User/globalStorage/vscodevim.vim/.registers'
2024-06-20 12:28:33.413 [info] ExtensionService#_doActivateExtension eamodio.gitlens, startup: false, activationEvent: 'onWalkthrough:welcome'
2024-06-20 12:37:04.906 [info] ExtensionService#_doActivateExtension vscode.html-language-features, startup: false, activationEvent: 'onLanguage:html'
2024-06-20 12:42:54.124 [info] ExtensionService#_doActivateExtension vscode.css-language-features, startup: false, activationEvent: 'onLanguage:css'
2024-06-20 12:55:16.386 [info] ExtensionService#_doActivateExtension vscode.php-language-features, startup: false, activationEvent: 'onLanguage:php'
2024-06-20 12:55:16.770 [info] ExtensionService#_doActivateExtension DEVSENSE.intelli-php-vscode, startup: false, activationEvent: 'onLanguage:php'
2024-06-20 12:55:19.184 [info] ExtensionService#_doActivateExtension DEVSENSE.phptools-vscode, startup: false, activationEvent: 'onLanguage:php'
2024-06-20 12:56:02.881 [error] Error: Webview is disposed
	at S.a (/usr/share/code/resources/app/out/vs/workbench/api/node/extensionHostProcess.js:145:17979)
	at set html (/usr/share/code/resources/app/out/vs/workbench/api/node/extensionHostProcess.js:145:17338)
	at qs.<anonymous> (/home/blessingwilliam195/.vscode/extensions/devsense.phptools-vscode-1.48.15635-linux-x64/out/src/extension.js:580:16865)
	at Generator.next (<anonymous>)
	at a (/home/blessingwilliam195/.vscode/extensions/devsense.phptools-vscode-1.48.15635-linux-x64/out/src/extension.js:1:1115)
2024-06-20 13:03:11.644 [info] ExtensionService#_doActivateExtension vscode.debug-server-ready, startup: false, activationEvent: 'onDebugResolve'
2024-06-20 13:03:11.709 [info] ExtensionService#_doActivateExtension ms-vscode.js-debug, startup: false, activationEvent: 'onDebugResolve:pwa-chrome'
2024-06-20 13:11:05.509 [warning] ExtHostTextEditorOptions 'setCursorStyle' failed:'
2024-06-20 13:11:05.528 [warning] Illegal argument: TextEditor(vs.editor.ICodeEditor:3,$model12)
