2024-06-22 12:54:48.891 [info] Extension host with pid 500 started
2024-06-22 12:54:52.911 [info] ExtensionService#_doActivateExtension vscode.emmet, startup: false, activationEvent: 'onLanguage'
2024-06-22 12:54:52.982 [info] ExtensionService#_doActivateExtension vscode.html-language-features, startup: false, activationEvent: 'onLanguage:html'
2024-06-22 12:54:53.640 [info] ExtensionService#_doActivateExtension vscode.git-base, startup: true, activationEvent: '*', root cause: vscode.git
2024-06-22 12:54:56.243 [info] ExtensionService#_doActivateExtension vscode.git, startup: true, activationEvent: '*'
2024-06-22 12:54:56.731 [info] ExtensionService#_doActivateExtension vscode.github, startup: true, activationEvent: '*'
2024-06-22 12:54:59.678 [info] Eager extensions activated
2024-06-22 12:55:00.638 [info] ExtensionService#_doActivateExtension vscode.debug-auto-launch, startup: false, activationEvent: 'onStartupFinished'
2024-06-22 12:55:00.672 [info] ExtensionService#_doActivateExtension vscode.merge-conflict, startup: false, activationEvent: 'onStartupFinished'
2024-06-22 12:55:00.949 [info] ExtensionService#_doActivateExtension eamodio.gitlens, startup: false, activationEvent: 'onStartupFinished'
2024-06-22 12:55:01.603 [info] ExtensionService#_doActivateExtension vscodevim.vim, startup: false, activationEvent: 'onStartupFinished'
2024-06-22 12:55:06.165 [error] Error: ENOENT: no such file or directory, open '/home/blessingwilliam195/.config/Code/User/globalStorage/vscodevim.vim/.registers'
2024-06-22 12:55:06.509 [info] ExtensionService#_doActivateExtension vscode.github-authentication, startup: false, activationEvent: 'onAuthenticationRequest:github'
2024-06-22 12:55:13.688 [info] ExtensionService#_doActivateExtension vscode.json-language-features, startup: false, activationEvent: 'onLanguage:jsonc'
2024-06-22 12:55:13.829 [info] ExtensionService#_doActivateExtension vscode.typescript-language-features, startup: false, activationEvent: 'onLanguage:jsonc'
2024-06-22 13:00:49.346 [info] ExtensionService#_doActivateExtension vscode.php-language-features, startup: false, activationEvent: 'onLanguage:php'
2024-06-22 13:00:49.615 [info] ExtensionService#_doActivateExtension DEVSENSE.intelli-php-vscode, startup: false, activationEvent: 'onLanguage:php'
2024-06-22 13:00:49.902 [info] ExtensionService#_doActivateExtension DEVSENSE.phptools-vscode, startup: false, activationEvent: 'onLanguage:php'
2024-06-22 13:04:48.634 [info] ExtensionService#_doActivateExtension vscode.npm, startup: false, activationEvent: 'onTerminalQuickFixRequest:ms-vscode.npm-command'
2024-06-22 13:15:55.293 [error] Error: 'github' authentication is required for this operation
	at GitHubGitProvider.r (/home/blessingwilliam195/.vscode/extensions/eamodio.gitlens-15.1.0/dist/integrations.js:675:42827)
2024-06-22 13:15:55.362 [error] Error: 'github' authentication is required for this operation
	at GitHubGitProvider.r (/home/blessingwilliam195/.vscode/extensions/eamodio.gitlens-15.1.0/dist/integrations.js:675:42827)
2024-06-22 13:52:24.842 [info] Extension host terminating: renderer closed the MessagePort
2024-06-22 13:52:26.315 [error] Canceled: Canceled
	at new A (/usr/share/code/resources/app/out/vs/workbench/api/node/extensionHostProcess.js:143:50615)
	at E.U (/usr/share/code/resources/app/out/vs/workbench/api/node/extensionHostProcess.js:150:6007)
	at z.<computed>.M.charCodeAt.R.CharCode.DollarSign.z.<computed> (/usr/share/code/resources/app/out/vs/workbench/api/node/extensionHostProcess.js:150:3091)
	at h.g (/usr/share/code/resources/app/out/vs/workbench/api/node/extensionHostProcess.js:153:199937)
	at h.executeCommand (/usr/share/code/resources/app/out/vs/workbench/api/node/extensionHostProcess.js:153:199375)
	at I.registerCommand.description (/usr/share/code/resources/app/out/vs/workbench/api/node/extensionHostProcess.js:153:198699)
	at h (/usr/share/code/resources/app/out/vs/workbench/api/node/extensionHostProcess.js:153:200476)
	at h.g (/usr/share/code/resources/app/out/vs/workbench/api/node/extensionHostProcess.js:153:199468)
	at h.executeCommand (/usr/share/code/resources/app/out/vs/workbench/api/node/extensionHostProcess.js:153:199375)
	at Object.executeCommand (/usr/share/code/resources/app/out/vs/workbench/api/node/extensionHostProcess.js:163:22742)
	at w (/home/blessingwilliam195/.vscode/extensions/eamodio.gitlens-15.1.0/dist/gitlens.js:1453:39714)
	at c (/home/blessingwilliam195/.vscode/extensions/eamodio.gitlens-15.1.0/dist/gitlens.js:1453:44753)
	at ActionRunners._updateContextKeys (/home/blessingwilliam195/.vscode/extensions/eamodio.gitlens-15.1.0/dist/gitlens.js:1099:18425)
	at s (/home/blessingwilliam195/.vscode/extensions/eamodio.gitlens-15.1.0/dist/gitlens.js:1099:16869)
	at RegisteredActionRunner.unregister (/home/blessingwilliam195/.vscode/extensions/eamodio.gitlens-15.1.0/dist/gitlens.js:1099:17012)
	at RegisteredActionRunner.dispose (/home/blessingwilliam195/.vscode/extensions/eamodio.gitlens-15.1.0/dist/gitlens.js:1099:15665)
	at ActionRunners.dispose (/home/blessingwilliam195/.vscode/extensions/eamodio.gitlens-15.1.0/dist/gitlens.js:1099:16452)
	at /home/blessingwilliam195/.vscode/extensions/eamodio.gitlens-15.1.0/dist/gitlens.js:1412:20105
	at Array.forEach (<anonymous>)
	at Object.dispose (/home/blessingwilliam195/.vscode/extensions/eamodio.gitlens-15.1.0/dist/gitlens.js:1412:20087)
	at f (/usr/share/code/resources/app/out/vs/workbench/api/node/extensionHostProcess.js:30:744)
	at u.eb (/usr/share/code/resources/app/out/vs/workbench/api/node/extensionHostProcess.js:159:9991)
	at /usr/share/code/resources/app/out/vs/workbench/api/node/extensionHostProcess.js:159:7867
	at Array.map (<anonymous>)
	at u.$ (/usr/share/code/resources/app/out/vs/workbench/api/node/extensionHostProcess.js:159:7854)
	at u.terminate (/usr/share/code/resources/app/out/vs/workbench/api/node/extensionHostProcess.js:159:8127)
	at f.terminate (/usr/share/code/resources/app/out/vs/workbench/api/node/extensionHostProcess.js:163:1513)
	at t (/usr/share/code/resources/app/out/vs/workbench/api/node/extensionHostProcess.js:176:10459)
	at MessagePortMain.<anonymous> (/usr/share/code/resources/app/out/vs/workbench/api/node/extensionHostProcess.js:176:6675)
	at MessagePortMain.emit (node:events:514:28)
	at MessagePortMain._internalPort.emit (node:electron/js2c/utility_init:2:2285) setContext undefined
2024-06-22 13:52:26.316 [error] Canceled: Canceled
	at new A (/usr/share/code/resources/app/out/vs/workbench/api/node/extensionHostProcess.js:143:50615)
	at E.U (/usr/share/code/resources/app/out/vs/workbench/api/node/extensionHostProcess.js:150:6007)
	at z.<computed>.M.charCodeAt.R.CharCode.DollarSign.z.<computed> (/usr/share/code/resources/app/out/vs/workbench/api/node/extensionHostProcess.js:150:3091)
	at h.g (/usr/share/code/resources/app/out/vs/workbench/api/node/extensionHostProcess.js:153:199937)
	at h.executeCommand (/usr/share/code/resources/app/out/vs/workbench/api/node/extensionHostProcess.js:153:199375)
	at I.registerCommand.description (/usr/share/code/resources/app/out/vs/workbench/api/node/extensionHostProcess.js:153:198699)
	at h (/usr/share/code/resources/app/out/vs/workbench/api/node/extensionHostProcess.js:153:200476)
	at h.g (/usr/share/code/resources/app/out/vs/workbench/api/node/extensionHostProcess.js:153:199468)
	at h.executeCommand (/usr/share/code/resources/app/out/vs/workbench/api/node/extensionHostProcess.js:153:199375)
	at Object.executeCommand (/usr/share/code/resources/app/out/vs/workbench/api/node/extensionHostProcess.js:163:22742)
	at w (/home/blessingwilliam195/.vscode/extensions/eamodio.gitlens-15.1.0/dist/gitlens.js:1453:39714)
	at c (/home/blessingwilliam195/.vscode/extensions/eamodio.gitlens-15.1.0/dist/gitlens.js:1453:44753)
	at ActionRunners._updateContextKeys (/home/blessingwilliam195/.vscode/extensions/eamodio.gitlens-15.1.0/dist/gitlens.js:1099:18425)
	at s (/home/blessingwilliam195/.vscode/extensions/eamodio.gitlens-15.1.0/dist/gitlens.js:1099:16869)
	at RegisteredActionRunner.unregister (/home/blessingwilliam195/.vscode/extensions/eamodio.gitlens-15.1.0/dist/gitlens.js:1099:17012)
	at RegisteredActionRunner.dispose (/home/blessingwilliam195/.vscode/extensions/eamodio.gitlens-15.1.0/dist/gitlens.js:1099:15665)
	at ActionRunners.dispose (/home/blessingwilliam195/.vscode/extensions/eamodio.gitlens-15.1.0/dist/gitlens.js:1099:16452)
	at /home/blessingwilliam195/.vscode/extensions/eamodio.gitlens-15.1.0/dist/gitlens.js:1412:20105
	at Array.forEach (<anonymous>)
	at Object.dispose (/home/blessingwilliam195/.vscode/extensions/eamodio.gitlens-15.1.0/dist/gitlens.js:1412:20087)
	at f (/usr/share/code/resources/app/out/vs/workbench/api/node/extensionHostProcess.js:30:744)
	at u.eb (/usr/share/code/resources/app/out/vs/workbench/api/node/extensionHostProcess.js:159:9991)
	at /usr/share/code/resources/app/out/vs/workbench/api/node/extensionHostProcess.js:159:7867
	at Array.map (<anonymous>)
	at u.$ (/usr/share/code/resources/app/out/vs/workbench/api/node/extensionHostProcess.js:159:7854)
	at u.terminate (/usr/share/code/resources/app/out/vs/workbench/api/node/extensionHostProcess.js:159:8127)
	at f.terminate (/usr/share/code/resources/app/out/vs/workbench/api/node/extensionHostProcess.js:163:1513)
	at t (/usr/share/code/resources/app/out/vs/workbench/api/node/extensionHostProcess.js:176:10459)
	at MessagePortMain.<anonymous> (/usr/share/code/resources/app/out/vs/workbench/api/node/extensionHostProcess.js:176:6675)
	at MessagePortMain.emit (node:events:514:28)
	at MessagePortMain._internalPort.emit (node:electron/js2c/utility_init:2:2285) setContext undefined
2024-06-22 13:52:26.321 [error] Canceled: Canceled
	at new A (/usr/share/code/resources/app/out/vs/workbench/api/node/extensionHostProcess.js:143:50615)
	at E.U (/usr/share/code/resources/app/out/vs/workbench/api/node/extensionHostProcess.js:150:6007)
	at z.<computed>.M.charCodeAt.R.CharCode.DollarSign.z.<computed> (/usr/share/code/resources/app/out/vs/workbench/api/node/extensionHostProcess.js:150:3091)
	at h.g (/usr/share/code/resources/app/out/vs/workbench/api/node/extensionHostProcess.js:153:199937)
	at h.executeCommand (/usr/share/code/resources/app/out/vs/workbench/api/node/extensionHostProcess.js:153:199375)
	at I.registerCommand.description (/usr/share/code/resources/app/out/vs/workbench/api/node/extensionHostProcess.js:153:198699)
	at h (/usr/share/code/resources/app/out/vs/workbench/api/node/extensionHostProcess.js:153:200476)
	at h.g (/usr/share/code/resources/app/out/vs/workbench/api/node/extensionHostProcess.js:153:199468)
	at h.executeCommand (/usr/share/code/resources/app/out/vs/workbench/api/node/extensionHostProcess.js:153:199375)
	at Object.executeCommand (/usr/share/code/resources/app/out/vs/workbench/api/node/extensionHostProcess.js:163:22742)
	at w (/home/blessingwilliam195/.vscode/extensions/eamodio.gitlens-15.1.0/dist/gitlens.js:1453:39714)
	at c (/home/blessingwilliam195/.vscode/extensions/eamodio.gitlens-15.1.0/dist/gitlens.js:1453:44753)
	at ActionRunners._updateContextKeys (/home/blessingwilliam195/.vscode/extensions/eamodio.gitlens-15.1.0/dist/gitlens.js:1099:18425)
	at s (/home/blessingwilliam195/.vscode/extensions/eamodio.gitlens-15.1.0/dist/gitlens.js:1099:16869)
	at RegisteredActionRunner.unregister (/home/blessingwilliam195/.vscode/extensions/eamodio.gitlens-15.1.0/dist/gitlens.js:1099:17012)
	at RegisteredActionRunner.dispose (/home/blessingwilliam195/.vscode/extensions/eamodio.gitlens-15.1.0/dist/gitlens.js:1099:15665)
	at ActionRunners.dispose (/home/blessingwilliam195/.vscode/extensions/eamodio.gitlens-15.1.0/dist/gitlens.js:1099:16452)
	at /home/blessingwilliam195/.vscode/extensions/eamodio.gitlens-15.1.0/dist/gitlens.js:1412:20105
	at Array.forEach (<anonymous>)
	at Object.dispose (/home/blessingwilliam195/.vscode/extensions/eamodio.gitlens-15.1.0/dist/gitlens.js:1412:20087)
	at f (/usr/share/code/resources/app/out/vs/workbench/api/node/extensionHostProcess.js:30:744)
	at u.eb (/usr/share/code/resources/app/out/vs/workbench/api/node/extensionHostProcess.js:159:9991)
	at /usr/share/code/resources/app/out/vs/workbench/api/node/extensionHostProcess.js:159:7867
	at Array.map (<anonymous>)
	at u.$ (/usr/share/code/resources/app/out/vs/workbench/api/node/extensionHostProcess.js:159:7854)
	at u.terminate (/usr/share/code/resources/app/out/vs/workbench/api/node/extensionHostProcess.js:159:8127)
	at f.terminate (/usr/share/code/resources/app/out/vs/workbench/api/node/extensionHostProcess.js:163:1513)
	at t (/usr/share/code/resources/app/out/vs/workbench/api/node/extensionHostProcess.js:176:10459)
	at MessagePortMain.<anonymous> (/usr/share/code/resources/app/out/vs/workbench/api/node/extensionHostProcess.js:176:6675)
	at MessagePortMain.emit (node:events:514:28)
	at MessagePortMain._internalPort.emit (node:electron/js2c/utility_init:2:2285) setContext undefined
2024-06-22 13:52:26.478 [error] Error: ENOENT: no such file or directory, open '/home/blessingwilliam195/.config/Code/User/globalStorage/vscodevim.vim/.registers'
2024-06-22 13:52:26.995 [error] Error: Channel has been closed
	at h (/usr/share/code/resources/app/out/vs/workbench/api/node/extensionHostProcess.js:156:2490)
	at Object.appendLine (/usr/share/code/resources/app/out/vs/workbench/api/node/extensionHostProcess.js:156:2608)
	at w.logOutputMessage (/usr/share/code/resources/app/extensions/html-language-features/client/dist/node/htmlClientMain.js:1:255724)
	at w.info (/usr/share/code/resources/app/extensions/html-language-features/client/dist/node/htmlClientMain.js:1:255457)
	at ChildProcess.<anonymous> (/usr/share/code/resources/app/extensions/html-language-features/client/dist/node/htmlClientMain.js:1:439211)
	at ChildProcess.emit (node:events:514:28)
	at ChildProcess._handle.onexit (node:internal/child_process:294:12)
2024-06-22 13:52:27.895 [info] Extension host with pid 500 exiting with code 0
2024-06-22 13:52:45.774 [info] Extension host with pid 5697 started
2024-06-22 13:52:45.774 [info] Skipping acquiring lock for /home/blessingwilliam195/.config/Code/User/workspaceStorage/b743fba4af1ea38daabb3d85d9b9f84c.
2024-06-22 13:52:47.802 [info] ExtensionService#_doActivateExtension vscode.git-base, startup: true, activationEvent: '*'
2024-06-22 13:52:50.275 [info] ExtensionService#_doActivateExtension vscode.github, startup: true, activationEvent: '*'
2024-06-22 13:52:51.838 [info] Eager extensions activated
2024-06-22 13:52:52.845 [info] ExtensionService#_doActivateExtension vscode.debug-auto-launch, startup: false, activationEvent: 'onStartupFinished'
2024-06-22 13:52:52.933 [info] ExtensionService#_doActivateExtension vscode.merge-conflict, startup: false, activationEvent: 'onStartupFinished'
2024-06-22 13:52:53.059 [info] ExtensionService#_doActivateExtension eamodio.gitlens, startup: false, activationEvent: 'onStartupFinished'
2024-06-22 13:52:53.527 [info] ExtensionService#_doActivateExtension vscodevim.vim, startup: false, activationEvent: 'onStartupFinished'
2024-06-22 13:52:56.951 [error] Error: ENOENT: no such file or directory, open '/home/blessingwilliam195/.config/Code/User/globalStorage/vscodevim.vim/.registers'
2024-06-22 13:52:57.562 [info] ExtensionService#_doActivateExtension vscode.github-authentication, startup: false, activationEvent: 'onAuthenticationRequest:github'
2024-06-22 13:53:14.727 [info] ExtensionService#_doActivateExtension vscode.git, startup: false, activationEvent: 'api', root cause: vscode.github
2024-06-22 13:53:16.178 [info] ExtensionService#_doActivateExtension vscode.emmet, startup: false, activationEvent: 'onLanguage'
2024-06-22 13:56:23.262 [error] Error: spawn git ENOENT
	at ChildProcess._handle.onexit (node:internal/child_process:286:19)
	at onErrorNT (node:internal/child_process:484:16)
	at process.processTicksAndRejections (node:internal/process/task_queues:82:21)
2024-06-22 13:56:24.267 [error] Error: spawn git ENOENT
	at ChildProcess._handle.onexit (node:internal/child_process:286:19)
	at onErrorNT (node:internal/child_process:484:16)
	at process.processTicksAndRejections (node:internal/process/task_queues:82:21)
2024-06-22 14:00:02.806 [error] FetchError: request to https://github.com/shengyou/vscode-handler failed, reason: 
	at ClientRequest.<anonymous> (/home/blessingwilliam195/.vscode/extensions/eamodio.gitlens-15.1.0/dist/gitlens.js:1510:22380)
	at ClientRequest.emit (node:events:526:35)
	at TLSSocket.socketErrorListener (node:_http_client:495:9)
	at TLSSocket.emit (node:events:514:28)
	at emitErrorNT (node:internal/streams/destroy:151:8)
	at emitErrorCloseNT (node:internal/streams/destroy:116:3)
	at processTicksAndRejections (node:internal/process/task_queues:82:21)
	at runNextTicks (node:internal/process/task_queues:64:3)
	at process.processTimers (node:internal/timers:511:9)
2024-06-22 15:27:17.746 [warning] TextEditor is closed/disposed
2024-06-22 15:27:50.844 [info] ExtensionService#_doActivateExtension vscode.html-language-features, startup: false, activationEvent: 'onLanguage:html'
2024-06-22 15:30:32.068 [info] ExtensionService#_doActivateExtension vscode.json-language-features, startup: false, activationEvent: 'onLanguage:jsonc'
2024-06-22 15:30:32.825 [info] ExtensionService#_doActivateExtension vscode.typescript-language-features, startup: false, activationEvent: 'onLanguage:jsonc'
2024-06-22 15:30:41.067 [warning] TextEditor is closed/disposed
2024-06-22 15:40:11.207 [warning] TextEditor is closed/disposed
2024-06-22 15:41:07.229 [info] Extension host terminating: renderer closed the MessagePort
2024-06-22 15:41:12.341 [warning] Canceled
2024-06-22 15:41:12.370 [error] Canceled: Canceled
	at Object.S [as $6] (/usr/share/code/resources/app/out/vs/workbench/api/node/extensionHostProcess.js:10:967)
	at /usr/share/code/resources/app/out/vs/workbench/api/node/extensionHostProcess.js:150:2390
	at Array.forEach (<anonymous>)
	at E.dispose (/usr/share/code/resources/app/out/vs/workbench/api/node/extensionHostProcess.js:150:2328)
	at u.terminate (/usr/share/code/resources/app/out/vs/workbench/api/node/extensionHostProcess.js:159:8103)
	at f.terminate (/usr/share/code/resources/app/out/vs/workbench/api/node/extensionHostProcess.js:163:1513)
	at t (/usr/share/code/resources/app/out/vs/workbench/api/node/extensionHostProcess.js:176:10459)
	at MessagePortMain.<anonymous> (/usr/share/code/resources/app/out/vs/workbench/api/node/extensionHostProcess.js:176:6675)
	at MessagePortMain.emit (node:events:514:28)
	at MessagePortMain._internalPort.emit (node:electron/js2c/utility_init:2:2285) setContext undefined
2024-06-22 15:41:12.393 [error] Canceled: Canceled
	at Object.S [as $6] (/usr/share/code/resources/app/out/vs/workbench/api/node/extensionHostProcess.js:10:967)
	at /usr/share/code/resources/app/out/vs/workbench/api/node/extensionHostProcess.js:150:2390
	at Array.forEach (<anonymous>)
	at E.dispose (/usr/share/code/resources/app/out/vs/workbench/api/node/extensionHostProcess.js:150:2328)
	at u.terminate (/usr/share/code/resources/app/out/vs/workbench/api/node/extensionHostProcess.js:159:8103)
	at f.terminate (/usr/share/code/resources/app/out/vs/workbench/api/node/extensionHostProcess.js:163:1513)
	at t (/usr/share/code/resources/app/out/vs/workbench/api/node/extensionHostProcess.js:176:10459)
	at MessagePortMain.<anonymous> (/usr/share/code/resources/app/out/vs/workbench/api/node/extensionHostProcess.js:176:6675)
	at MessagePortMain.emit (node:events:514:28)
	at MessagePortMain._internalPort.emit (node:electron/js2c/utility_init:2:2285) setContext undefined
2024-06-22 15:41:12.393 [error] Canceled: Canceled
	at Object.S [as $6] (/usr/share/code/resources/app/out/vs/workbench/api/node/extensionHostProcess.js:10:967)
	at /usr/share/code/resources/app/out/vs/workbench/api/node/extensionHostProcess.js:150:2390
	at Array.forEach (<anonymous>)
	at E.dispose (/usr/share/code/resources/app/out/vs/workbench/api/node/extensionHostProcess.js:150:2328)
	at u.terminate (/usr/share/code/resources/app/out/vs/workbench/api/node/extensionHostProcess.js:159:8103)
	at f.terminate (/usr/share/code/resources/app/out/vs/workbench/api/node/extensionHostProcess.js:163:1513)
	at t (/usr/share/code/resources/app/out/vs/workbench/api/node/extensionHostProcess.js:176:10459)
	at MessagePortMain.<anonymous> (/usr/share/code/resources/app/out/vs/workbench/api/node/extensionHostProcess.js:176:6675)
	at MessagePortMain.emit (node:events:514:28)
	at MessagePortMain._internalPort.emit (node:electron/js2c/utility_init:2:2285) setContext undefined
2024-06-22 15:41:12.394 [error] Canceled: Canceled
	at Object.S [as $6] (/usr/share/code/resources/app/out/vs/workbench/api/node/extensionHostProcess.js:10:967)
	at /usr/share/code/resources/app/out/vs/workbench/api/node/extensionHostProcess.js:150:2390
	at Array.forEach (<anonymous>)
	at E.dispose (/usr/share/code/resources/app/out/vs/workbench/api/node/extensionHostProcess.js:150:2328)
	at u.terminate (/usr/share/code/resources/app/out/vs/workbench/api/node/extensionHostProcess.js:159:8103)
	at f.terminate (/usr/share/code/resources/app/out/vs/workbench/api/node/extensionHostProcess.js:163:1513)
	at t (/usr/share/code/resources/app/out/vs/workbench/api/node/extensionHostProcess.js:176:10459)
	at MessagePortMain.<anonymous> (/usr/share/code/resources/app/out/vs/workbench/api/node/extensionHostProcess.js:176:6675)
	at MessagePortMain.emit (node:events:514:28)
	at MessagePortMain._internalPort.emit (node:electron/js2c/utility_init:2:2285) setContext undefined
2024-06-22 15:41:12.426 [error] Canceled: Canceled
	at Object.S [as $6] (/usr/share/code/resources/app/out/vs/workbench/api/node/extensionHostProcess.js:10:967)
	at /usr/share/code/resources/app/out/vs/workbench/api/node/extensionHostProcess.js:150:2390
	at Array.forEach (<anonymous>)
	at E.dispose (/usr/share/code/resources/app/out/vs/workbench/api/node/extensionHostProcess.js:150:2328)
	at u.terminate (/usr/share/code/resources/app/out/vs/workbench/api/node/extensionHostProcess.js:159:8103)
	at f.terminate (/usr/share/code/resources/app/out/vs/workbench/api/node/extensionHostProcess.js:163:1513)
	at t (/usr/share/code/resources/app/out/vs/workbench/api/node/extensionHostProcess.js:176:10459)
	at MessagePortMain.<anonymous> (/usr/share/code/resources/app/out/vs/workbench/api/node/extensionHostProcess.js:176:6675)
	at MessagePortMain.emit (node:events:514:28)
	at MessagePortMain._internalPort.emit (node:electron/js2c/utility_init:2:2285) setContext undefined
2024-06-22 15:41:12.435 [error] Canceled: Canceled
	at Object.S [as $6] (/usr/share/code/resources/app/out/vs/workbench/api/node/extensionHostProcess.js:10:967)
	at /usr/share/code/resources/app/out/vs/workbench/api/node/extensionHostProcess.js:150:2390
	at Array.forEach (<anonymous>)
	at E.dispose (/usr/share/code/resources/app/out/vs/workbench/api/node/extensionHostProcess.js:150:2328)
	at u.terminate (/usr/share/code/resources/app/out/vs/workbench/api/node/extensionHostProcess.js:159:8103)
	at f.terminate (/usr/share/code/resources/app/out/vs/workbench/api/node/extensionHostProcess.js:163:1513)
	at t (/usr/share/code/resources/app/out/vs/workbench/api/node/extensionHostProcess.js:176:10459)
	at MessagePortMain.<anonymous> (/usr/share/code/resources/app/out/vs/workbench/api/node/extensionHostProcess.js:176:6675)
	at MessagePortMain.emit (node:events:514:28)
	at MessagePortMain._internalPort.emit (node:electron/js2c/utility_init:2:2285) setContext undefined
2024-06-22 15:41:12.443 [error] Canceled: Canceled
	at Object.S [as $6] (/usr/share/code/resources/app/out/vs/workbench/api/node/extensionHostProcess.js:10:967)
	at /usr/share/code/resources/app/out/vs/workbench/api/node/extensionHostProcess.js:150:2390
	at Array.forEach (<anonymous>)
	at E.dispose (/usr/share/code/resources/app/out/vs/workbench/api/node/extensionHostProcess.js:150:2328)
	at u.terminate (/usr/share/code/resources/app/out/vs/workbench/api/node/extensionHostProcess.js:159:8103)
	at f.terminate (/usr/share/code/resources/app/out/vs/workbench/api/node/extensionHostProcess.js:163:1513)
	at t (/usr/share/code/resources/app/out/vs/workbench/api/node/extensionHostProcess.js:176:10459)
	at MessagePortMain.<anonymous> (/usr/share/code/resources/app/out/vs/workbench/api/node/extensionHostProcess.js:176:6675)
	at MessagePortMain.emit (node:events:514:28)
	at MessagePortMain._internalPort.emit (node:electron/js2c/utility_init:2:2285) setContext undefined
2024-06-22 15:41:12.487 [error] Canceled: Canceled
	at new A (/usr/share/code/resources/app/out/vs/workbench/api/node/extensionHostProcess.js:143:50615)
	at E.U (/usr/share/code/resources/app/out/vs/workbench/api/node/extensionHostProcess.js:150:6007)
	at z.<computed>.M.charCodeAt.R.CharCode.DollarSign.z.<computed> (/usr/share/code/resources/app/out/vs/workbench/api/node/extensionHostProcess.js:150:3091)
	at h.g (/usr/share/code/resources/app/out/vs/workbench/api/node/extensionHostProcess.js:153:199937)
	at h.executeCommand (/usr/share/code/resources/app/out/vs/workbench/api/node/extensionHostProcess.js:153:199375)
	at I.registerCommand.description (/usr/share/code/resources/app/out/vs/workbench/api/node/extensionHostProcess.js:153:198699)
	at h (/usr/share/code/resources/app/out/vs/workbench/api/node/extensionHostProcess.js:153:200476)
	at h.g (/usr/share/code/resources/app/out/vs/workbench/api/node/extensionHostProcess.js:153:199468)
	at h.executeCommand (/usr/share/code/resources/app/out/vs/workbench/api/node/extensionHostProcess.js:153:199375)
	at Object.executeCommand (/usr/share/code/resources/app/out/vs/workbench/api/node/extensionHostProcess.js:163:22742)
	at n.O [as value] (/usr/share/code/resources/app/extensions/git/dist/main.js:2:945191)
	at l.y (/usr/share/code/resources/app/out/vs/workbench/api/node/extensionHostProcess.js:82:664)
	at l.z (/usr/share/code/resources/app/out/vs/workbench/api/node/extensionHostProcess.js:82:734)
	at l.fire (/usr/share/code/resources/app/out/vs/workbench/api/node/extensionHostProcess.js:82:950)
	at Object.p [as dispose] (/usr/share/code/resources/app/extensions/git/dist/main.js:2:964275)
	at /usr/share/code/resources/app/extensions/git/dist/main.js:2:970313
	at Array.forEach (<anonymous>)
	at f.dispose (/usr/share/code/resources/app/extensions/git/dist/main.js:2:970299)
	at a.<anonymous> (/usr/share/code/resources/app/out/vs/workbench/api/node/extensionHostProcess.js:151:4032)
	at a.dispose (/usr/share/code/resources/app/out/vs/workbench/api/node/extensionHostProcess.js:151:4129)
	at a.<anonymous> (/usr/share/code/resources/app/extensions/git/dist/main.js:2:947448)
	at a.dispose (/usr/share/code/resources/app/out/vs/workbench/api/node/extensionHostProcess.js:151:4129)
	at f (/usr/share/code/resources/app/out/vs/workbench/api/node/extensionHostProcess.js:30:744)
	at u.eb (/usr/share/code/resources/app/out/vs/workbench/api/node/extensionHostProcess.js:159:9991)
	at /usr/share/code/resources/app/out/vs/workbench/api/node/extensionHostProcess.js:159:7867
	at Array.map (<anonymous>)
	at u.$ (/usr/share/code/resources/app/out/vs/workbench/api/node/extensionHostProcess.js:159:7854)
	at u.terminate (/usr/share/code/resources/app/out/vs/workbench/api/node/extensionHostProcess.js:159:8127)
	at f.terminate (/usr/share/code/resources/app/out/vs/workbench/api/node/extensionHostProcess.js:163:1513)
	at t (/usr/share/code/resources/app/out/vs/workbench/api/node/extensionHostProcess.js:176:10459)
	at MessagePortMain.<anonymous> (/usr/share/code/resources/app/out/vs/workbench/api/node/extensionHostProcess.js:176:6675)
	at MessagePortMain.emit (node:events:514:28)
	at MessagePortMain._internalPort.emit (node:electron/js2c/utility_init:2:2285) setContext undefined
2024-06-22 15:41:12.488 [error] Canceled: Canceled
	at new A (/usr/share/code/resources/app/out/vs/workbench/api/node/extensionHostProcess.js:143:50615)
	at E.U (/usr/share/code/resources/app/out/vs/workbench/api/node/extensionHostProcess.js:150:6007)
	at z.<computed>.M.charCodeAt.R.CharCode.DollarSign.z.<computed> (/usr/share/code/resources/app/out/vs/workbench/api/node/extensionHostProcess.js:150:3091)
	at h.g (/usr/share/code/resources/app/out/vs/workbench/api/node/extensionHostProcess.js:153:199937)
	at h.executeCommand (/usr/share/code/resources/app/out/vs/workbench/api/node/extensionHostProcess.js:153:199375)
	at I.registerCommand.description (/usr/share/code/resources/app/out/vs/workbench/api/node/extensionHostProcess.js:153:198699)
	at h (/usr/share/code/resources/app/out/vs/workbench/api/node/extensionHostProcess.js:153:200476)
	at h.g (/usr/share/code/resources/app/out/vs/workbench/api/node/extensionHostProcess.js:153:199468)
	at h.executeCommand (/usr/share/code/resources/app/out/vs/workbench/api/node/extensionHostProcess.js:153:199375)
	at Object.executeCommand (/usr/share/code/resources/app/out/vs/workbench/api/node/extensionHostProcess.js:163:22742)
	at n.O [as value] (/usr/share/code/resources/app/extensions/git/dist/main.js:2:945191)
	at l.y (/usr/share/code/resources/app/out/vs/workbench/api/node/extensionHostProcess.js:82:664)
	at l.z (/usr/share/code/resources/app/out/vs/workbench/api/node/extensionHostProcess.js:82:734)
	at l.fire (/usr/share/code/resources/app/out/vs/workbench/api/node/extensionHostProcess.js:82:950)
	at Object.p [as dispose] (/usr/share/code/resources/app/extensions/git/dist/main.js:2:964275)
	at /usr/share/code/resources/app/extensions/git/dist/main.js:2:970313
	at Array.forEach (<anonymous>)
	at f.dispose (/usr/share/code/resources/app/extensions/git/dist/main.js:2:970299)
	at a.<anonymous> (/usr/share/code/resources/app/out/vs/workbench/api/node/extensionHostProcess.js:151:4032)
	at a.dispose (/usr/share/code/resources/app/out/vs/workbench/api/node/extensionHostProcess.js:151:4129)
	at a.<anonymous> (/usr/share/code/resources/app/extensions/git/dist/main.js:2:947448)
	at a.dispose (/usr/share/code/resources/app/out/vs/workbench/api/node/extensionHostProcess.js:151:4129)
	at f (/usr/share/code/resources/app/out/vs/workbench/api/node/extensionHostProcess.js:30:744)
	at u.eb (/usr/share/code/resources/app/out/vs/workbench/api/node/extensionHostProcess.js:159:9991)
	at /usr/share/code/resources/app/out/vs/workbench/api/node/extensionHostProcess.js:159:7867
	at Array.map (<anonymous>)
	at u.$ (/usr/share/code/resources/app/out/vs/workbench/api/node/extensionHostProcess.js:159:7854)
	at u.terminate (/usr/share/code/resources/app/out/vs/workbench/api/node/extensionHostProcess.js:159:8127)
	at f.terminate (/usr/share/code/resources/app/out/vs/workbench/api/node/extensionHostProcess.js:163:1513)
	at t (/usr/share/code/resources/app/out/vs/workbench/api/node/extensionHostProcess.js:176:10459)
	at MessagePortMain.<anonymous> (/usr/share/code/resources/app/out/vs/workbench/api/node/extensionHostProcess.js:176:6675)
	at MessagePortMain.emit (node:events:514:28)
	at MessagePortMain._internalPort.emit (node:electron/js2c/utility_init:2:2285) setContext undefined
2024-06-22 15:41:12.520 [error] Canceled: Canceled
	at new A (/usr/share/code/resources/app/out/vs/workbench/api/node/extensionHostProcess.js:143:50615)
	at E.U (/usr/share/code/resources/app/out/vs/workbench/api/node/extensionHostProcess.js:150:6007)
	at z.<computed>.M.charCodeAt.R.CharCode.DollarSign.z.<computed> (/usr/share/code/resources/app/out/vs/workbench/api/node/extensionHostProcess.js:150:3091)
	at h.g (/usr/share/code/resources/app/out/vs/workbench/api/node/extensionHostProcess.js:153:199937)
	at h.executeCommand (/usr/share/code/resources/app/out/vs/workbench/api/node/extensionHostProcess.js:153:199375)
	at I.registerCommand.description (/usr/share/code/resources/app/out/vs/workbench/api/node/extensionHostProcess.js:153:198699)
	at h (/usr/share/code/resources/app/out/vs/workbench/api/node/extensionHostProcess.js:153:200476)
	at h.g (/usr/share/code/resources/app/out/vs/workbench/api/node/extensionHostProcess.js:153:199468)
	at h.executeCommand (/usr/share/code/resources/app/out/vs/workbench/api/node/extensionHostProcess.js:153:199375)
	at Object.executeCommand (/usr/share/code/resources/app/out/vs/workbench/api/node/extensionHostProcess.js:163:22742)
	at set hasGitHubRepositories (/usr/share/code/resources/app/extensions/github/dist/extension.js:2:322969)
	at /usr/share/code/resources/app/extensions/github/dist/extension.js:2:323928
	at n.value (/usr/share/code/resources/app/extensions/git/dist/main.js:2:1050764)
	at l.y (/usr/share/code/resources/app/out/vs/workbench/api/node/extensionHostProcess.js:82:664)
	at l.z (/usr/share/code/resources/app/out/vs/workbench/api/node/extensionHostProcess.js:82:734)
	at l.fire (/usr/share/code/resources/app/out/vs/workbench/api/node/extensionHostProcess.js:82:950)
	at Object.p [as dispose] (/usr/share/code/resources/app/extensions/git/dist/main.js:2:964275)
	at /usr/share/code/resources/app/extensions/git/dist/main.js:2:970313
	at Array.forEach (<anonymous>)
	at f.dispose (/usr/share/code/resources/app/extensions/git/dist/main.js:2:970299)
	at a.<anonymous> (/usr/share/code/resources/app/out/vs/workbench/api/node/extensionHostProcess.js:151:4032)
	at a.dispose (/usr/share/code/resources/app/out/vs/workbench/api/node/extensionHostProcess.js:151:4129)
	at a.<anonymous> (/usr/share/code/resources/app/extensions/git/dist/main.js:2:947448)
	at a.dispose (/usr/share/code/resources/app/out/vs/workbench/api/node/extensionHostProcess.js:151:4129)
	at f (/usr/share/code/resources/app/out/vs/workbench/api/node/extensionHostProcess.js:30:744)
	at u.eb (/usr/share/code/resources/app/out/vs/workbench/api/node/extensionHostProcess.js:159:9991)
	at /usr/share/code/resources/app/out/vs/workbench/api/node/extensionHostProcess.js:159:7867
	at Array.map (<anonymous>)
	at u.$ (/usr/share/code/resources/app/out/vs/workbench/api/node/extensionHostProcess.js:159:7854)
	at u.terminate (/usr/share/code/resources/app/out/vs/workbench/api/node/extensionHostProcess.js:159:8127)
	at f.terminate (/usr/share/code/resources/app/out/vs/workbench/api/node/extensionHostProcess.js:163:1513)
	at t (/usr/share/code/resources/app/out/vs/workbench/api/node/extensionHostProcess.js:176:10459)
	at MessagePortMain.<anonymous> (/usr/share/code/resources/app/out/vs/workbench/api/node/extensionHostProcess.js:176:6675)
	at MessagePortMain.emit (node:events:514:28)
	at MessagePortMain._internalPort.emit (node:electron/js2c/utility_init:2:2285) setContext undefined
2024-06-22 15:41:12.521 [error] Canceled: Canceled
	at new A (/usr/share/code/resources/app/out/vs/workbench/api/node/extensionHostProcess.js:143:50615)
	at E.U (/usr/share/code/resources/app/out/vs/workbench/api/node/extensionHostProcess.js:150:6007)
	at z.<computed>.M.charCodeAt.R.CharCode.DollarSign.z.<computed> (/usr/share/code/resources/app/out/vs/workbench/api/node/extensionHostProcess.js:150:3091)
	at h.g (/usr/share/code/resources/app/out/vs/workbench/api/node/extensionHostProcess.js:153:199937)
	at h.executeCommand (/usr/share/code/resources/app/out/vs/workbench/api/node/extensionHostProcess.js:153:199375)
	at I.registerCommand.description (/usr/share/code/resources/app/out/vs/workbench/api/node/extensionHostProcess.js:153:198699)
	at h (/usr/share/code/resources/app/out/vs/workbench/api/node/extensionHostProcess.js:153:200476)
	at h.g (/usr/share/code/resources/app/out/vs/workbench/api/node/extensionHostProcess.js:153:199468)
	at h.executeCommand (/usr/share/code/resources/app/out/vs/workbench/api/node/extensionHostProcess.js:153:199375)
	at Object.executeCommand (/usr/share/code/resources/app/out/vs/workbench/api/node/extensionHostProcess.js:163:22742)
	at w (/home/blessingwilliam195/.vscode/extensions/eamodio.gitlens-15.1.0/dist/gitlens.js:1453:39714)
	at c (/home/blessingwilliam195/.vscode/extensions/eamodio.gitlens-15.1.0/dist/gitlens.js:1453:44753)
	at ActionRunners._updateContextKeys (/home/blessingwilliam195/.vscode/extensions/eamodio.gitlens-15.1.0/dist/gitlens.js:1099:18425)
	at s (/home/blessingwilliam195/.vscode/extensions/eamodio.gitlens-15.1.0/dist/gitlens.js:1099:16869)
	at RegisteredActionRunner.unregister (/home/blessingwilliam195/.vscode/extensions/eamodio.gitlens-15.1.0/dist/gitlens.js:1099:17012)
	at RegisteredActionRunner.dispose (/home/blessingwilliam195/.vscode/extensions/eamodio.gitlens-15.1.0/dist/gitlens.js:1099:15665)
	at ActionRunners.dispose (/home/blessingwilliam195/.vscode/extensions/eamodio.gitlens-15.1.0/dist/gitlens.js:1099:16452)
	at /home/blessingwilliam195/.vscode/extensions/eamodio.gitlens-15.1.0/dist/gitlens.js:1412:20105
	at Array.forEach (<anonymous>)
	at Object.dispose (/home/blessingwilliam195/.vscode/extensions/eamodio.gitlens-15.1.0/dist/gitlens.js:1412:20087)
	at f (/usr/share/code/resources/app/out/vs/workbench/api/node/extensionHostProcess.js:30:744)
	at u.eb (/usr/share/code/resources/app/out/vs/workbench/api/node/extensionHostProcess.js:159:9991)
	at /usr/share/code/resources/app/out/vs/workbench/api/node/extensionHostProcess.js:159:7867
	at Array.map (<anonymous>)
	at u.$ (/usr/share/code/resources/app/out/vs/workbench/api/node/extensionHostProcess.js:159:7854)
	at u.terminate (/usr/share/code/resources/app/out/vs/workbench/api/node/extensionHostProcess.js:159:8127)
	at f.terminate (/usr/share/code/resources/app/out/vs/workbench/api/node/extensionHostProcess.js:163:1513)
	at t (/usr/share/code/resources/app/out/vs/workbench/api/node/extensionHostProcess.js:176:10459)
	at MessagePortMain.<anonymous> (/usr/share/code/resources/app/out/vs/workbench/api/node/extensionHostProcess.js:176:6675)
	at MessagePortMain.emit (node:events:514:28)
	at MessagePortMain._internalPort.emit (node:electron/js2c/utility_init:2:2285) setContext undefined
2024-06-22 15:41:12.522 [error] Canceled: Canceled
	at new A (/usr/share/code/resources/app/out/vs/workbench/api/node/extensionHostProcess.js:143:50615)
	at E.U (/usr/share/code/resources/app/out/vs/workbench/api/node/extensionHostProcess.js:150:6007)
	at z.<computed>.M.charCodeAt.R.CharCode.DollarSign.z.<computed> (/usr/share/code/resources/app/out/vs/workbench/api/node/extensionHostProcess.js:150:3091)
	at h.g (/usr/share/code/resources/app/out/vs/workbench/api/node/extensionHostProcess.js:153:199937)
	at h.executeCommand (/usr/share/code/resources/app/out/vs/workbench/api/node/extensionHostProcess.js:153:199375)
	at I.registerCommand.description (/usr/share/code/resources/app/out/vs/workbench/api/node/extensionHostProcess.js:153:198699)
	at h (/usr/share/code/resources/app/out/vs/workbench/api/node/extensionHostProcess.js:153:200476)
	at h.g (/usr/share/code/resources/app/out/vs/workbench/api/node/extensionHostProcess.js:153:199468)
	at h.executeCommand (/usr/share/code/resources/app/out/vs/workbench/api/node/extensionHostProcess.js:153:199375)
	at Object.executeCommand (/usr/share/code/resources/app/out/vs/workbench/api/node/extensionHostProcess.js:163:22742)
	at w (/home/blessingwilliam195/.vscode/extensions/eamodio.gitlens-15.1.0/dist/gitlens.js:1453:39714)
	at c (/home/blessingwilliam195/.vscode/extensions/eamodio.gitlens-15.1.0/dist/gitlens.js:1453:44753)
	at ActionRunners._updateContextKeys (/home/blessingwilliam195/.vscode/extensions/eamodio.gitlens-15.1.0/dist/gitlens.js:1099:18425)
	at s (/home/blessingwilliam195/.vscode/extensions/eamodio.gitlens-15.1.0/dist/gitlens.js:1099:16869)
	at RegisteredActionRunner.unregister (/home/blessingwilliam195/.vscode/extensions/eamodio.gitlens-15.1.0/dist/gitlens.js:1099:17012)
	at RegisteredActionRunner.dispose (/home/blessingwilliam195/.vscode/extensions/eamodio.gitlens-15.1.0/dist/gitlens.js:1099:15665)
	at ActionRunners.dispose (/home/blessingwilliam195/.vscode/extensions/eamodio.gitlens-15.1.0/dist/gitlens.js:1099:16452)
	at /home/blessingwilliam195/.vscode/extensions/eamodio.gitlens-15.1.0/dist/gitlens.js:1412:20105
	at Array.forEach (<anonymous>)
	at Object.dispose (/home/blessingwilliam195/.vscode/extensions/eamodio.gitlens-15.1.0/dist/gitlens.js:1412:20087)
	at f (/usr/share/code/resources/app/out/vs/workbench/api/node/extensionHostProcess.js:30:744)
	at u.eb (/usr/share/code/resources/app/out/vs/workbench/api/node/extensionHostProcess.js:159:9991)
	at /usr/share/code/resources/app/out/vs/workbench/api/node/extensionHostProcess.js:159:7867
	at Array.map (<anonymous>)
	at u.$ (/usr/share/code/resources/app/out/vs/workbench/api/node/extensionHostProcess.js:159:7854)
	at u.terminate (/usr/share/code/resources/app/out/vs/workbench/api/node/extensionHostProcess.js:159:8127)
	at f.terminate (/usr/share/code/resources/app/out/vs/workbench/api/node/extensionHostProcess.js:163:1513)
	at t (/usr/share/code/resources/app/out/vs/workbench/api/node/extensionHostProcess.js:176:10459)
	at MessagePortMain.<anonymous> (/usr/share/code/resources/app/out/vs/workbench/api/node/extensionHostProcess.js:176:6675)
	at MessagePortMain.emit (node:events:514:28)
	at MessagePortMain._internalPort.emit (node:electron/js2c/utility_init:2:2285) setContext undefined
2024-06-22 15:41:12.523 [error] Canceled: Canceled
	at new A (/usr/share/code/resources/app/out/vs/workbench/api/node/extensionHostProcess.js:143:50615)
	at E.U (/usr/share/code/resources/app/out/vs/workbench/api/node/extensionHostProcess.js:150:6007)
	at z.<computed>.M.charCodeAt.R.CharCode.DollarSign.z.<computed> (/usr/share/code/resources/app/out/vs/workbench/api/node/extensionHostProcess.js:150:3091)
	at h.g (/usr/share/code/resources/app/out/vs/workbench/api/node/extensionHostProcess.js:153:199937)
	at h.executeCommand (/usr/share/code/resources/app/out/vs/workbench/api/node/extensionHostProcess.js:153:199375)
	at I.registerCommand.description (/usr/share/code/resources/app/out/vs/workbench/api/node/extensionHostProcess.js:153:198699)
	at h (/usr/share/code/resources/app/out/vs/workbench/api/node/extensionHostProcess.js:153:200476)
	at h.g (/usr/share/code/resources/app/out/vs/workbench/api/node/extensionHostProcess.js:153:199468)
	at h.executeCommand (/usr/share/code/resources/app/out/vs/workbench/api/node/extensionHostProcess.js:153:199375)
	at Object.executeCommand (/usr/share/code/resources/app/out/vs/workbench/api/node/extensionHostProcess.js:163:22742)
	at w (/home/blessingwilliam195/.vscode/extensions/eamodio.gitlens-15.1.0/dist/gitlens.js:1453:39714)
	at c (/home/blessingwilliam195/.vscode/extensions/eamodio.gitlens-15.1.0/dist/gitlens.js:1453:44753)
	at ActionRunners._updateContextKeys (/home/blessingwilliam195/.vscode/extensions/eamodio.gitlens-15.1.0/dist/gitlens.js:1099:18425)
	at s (/home/blessingwilliam195/.vscode/extensions/eamodio.gitlens-15.1.0/dist/gitlens.js:1099:16869)
	at RegisteredActionRunner.unregister (/home/blessingwilliam195/.vscode/extensions/eamodio.gitlens-15.1.0/dist/gitlens.js:1099:17012)
	at RegisteredActionRunner.dispose (/home/blessingwilliam195/.vscode/extensions/eamodio.gitlens-15.1.0/dist/gitlens.js:1099:15665)
	at ActionRunners.dispose (/home/blessingwilliam195/.vscode/extensions/eamodio.gitlens-15.1.0/dist/gitlens.js:1099:16452)
	at /home/blessingwilliam195/.vscode/extensions/eamodio.gitlens-15.1.0/dist/gitlens.js:1412:20105
	at Array.forEach (<anonymous>)
	at Object.dispose (/home/blessingwilliam195/.vscode/extensions/eamodio.gitlens-15.1.0/dist/gitlens.js:1412:20087)
	at f (/usr/share/code/resources/app/out/vs/workbench/api/node/extensionHostProcess.js:30:744)
	at u.eb (/usr/share/code/resources/app/out/vs/workbench/api/node/extensionHostProcess.js:159:9991)
	at /usr/share/code/resources/app/out/vs/workbench/api/node/extensionHostProcess.js:159:7867
	at Array.map (<anonymous>)
	at u.$ (/usr/share/code/resources/app/out/vs/workbench/api/node/extensionHostProcess.js:159:7854)
	at u.terminate (/usr/share/code/resources/app/out/vs/workbench/api/node/extensionHostProcess.js:159:8127)
	at f.terminate (/usr/share/code/resources/app/out/vs/workbench/api/node/extensionHostProcess.js:163:1513)
	at t (/usr/share/code/resources/app/out/vs/workbench/api/node/extensionHostProcess.js:176:10459)
	at MessagePortMain.<anonymous> (/usr/share/code/resources/app/out/vs/workbench/api/node/extensionHostProcess.js:176:6675)
	at MessagePortMain.emit (node:events:514:28)
	at MessagePortMain._internalPort.emit (node:electron/js2c/utility_init:2:2285) setContext undefined
2024-06-22 15:41:13.500 [error] Error: ENOENT: no such file or directory, open '/home/blessingwilliam195/.config/Code/User/globalStorage/vscodevim.vim/.registers'
2024-06-22 15:41:13.548 [info] Extension host with pid 5697 exiting with code 0
