2024-06-22 12:54:36.040 [info] Started local extension host with pid 500.
2024-06-22 12:55:06.581 [error] ENOENT: no such file or directory, open '/home/blessingwilliam195/.config/Code/User/globalStorage/vscodevim.vim/.registers': Error: ENOENT: no such file or directory, open '/home/blessingwilliam195/.config/Code/User/globalStorage/vscodevim.vim/.registers'
2024-06-22 12:55:11.324 [warning] Creation of workbench contribution 'workbench.contrib.configurationMigration' took 105ms.
2024-06-22 12:55:11.331 [info] [perf] Render performance baseline is 435ms
2024-06-22 13:01:43.863 [error] [Extension Host] Received response message without id. No further error information provided.
2024-06-22 13:15:53.838 [info] Settings Sync: Updating due to change in sessions
2024-06-22 13:15:53.852 [info] Settings Sync: Updating due to change in sessions
2024-06-22 13:52:14.579 [error] [Extension Host] (node:500) [DEP0005] DeprecationWarning: Buffer() is deprecated due to security and usability issues. Please use the Buffer.alloc(), Buffer.allocUnsafe(), or Buffer.from() methods instead.
(Use `exe --trace-deprecation ...` to show where the warning was created)
2024-06-22 13:52:39.750 [info] Started local extension host with pid 5697.
2024-06-22 13:52:57.783 [error] ENOENT: no such file or directory, open '/home/blessingwilliam195/.config/Code/User/globalStorage/vscodevim.vim/.registers': Error: ENOENT: no such file or directory, open '/home/blessingwilliam195/.config/Code/User/globalStorage/vscodevim.vim/.registers'
2024-06-22 13:53:08.786 [warning] Creation of workbench contribution 'workbench.contrib.configurationMigration' took 200ms.
2024-06-22 13:53:08.793 [info] [perf] Render performance baseline is 650ms
2024-06-22 13:56:21.836 [warning] [File Watcher (node.js)] Watcher shutdown because watched path got deleted
2024-06-22 13:56:22.415 [warning] [File Watcher (parcel)] Watcher shutdown because watched path got deleted (path: /home/blessingwilliam195/url handler/vscode-handler)
2024-06-22 13:56:23.269 [error] [Extension Host] Error: spawn git ENOENT
	at ChildProcess._handle.onexit (node:internal/child_process:286:19)
	at onErrorNT (node:internal/child_process:484:16)
	at process.processTicksAndRejections (node:internal/process/task_queues:82:21)
2024-06-22 13:56:23.293 [error] [Extension Host] Error: Unexpected SIGPIPE
	at process.<anonymous> (/usr/share/code/resources/app/out/bootstrap.js:1:471)
	at process.emit (node:events:514:28)
2024-06-22 13:56:24.274 [error] spawn git ENOENT: Error: spawn git ENOENT
	at ChildProcess._handle.onexit (node:internal/child_process:286:19)
	at onErrorNT (node:internal/child_process:484:16)
	at process.processTicksAndRejections (node:internal/process/task_queues:82:21)
2024-06-22 13:58:46.825 [error] Error: The editor could not be opened because the file was not found.
    at N.gc (vscode-file://vscode-app/usr/share/code/resources/app/out/vs/workbench/workbench.desktop.main.js:2187:30582)
    at async N.setInput (vscode-file://vscode-app/usr/share/code/resources/app/out/vs/workbench/workbench.desktop.main.js:2187:29461)
    at async s.S (vscode-file://vscode-app/usr/share/code/resources/app/out/vs/workbench/workbench.desktop.main.js:2185:24630)
    at async s.L (vscode-file://vscode-app/usr/share/code/resources/app/out/vs/workbench/workbench.desktop.main.js:2185:23157)
    at async s.openEditor (vscode-file://vscode-app/usr/share/code/resources/app/out/vs/workbench/workbench.desktop.main.js:2185:22146)
    at async vscode-file://vscode-app/usr/share/code/resources/app/out/vs/workbench/workbench.desktop.main.js:2313:26784
    at async u.value (vscode-file://vscode-app/usr/share/code/resources/app/out/vs/workbench/workbench.desktop.main.js:2366:49003)
