2024-06-22 12:54:30.148 [info] Added views:workbench.panel.markers.view in workbench.panel.markers
2024-06-22 12:54:30.148 [info] Added views:workbench.panel.output in workbench.panel.output
2024-06-22 12:54:30.148 [info] Added views:terminal in terminal
2024-06-22 12:54:30.148 [info] Added views:outline in workbench.view.explorer
2024-06-22 12:54:30.148 [info] Added views:workbench.scm in workbench.view.scm
2024-06-22 12:54:30.148 [info] Added views:workbench.view.search in workbench.view.search
2024-06-22 12:54:30.148 [info] Added views:timeline in workbench.view.explorer
2024-06-22 12:54:30.148 [info] Added views:workbench.explorer.emptyView in workbench.view.explorer
2024-06-22 12:54:35.536 [info] Added views:workbench.debug.welcome in workbench.view.debug
2024-06-22 12:54:49.816 [info] Added views:gitlens.views.home,gitlens.views.workspaces,gitlens.views.account in workbench.view.extension.gitlens
2024-06-22 12:54:49.832 [info] Added views:gitlens.views.commitDetails,gitlens.views.lineHistory,gitlens.views.fileHistory,gitlens.views.searchAndCompare in workbench.view.extension.gitlensInspect
2024-06-22 12:54:49.846 [info] Added views:gitlens.views.commits,gitlens.views.branches,gitlens.views.remotes,gitlens.views.stashes,gitlens.views.tags,gitlens.views.contributors in workbench.view.scm
2024-06-22 12:54:53.151 [info] Added views:workbench.panel.repl.view in workbench.panel.repl
2024-06-22 12:55:03.994 [info] Removed views:gitlens.views.searchAndCompare,gitlens.views.fileHistory,gitlens.views.lineHistory,gitlens.views.commitDetails from workbench.view.extension.gitlensInspect
2024-06-22 12:55:04.024 [info] Removed views:gitlens.views.contributors,gitlens.views.tags,gitlens.views.stashes,gitlens.views.remotes,gitlens.views.branches,gitlens.views.commits from workbench.view.scm
2024-06-22 12:55:06.037 [info] Added views:gitlens.views.drafts in workbench.view.extension.gitlens
2024-06-22 12:55:09.226 [info] Added views:~remote.forwardedPorts in ~remote.forwardedPortsContainer
2024-06-22 13:01:00.496 [info] Added views:workbench.view.testing in workbench.view.extension.test
2024-06-22 13:52:24.951 [info] Removed views:workbench.view.testing from workbench.view.extension.test
2024-06-22 13:52:38.588 [info] Added views:workbench.panel.markers.view in workbench.panel.markers
2024-06-22 13:52:38.588 [info] Added views:workbench.panel.output in workbench.panel.output
2024-06-22 13:52:38.588 [info] Added views:terminal in terminal
2024-06-22 13:52:38.588 [info] Added views:outline in workbench.view.explorer
2024-06-22 13:52:38.588 [info] Added views:workbench.scm in workbench.view.scm
2024-06-22 13:52:38.588 [info] Added views:workbench.view.search in workbench.view.search
2024-06-22 13:52:38.588 [info] Added views:timeline in workbench.view.explorer
2024-06-22 13:52:38.588 [info] Added views:workbench.explorer.fileView in workbench.view.explorer
2024-06-22 13:52:41.755 [info] Added views:gitlens.views.home,gitlens.views.workspaces,gitlens.views.account in workbench.view.extension.gitlens
2024-06-22 13:52:41.780 [info] Added views:gitlens.views.commitDetails,gitlens.views.lineHistory,gitlens.views.fileHistory,gitlens.views.searchAndCompare in workbench.view.extension.gitlensInspect
2024-06-22 13:52:41.785 [info] Added views:gitlens.views.commits,gitlens.views.branches,gitlens.views.remotes,gitlens.views.stashes,gitlens.views.tags,gitlens.views.contributors in workbench.view.scm
2024-06-22 13:52:46.078 [info] Added views:workbench.debug.variablesView,workbench.debug.watchExpressionsView,workbench.debug.callStackView,workbench.debug.breakPointsView in workbench.view.debug
2024-06-22 13:52:47.778 [info] Added views:workbench.panel.repl.view in workbench.panel.repl
2024-06-22 13:52:47.786 [info] Removed views:workbench.debug.breakPointsView,workbench.debug.callStackView,workbench.debug.watchExpressionsView,workbench.debug.variablesView from workbench.view.debug
2024-06-22 13:52:47.809 [info] Added views:workbench.debug.welcome in workbench.view.debug
2024-06-22 13:52:54.655 [info] Removed views:gitlens.views.workspaces from workbench.view.extension.gitlens
2024-06-22 13:52:54.701 [info] Removed views:gitlens.views.searchAndCompare,gitlens.views.fileHistory,gitlens.views.lineHistory,gitlens.views.commitDetails from workbench.view.extension.gitlensInspect
2024-06-22 13:52:54.760 [info] Removed views:gitlens.views.contributors,gitlens.views.tags,gitlens.views.stashes,gitlens.views.remotes,gitlens.views.branches,gitlens.views.commits from workbench.view.scm
2024-06-22 13:52:58.954 [info] Added views:~remote.forwardedPorts in ~remote.forwardedPortsContainer
2024-06-22 13:53:13.715 [info] Added views:gitlens.views.drafts,gitlens.views.workspaces in workbench.view.extension.gitlens
2024-06-22 13:53:13.865 [info] Added views:gitlens.views.graph,gitlens.views.graphDetails in workbench.view.extension.gitlensPanel
2024-06-22 13:53:13.910 [info] Added views:gitlens.views.commitDetails,gitlens.views.lineHistory,gitlens.views.fileHistory,gitlens.views.timeline,gitlens.views.searchAndCompare in workbench.view.extension.gitlensInspect
2024-06-22 13:53:13.916 [info] Added views:gitlens.views.commits,gitlens.views.branches,gitlens.views.remotes,gitlens.views.stashes,gitlens.views.tags,gitlens.views.worktrees,gitlens.views.contributors in workbench.view.scm
